<?xml version="1.0" encoding="UTF-8"?>
<testsuites name="User" time="342" tests="6" failures="4" errors="0">
   <testsuite name="User" tests="6" failures="4" errors="0" time="342" timestamp="2018-08-01 09:13:59" hostname="DGlenn - MUSES-David.local.niirs10.com" id="Test Suites/User">
      <properties>
         <property name="deviceName" value=""/>
         <property name="devicePlatform" value=""/>
         <property name="logFolder" value="D:\\ATPS\\ESPATP\\Reports\\User\\20180801_091353"/>
         <property name="logFiles" value="D:\\ATPS\\ESPATP\\Reports\\User\\20180801_091353\\execution0.log"/>
         <property name="attachments" value="D:\\ATPS\\ESPATP\\Reports\\User\\20180801_091353\\1533132867027.png, D:\\ATPS\\ESPATP\\Reports\\User\\20180801_091353\\1533132868677.png, D:\\ATPS\\ESPATP\\Reports\\User\\20180801_091353\\1533132935723.png, D:\\ATPS\\ESPATP\\Reports\\User\\20180801_091353\\1533132957393.png, D:\\ATPS\\ESPATP\\Reports\\User\\20180801_091353\\1533132975282.png, D:\\ATPS\\ESPATP\\Reports\\User\\20180801_091353\\1533132975969.png, D:\\ATPS\\ESPATP\\Reports\\User\\20180801_091353\\1533132993282.png, D:\\ATPS\\ESPATP\\Reports\\User\\20180801_091353\\1533133026268.png, D:\\ATPS\\ESPATP\\Reports\\User\\20180801_091353\\1533133030111.png, D:\\ATPS\\ESPATP\\Reports\\User\\20180801_091353\\1533133061940.png, C:\\Users\\dglenn\\AppData\\Local\\Temp\\miamilidar.png, D:\\ATPS\\ESPATP\\Reports\\User\\20180801_091353\\1533133117245.png, D:\\ATPS\\ESPATP\\Reports\\User\\20180801_091353\\1533133118118.png, D:\\ATPS\\ESPATP\\Reports\\User\\20180801_091353\\1533133158085.png, D:\\ATPS\\ESPATP\\Reports\\User\\20180801_091353\\1533133158975.png"/>
         <property name="hostName" value="DGlenn - MUSES-David.local.niirs10.com"/>
         <property name="os" value="Windows 10 64bit"/>
         <property name="katalonVersion" value="5.4.2.1"/>
         <property name="browser" value="Chrome 67.0.3396.99"/>
         <property name="hostAddress" value="192.168.56.1"/>
         <property name="sessionId" value="20b6500c1fb940680a3fb11d27f8b1dc"/>
         <property name="seleniumVersion" value="3.7.1"/>
         <property name="proxyInformation" value="ProxyInformation{proxyOption=NO_PROXY, proxyServerType=HTTP, password=, proxyServerAddress=, proxyServerPort=0}"/>
         <property name="platform" value="Windows 10"/>
      </properties>
      <testcase name="Test Cases/Landsat8AndNAIPOrder" classname="Test Cases/Landsat8AndNAIPOrder" status="PASSED">
         <system-out><![CDATA[2018-08-01 09:14:00 - [TEST_CASE][PASSED] - Test Cases/Landsat8AndNAIPOrder: Test Cases/Landsat8AndNAIPOrder

2018-08-01 09:14:00 - [TEST_STEP][PASSED] - callTestCase: Call Test Case 'Test Cases/Utilities/LogMeIn' successfully

2018-08-01 09:14:00 - [TEST_CASE][PASSED] - Test Cases/Utilities/LogMeIn: Test Cases/Utilities/LogMeIn

2018-08-01 09:14:00 - [TEST_STEP][PASSED] - Statement - envData = com.kms.katalon.core.testdata.TestDataFactory.findTestData(LoginData): Reading excel file with source file 'D:\ATPS\TestData\logins.xlsx' and sheet name 'Test1'

2018-08-01 09:14:01 - [TEST_STEP][PASSED] - Statement - rowNdx = 1: null

2018-08-01 09:14:01 - [TEST_STEP][PASSED] - Statement - If (Role == "Company Admin"): null

2018-08-01 09:14:01 - [TEST_STEP][PASSED] - Statement - Else If (Role == "User"): null

2018-08-01 09:14:01 - [TEST_STEP][PASSED] - Statement - rowNdx == 2: null

2018-08-01 09:14:01 - [TEST_STEP][PASSED] - Statement - User = envData.getValue(2, rowNdx): null

2018-08-01 09:14:01 - [TEST_STEP][PASSED] - Statement - pwd = envData.getValue(3, rowNdx): null

2018-08-01 09:14:01 - [TEST_STEP][PASSED] - Statement - ScreenShotFile = envData.getValue(4, rowNdx): null

2018-08-01 09:14:01 - [TEST_STEP][PASSED] - Statement - theSite = GeoCueCompanySite: null

2018-08-01 09:14:01 - [TEST_STEP][PASSED] - Statement - If (Company != null): null

2018-08-01 09:14:01 - [TEST_STEP][PASSED] - Statement - theSite = theSite.replace("geocue", Company): null

2018-08-01 09:14:01 - [TEST_STEP][PASSED] - openBrowser: Browser is opened with url: 'http://dev.localhost:38251'

2018-08-01 09:14:05 - [MESSAGE][PASSED] - Browser is opened with url: 'http://dev.localhost:38251'

2018-08-01 09:14:05 - [TEST_STEP][PASSED] - maximizeWindow: Current window maximized

2018-08-01 09:14:06 - [MESSAGE][PASSED] - Current window maximized

2018-08-01 09:14:06 - [TEST_STEP][PASSED] - setText: Text 'dglenn@geocue.com' is set on object 'Object Repository/Catalog/input_Email'

2018-08-01 09:14:06 - [MESSAGE][PASSED] - Text 'dglenn@geocue.com' is set on object 'Object Repository/Catalog/input_Email'

2018-08-01 09:14:06 - [TEST_STEP][PASSED] - setText: Text 'David123!' is set on object 'Object Repository/Catalog/input_Password'

2018-08-01 09:14:07 - [MESSAGE][PASSED] - Text 'David123!' is set on object 'Object Repository/Catalog/input_Password'

2018-08-01 09:14:07 - [TEST_STEP][PASSED] - click: Object: 'Object Repository/Catalog/Signin_Button' is clicked on

2018-08-01 09:14:11 - [MESSAGE][PASSED] - Object: 'Object Repository/Catalog/Signin_Button' is clicked on

2018-08-01 09:14:11 - [TEST_STEP][PASSED] - waitForElementNotPresent: Web element with id: 'Object Repository/LoadingMask' located by 'By.xpath: //div[@class='loading-mask']' is not present after '15' second(s)

2018-08-01 09:14:11 - [MESSAGE][WARNING] - Timeout '0' is invalid. Using default page load timeout: '15'

2018-08-01 09:14:15 - [MESSAGE][PASSED] - Web element with id: 'Object Repository/LoadingMask' located by 'By.xpath: //div[@class='loading-mask']' is not present after '15' second(s)

2018-08-01 09:14:15 - [TEST_STEP][PASSED] - click: Object: 'Object Repository/Cesium/canvas' is clicked on

2018-08-01 09:14:15 - [MESSAGE][PASSED] - Object: 'Object Repository/Cesium/canvas' is clicked on

2018-08-01 09:14:15 - [TEST_STEP][PASSED] - Statement - return null: null

2018-08-01 09:14:15 - [MESSAGE][PASSED] - Call Test Case 'Test Cases/Utilities/LogMeIn' successfully

2018-08-01 09:14:15 - [TEST_STEP][PASSED] - waitForElementNotPresent: Web element with id: 'Object Repository/LoadingMask' located by 'By.xpath: //div[@class='loading-mask']' is not present after '15' second(s)

2018-08-01 09:14:15 - [MESSAGE][WARNING] - Timeout '0' is invalid. Using default page load timeout: '15'

2018-08-01 09:14:15 - [MESSAGE][PASSED] - Web element with id: 'Object Repository/LoadingMask' located by 'By.xpath: //div[@class='loading-mask']' is not present after '15' second(s)

2018-08-01 09:14:15 - [TEST_STEP][PASSED] - setText: Text 'Birmingham, Al' is set on object 'Object Repository/Cesium/CesiumSearchField'

2018-08-01 09:14:15 - [MESSAGE][PASSED] - Text 'Birmingham, Al' is set on object 'Object Repository/Cesium/CesiumSearchField'

2018-08-01 09:14:15 - [TEST_STEP][PASSED] - click: Object: 'Object Repository/Cesium/CesiumSearchButton' is clicked on

2018-08-01 09:14:15 - [MESSAGE][PASSED] - Object: 'Object Repository/Cesium/CesiumSearchButton' is clicked on

2018-08-01 09:14:15 - [TEST_STEP][PASSED] - waitForElementNotPresent: Web element with id: 'Object Repository/LoadingMask' located by 'By.xpath: //div[@class='loading-mask']' is not present after '15' second(s)

2018-08-01 09:14:15 - [MESSAGE][WARNING] - Timeout '0' is invalid. Using default page load timeout: '15'

2018-08-01 09:14:15 - [MESSAGE][PASSED] - Web element with id: 'Object Repository/LoadingMask' located by 'By.xpath: //div[@class='loading-mask']' is not present after '15' second(s)

2018-08-01 09:14:15 - [TEST_STEP][PASSED] - delay: Delayed 3 second(s)

2018-08-01 09:14:18 - [MESSAGE][PASSED] - Delayed 3 second(s)

2018-08-01 09:14:18 - [TEST_STEP][PASSED] - click: Object: 'Object Repository/Catalog/Main/CatalogAOIAsView_Button' is clicked on

2018-08-01 09:14:18 - [MESSAGE][PASSED] - Object: 'Object Repository/Catalog/Main/CatalogAOIAsView_Button' is clicked on

2018-08-01 09:14:18 - [TEST_STEP][PASSED] - waitForElementNotPresent: Web element with id: 'Object Repository/LoadingMask' located by 'By.xpath: //div[@class='loading-mask']' is not present after '15' second(s)

2018-08-01 09:14:18 - [MESSAGE][WARNING] - Timeout '0' is invalid. Using default page load timeout: '15'

2018-08-01 09:14:19 - [MESSAGE][PASSED] - Web element with id: 'Object Repository/LoadingMask' located by 'By.xpath: //div[@class='loading-mask']' is not present after '15' second(s)

2018-08-01 09:14:19 - [TEST_STEP][PASSED] - click: Object: 'Object Repository/Catalog/Main/CatalogProducts_Button' is clicked on

2018-08-01 09:14:19 - [MESSAGE][PASSED] - Object: 'Object Repository/Catalog/Main/CatalogProducts_Button' is clicked on

2018-08-01 09:14:19 - [TEST_STEP][PASSED] - productSelection.productSelection.SelectChildProduct: productSelection.productSelection.SelectChildProduct is PASSED

2018-08-01 09:14:19 - [MESSAGE][PASSED] - Modify property of object successfully

2018-08-01 09:14:19 - [MESSAGE][PASSED] - Object: 'Object Repository/Catalog/ProductSelection/ChildProductSelector' is clicked on

2018-08-01 09:14:19 - [MESSAGE][PASSED] - productSelection.productSelection.SelectChildProduct is PASSED

2018-08-01 09:14:19 - [TEST_STEP][PASSED] - click: Object: 'Object Repository/Catalog/ProductSelection/ProductSelection_OK' is clicked on

2018-08-01 09:14:19 - [MESSAGE][PASSED] - Object: 'Object Repository/Catalog/ProductSelection/ProductSelection_OK' is clicked on

2018-08-01 09:14:19 - [TEST_STEP][PASSED] - waitForElementNotPresent: Web element with id: 'Object Repository/LoadingMask' located by 'By.xpath: //div[@class='loading-mask']' is not present after '15' second(s)

2018-08-01 09:14:19 - [MESSAGE][WARNING] - Timeout '0' is invalid. Using default page load timeout: '15'

2018-08-01 09:14:21 - [MESSAGE][PASSED] - Web element with id: 'Object Repository/LoadingMask' located by 'By.xpath: //div[@class='loading-mask']' is not present after '15' second(s)

2018-08-01 09:14:21 - [TEST_STEP][PASSED] - click: Object: 'Object Repository/Catalog/SearchResults/SearchResults_SelectFirstRow' is clicked on

2018-08-01 09:14:22 - [MESSAGE][PASSED] - Object: 'Object Repository/Catalog/SearchResults/SearchResults_SelectFirstRow' is clicked on

2018-08-01 09:14:22 - [TEST_STEP][PASSED] - click: Object: 'Object Repository/Catalog/SearchResults/SearchResultsAddSelectedToCart_Button' is clicked on

2018-08-01 09:14:22 - [MESSAGE][PASSED] - Object: 'Object Repository/Catalog/SearchResults/SearchResultsAddSelectedToCart_Button' is clicked on

2018-08-01 09:14:22 - [TEST_STEP][PASSED] - click: Object: 'Object Repository/Catalog/SearchResults/SearchResultsDismissButton' is clicked on

2018-08-01 09:14:23 - [MESSAGE][PASSED] - Object: 'Object Repository/Catalog/SearchResults/SearchResultsDismissButton' is clicked on

2018-08-01 09:14:23 - [TEST_STEP][PASSED] - click: Object: 'Object Repository/Catalog/Main/CatalogProducts_Button' is clicked on

2018-08-01 09:14:23 - [MESSAGE][PASSED] - Object: 'Object Repository/Catalog/Main/CatalogProducts_Button' is clicked on

2018-08-01 09:14:23 - [TEST_STEP][PASSED] - productSelection.productSelection.clearAllProducts: productSelection.productSelection.clearAllProducts is PASSED

2018-08-01 09:14:23 - [MESSAGE][PASSED] - Modify property of object successfully

2018-08-01 09:14:23 - [MESSAGE][PASSED] - Object 'Object Repository/Catalog/ProductSelection/ProductSelectionAnyCheckBox' is present

2018-08-01 09:14:24 - [MESSAGE][PASSED] - Object 'Object Repository/Catalog/ProductSelection/ProductSelectionAnyCheckBox' is un-checked

2018-08-01 09:14:24 - [MESSAGE][PASSED] - Modify property of object successfully

2018-08-01 09:14:24 - [MESSAGE][PASSED] - Object 'Object Repository/Catalog/ProductSelection/ProductSelectionAnyCheckBox' is present

2018-08-01 09:14:24 - [MESSAGE][PASSED] - Object 'Object Repository/Catalog/ProductSelection/ProductSelectionAnyCheckBox' is un-checked

2018-08-01 09:14:24 - [MESSAGE][PASSED] - Modify property of object successfully

2018-08-01 09:14:24 - [MESSAGE][PASSED] - Object 'Object Repository/Catalog/ProductSelection/ProductSelectionAnyCheckBox' is present

2018-08-01 09:14:24 - [MESSAGE][PASSED] - Object 'Object Repository/Catalog/ProductSelection/ProductSelectionAnyCheckBox' is un-checked

2018-08-01 09:14:24 - [MESSAGE][PASSED] - Modify property of object successfully

2018-08-01 09:14:24 - [MESSAGE][PASSED] - Object 'Object Repository/Catalog/ProductSelection/ProductSelectionAnyCheckBox' is present

2018-08-01 09:14:24 - [MESSAGE][PASSED] - Object 'Object Repository/Catalog/ProductSelection/ProductSelectionAnyCheckBox' is un-checked

2018-08-01 09:14:24 - [MESSAGE][PASSED] - Modify property of object successfully

2018-08-01 09:14:24 - [MESSAGE][PASSED] - Object 'Object Repository/Catalog/ProductSelection/ProductSelectionAnyCheckBox' is present

2018-08-01 09:14:24 - [MESSAGE][PASSED] - Object 'Object Repository/Catalog/ProductSelection/ProductSelectionAnyCheckBox' is un-checked

2018-08-01 09:14:24 - [MESSAGE][PASSED] - Modify property of object successfully

2018-08-01 09:14:24 - [MESSAGE][PASSED] - Object 'Object Repository/Catalog/ProductSelection/ProductSelectionAnyCheckBox' is present

2018-08-01 09:14:24 - [MESSAGE][PASSED] - Object 'Object Repository/Catalog/ProductSelection/ProductSelectionAnyCheckBox' is un-checked

2018-08-01 09:14:24 - [MESSAGE][PASSED] - Modify property of object successfully

2018-08-01 09:14:24 - [MESSAGE][PASSED] - Object 'Object Repository/Catalog/ProductSelection/ProductSelectionAnyCheckBox' is present

2018-08-01 09:14:24 - [MESSAGE][PASSED] - Object 'Object Repository/Catalog/ProductSelection/ProductSelectionAnyCheckBox' is un-checked

2018-08-01 09:14:24 - [MESSAGE][PASSED] - Modify property of object successfully

2018-08-01 09:14:24 - [MESSAGE][PASSED] - Object 'Object Repository/Catalog/ProductSelection/ProductSelectionAnyCheckBox' is present

2018-08-01 09:14:24 - [MESSAGE][PASSED] - Object 'Object Repository/Catalog/ProductSelection/ProductSelectionAnyCheckBox' is un-checked

2018-08-01 09:14:24 - [MESSAGE][PASSED] - Modify property of object successfully

2018-08-01 09:14:24 - [MESSAGE][PASSED] - Object 'Object Repository/Catalog/ProductSelection/ProductSelectionAnyCheckBox' is present

2018-08-01 09:14:24 - [MESSAGE][PASSED] - Object 'Object Repository/Catalog/ProductSelection/ProductSelectionAnyCheckBox' is un-checked

2018-08-01 09:14:24 - [MESSAGE][PASSED] - Modify property of object successfully

2018-08-01 09:14:24 - [MESSAGE][PASSED] - Object 'Object Repository/Catalog/ProductSelection/ProductSelectionAnyCheckBox' is present

2018-08-01 09:14:24 - [MESSAGE][PASSED] - Object 'Object Repository/Catalog/ProductSelection/ProductSelectionAnyCheckBox' is un-checked

2018-08-01 09:14:24 - [MESSAGE][PASSED] - Modify property of object successfully

2018-08-01 09:14:24 - [MESSAGE][PASSED] - Object 'Object Repository/Catalog/ProductSelection/ProductSelectionAnyCheckBox' is present

2018-08-01 09:14:24 - [MESSAGE][PASSED] - Object 'Object Repository/Catalog/ProductSelection/ProductSelectionAnyCheckBox' is un-checked

2018-08-01 09:14:24 - [MESSAGE][PASSED] - Modify property of object successfully

2018-08-01 09:14:24 - [MESSAGE][PASSED] - Object 'Object Repository/Catalog/ProductSelection/ProductSelectionAnyCheckBox' is present

2018-08-01 09:14:24 - [MESSAGE][PASSED] - Object 'Object Repository/Catalog/ProductSelection/ProductSelectionAnyCheckBox' is un-checked

2018-08-01 09:14:24 - [MESSAGE][PASSED] - Modify property of object successfully

2018-08-01 09:14:24 - [MESSAGE][PASSED] - Object 'Object Repository/Catalog/ProductSelection/ProductSelectionAnyCheckBox' is present

2018-08-01 09:14:24 - [MESSAGE][PASSED] - Object 'Object Repository/Catalog/ProductSelection/ProductSelectionAnyCheckBox' is un-checked

2018-08-01 09:14:24 - [MESSAGE][PASSED] - Modify property of object successfully

2018-08-01 09:14:24 - [MESSAGE][PASSED] - Object 'Object Repository/Catalog/ProductSelection/ProductSelectionAnyCheckBox' is present

2018-08-01 09:14:24 - [MESSAGE][PASSED] - Object 'Object Repository/Catalog/ProductSelection/ProductSelectionAnyCheckBox' is un-checked

2018-08-01 09:14:24 - [MESSAGE][PASSED] - Modify property of object successfully

2018-08-01 09:14:28 - [MESSAGE][FAILED] - com.kms.katalon.core.webui.exception.WebElementNotFoundException: Web element with id: 'Object Repository/Catalog/ProductSelection/ProductSelectionAnyCheckBox' located by 'By.xpath: (//td/input[@type='checkbox'])[15]' not found
[[ATTACHMENT|D:\\ATPS\\ESPATP\\Reports\\User\\20180801_091353\\1533132867027.png]]

2018-08-01 09:14:30 - [MESSAGE][FAILED] - Unable to verify object 'Object Repository/Catalog/ProductSelection/ProductSelectionAnyCheckBox' is present (Root cause: com.kms.katalon.core.webui.exception.WebElementNotFoundException: Web element with id: 'Object Repository/Catalog/ProductSelection/ProductSelectionAnyCheckBox' located by 'By.xpath: (//td/input[@type='checkbox'])[15]' not found)
[[ATTACHMENT|D:\\ATPS\\ESPATP\\Reports\\User\\20180801_091353\\1533132868677.png]]

2018-08-01 09:14:30 - [MESSAGE][PASSED] - productSelection.productSelection.clearAllProducts is PASSED

2018-08-01 09:14:30 - [TEST_STEP][PASSED] - productSelection.productSelection.SelectChildProduct: productSelection.productSelection.SelectChildProduct is PASSED

2018-08-01 09:14:30 - [MESSAGE][PASSED] - Modify property of object successfully

2018-08-01 09:14:30 - [MESSAGE][PASSED] - Object: 'Object Repository/Catalog/ProductSelection/ChildProductSelector' is clicked on

2018-08-01 09:14:30 - [MESSAGE][PASSED] - productSelection.productSelection.SelectChildProduct is PASSED

2018-08-01 09:14:30 - [TEST_STEP][PASSED] - click: Object: 'Object Repository/Catalog/ProductSelection/ProductSelection_OK' is clicked on

2018-08-01 09:14:30 - [MESSAGE][PASSED] - Object: 'Object Repository/Catalog/ProductSelection/ProductSelection_OK' is clicked on

2018-08-01 09:14:30 - [TEST_STEP][PASSED] - waitForElementNotPresent: Web element with id: 'Object Repository/LoadingMask' located by 'By.xpath: //div[@class='loading-mask']' is not present after '15' second(s)

2018-08-01 09:14:30 - [MESSAGE][WARNING] - Timeout '0' is invalid. Using default page load timeout: '15'

2018-08-01 09:14:31 - [MESSAGE][PASSED] - Web element with id: 'Object Repository/LoadingMask' located by 'By.xpath: //div[@class='loading-mask']' is not present after '15' second(s)

2018-08-01 09:14:31 - [TEST_STEP][PASSED] - click: Object: 'Object Repository/Catalog/SearchResults/SearchResults_SelectFirstRow' is clicked on

2018-08-01 09:14:32 - [MESSAGE][PASSED] - Object: 'Object Repository/Catalog/SearchResults/SearchResults_SelectFirstRow' is clicked on

2018-08-01 09:14:32 - [TEST_STEP][PASSED] - click: Object: 'Object Repository/Catalog/SearchResults/SearchResultsAddSelectedToCart_Button' is clicked on

2018-08-01 09:14:32 - [MESSAGE][PASSED] - Object: 'Object Repository/Catalog/SearchResults/SearchResultsAddSelectedToCart_Button' is clicked on

2018-08-01 09:14:32 - [TEST_STEP][PASSED] - click: Object: 'Object Repository/Catalog/SearchResults/SearchResultsDismissButton' is clicked on

2018-08-01 09:14:33 - [MESSAGE][PASSED] - Object: 'Object Repository/Catalog/SearchResults/SearchResultsDismissButton' is clicked on

2018-08-01 09:14:33 - [TEST_STEP][PASSED] - click: Object: 'Object Repository/Catalog/OrderCart/OrderCart_Button' is clicked on

2018-08-01 09:14:33 - [MESSAGE][PASSED] - Object: 'Object Repository/Catalog/OrderCart/OrderCart_Button' is clicked on

2018-08-01 09:14:33 - [TEST_STEP][PASSED] - click: Object: 'Object Repository/Catalog/OrderCart/OrderCartCheckout_Button' is clicked on

2018-08-01 09:14:33 - [MESSAGE][PASSED] - Object: 'Object Repository/Catalog/OrderCart/OrderCartCheckout_Button' is clicked on

2018-08-01 09:14:33 - [TEST_STEP][PASSED] - Statement - date = new java.util.Date(): null

2018-08-01 09:14:33 - [TEST_STEP][PASSED] - Statement - sdf = new java.text.SimpleDateFormat(yyyy-MM-dd HH:mm:ss): null

2018-08-01 09:14:33 - [TEST_STEP][PASSED] - Statement - aDate = sdf.format(new java.util.Date()): null

2018-08-01 09:14:33 - [TEST_STEP][PASSED] - Statement - OName = "ATPLSandNAIP-" + aDate: null

2018-08-01 09:14:33 - [TEST_STEP][PASSED] - setText: Text 'ATPLSandNAIP-2018-08-01 09:14:33' is set on object 'Object Repository/Catalog/OrderCart/OrderCartOrderName_Field'

2018-08-01 09:14:33 - [MESSAGE][PASSED] - Text 'ATPLSandNAIP-2018-08-01 09:14:33' is set on object 'Object Repository/Catalog/OrderCart/OrderCartOrderName_Field'

2018-08-01 09:14:33 - [TEST_STEP][PASSED] - click: Object: 'Object Repository/Catalog/OrderCart/OrderCartPreviewOrder_Button' is clicked on

2018-08-01 09:14:33 - [MESSAGE][PASSED] - Object: 'Object Repository/Catalog/OrderCart/OrderCartPreviewOrder_Button' is clicked on

2018-08-01 09:14:33 - [TEST_STEP][PASSED] - click: Object: 'Object Repository/Catalog/OrderCart/OrderCartPlaceOrder_Button' is clicked on

2018-08-01 09:14:34 - [MESSAGE][PASSED] - Object: 'Object Repository/Catalog/OrderCart/OrderCartPlaceOrder_Button' is clicked on

2018-08-01 09:14:34 - [TEST_STEP][PASSED] - delay: Delayed 3 second(s)

2018-08-01 09:14:37 - [MESSAGE][PASSED] - Delayed 3 second(s)

2018-08-01 09:14:37 - [TEST_STEP][PASSED] - click: Object: 'Object Repository/OKButton' is clicked on

2018-08-01 09:14:38 - [MESSAGE][PASSED] - Object: 'Object Repository/OKButton' is clicked on

2018-08-01 09:14:38 - [TEST_STEP][PASSED] - callTestCase: Call Test Case 'Test Cases/Utilities/CatalogSignOut' successfully

2018-08-01 09:14:38 - [TEST_CASE][PASSED] - Test Cases/Utilities/CatalogSignOut: Test Cases/Utilities/CatalogSignOut

2018-08-01 09:14:38 - [TEST_STEP][PASSED] - delay: Delayed 3 second(s)

2018-08-01 09:14:41 - [MESSAGE][PASSED] - Delayed 3 second(s)

2018-08-01 09:14:41 - [TEST_STEP][PASSED] - click: Object: 'Object Repository/Catalog/Main/CatalogUserAccount_Dropdown' is clicked on

2018-08-01 09:14:41 - [MESSAGE][PASSED] - Object: 'Object Repository/Catalog/Main/CatalogUserAccount_Dropdown' is clicked on

2018-08-01 09:14:41 - [TEST_STEP][PASSED] - click: Object: 'Object Repository/Catalog/Main/CatalogUserAccount_Signout' is clicked on

2018-08-01 09:14:41 - [MESSAGE][PASSED] - Object: 'Object Repository/Catalog/Main/CatalogUserAccount_Signout' is clicked on

2018-08-01 09:14:41 - [TEST_STEP][PASSED] - closeBrowser: Browser is closed

2018-08-01 09:14:42 - [MESSAGE][PASSED] - Browser is closed

2018-08-01 09:14:42 - [MESSAGE][PASSED] - Call Test Case 'Test Cases/Utilities/CatalogSignOut' successfully]]></system-out>
         <system-err><![CDATA[]]></system-err>
      </testcase>
      <testcase name="Test Cases/Landsat8AndOrthosOrder" classname="Test Cases/Landsat8AndOrthosOrder" status="PASSED">
         <system-out><![CDATA[2018-08-01 09:14:42 - [TEST_CASE][PASSED] - Test Cases/Landsat8AndOrthosOrder: Test Cases/Landsat8AndOrthosOrder

2018-08-01 09:14:42 - [TEST_STEP][PASSED] - callTestCase: Call Test Case 'Test Cases/Utilities/LogMeIn' successfully

2018-08-01 09:14:42 - [TEST_CASE][PASSED] - Test Cases/Utilities/LogMeIn: Test Cases/Utilities/LogMeIn

2018-08-01 09:14:42 - [TEST_STEP][PASSED] - Statement - envData = com.kms.katalon.core.testdata.TestDataFactory.findTestData(LoginData): Reading excel file with source file 'D:\ATPS\TestData\logins.xlsx' and sheet name 'Test1'

2018-08-01 09:14:42 - [TEST_STEP][PASSED] - Statement - rowNdx = 1: null

2018-08-01 09:14:42 - [TEST_STEP][PASSED] - Statement - If (Role == "Company Admin"): null

2018-08-01 09:14:42 - [TEST_STEP][PASSED] - Statement - Else If (Role == "User"): null

2018-08-01 09:14:42 - [TEST_STEP][PASSED] - Statement - Else If (Role == "System Admin"): null

2018-08-01 09:14:42 - [TEST_STEP][PASSED] - Statement - Else If (Role == "Organization Admin"): null

2018-08-01 09:14:42 - [TEST_STEP][PASSED] - Statement - Else If (Role == "QC Analyst"): null

2018-08-01 09:14:42 - [TEST_STEP][PASSED] - Statement - Else: null

2018-08-01 09:14:42 - [TEST_STEP][PASSED] - Statement - rowNdx == 1: null

2018-08-01 09:14:42 - [TEST_STEP][PASSED] - Statement - User = envData.getValue(2, rowNdx): null

2018-08-01 09:14:42 - [TEST_STEP][PASSED] - Statement - pwd = envData.getValue(3, rowNdx): null

2018-08-01 09:14:42 - [TEST_STEP][PASSED] - Statement - ScreenShotFile = envData.getValue(4, rowNdx): null

2018-08-01 09:14:42 - [TEST_STEP][PASSED] - Statement - theSite = GeoCueCompanySite: null

2018-08-01 09:14:42 - [TEST_STEP][PASSED] - Statement - If (Company != null): null

2018-08-01 09:14:42 - [TEST_STEP][PASSED] - Statement - theSite = theSite.replace("geocue", Company): null

2018-08-01 09:14:42 - [TEST_STEP][PASSED] - openBrowser: Browser is opened with url: 'http://dev.localhost:38251'

2018-08-01 09:14:45 - [MESSAGE][PASSED] - Browser is opened with url: 'http://dev.localhost:38251'

2018-08-01 09:14:45 - [TEST_STEP][PASSED] - maximizeWindow: Current window maximized

2018-08-01 09:14:46 - [MESSAGE][PASSED] - Current window maximized

2018-08-01 09:14:46 - [TEST_STEP][PASSED] - setText: Text 'dglenn@geocue.com' is set on object 'Object Repository/Catalog/input_Email'

2018-08-01 09:14:46 - [MESSAGE][PASSED] - Text 'dglenn@geocue.com' is set on object 'Object Repository/Catalog/input_Email'

2018-08-01 09:14:46 - [TEST_STEP][PASSED] - setText: Text 'David123!' is set on object 'Object Repository/Catalog/input_Password'

2018-08-01 09:14:46 - [MESSAGE][PASSED] - Text 'David123!' is set on object 'Object Repository/Catalog/input_Password'

2018-08-01 09:14:46 - [TEST_STEP][PASSED] - click: Object: 'Object Repository/Catalog/Signin_Button' is clicked on

2018-08-01 09:14:50 - [MESSAGE][PASSED] - Object: 'Object Repository/Catalog/Signin_Button' is clicked on

2018-08-01 09:14:50 - [TEST_STEP][PASSED] - waitForElementNotPresent: Web element with id: 'Object Repository/LoadingMask' located by 'By.xpath: //div[@class='loading-mask']' is not present after '15' second(s)

2018-08-01 09:14:50 - [MESSAGE][WARNING] - Timeout '0' is invalid. Using default page load timeout: '15'

2018-08-01 09:14:54 - [MESSAGE][PASSED] - Web element with id: 'Object Repository/LoadingMask' located by 'By.xpath: //div[@class='loading-mask']' is not present after '15' second(s)

2018-08-01 09:14:54 - [TEST_STEP][PASSED] - click: Object: 'Object Repository/Cesium/canvas' is clicked on

2018-08-01 09:14:54 - [MESSAGE][PASSED] - Object: 'Object Repository/Cesium/canvas' is clicked on

2018-08-01 09:14:54 - [TEST_STEP][PASSED] - Statement - return null: null

2018-08-01 09:14:54 - [MESSAGE][PASSED] - Call Test Case 'Test Cases/Utilities/LogMeIn' successfully

2018-08-01 09:14:54 - [TEST_STEP][PASSED] - setText: Text 'Houston' is set on object 'Object Repository/Cesium/CesiumSearchField'

2018-08-01 09:14:54 - [MESSAGE][PASSED] - Text 'Houston' is set on object 'Object Repository/Cesium/CesiumSearchField'

2018-08-01 09:14:54 - [TEST_STEP][PASSED] - waitForElementNotPresent: Web element with id: 'Object Repository/LoadingMask' located by 'By.xpath: //div[@class='loading-mask']' is not present after '15' second(s)

2018-08-01 09:14:54 - [MESSAGE][WARNING] - Timeout '0' is invalid. Using default page load timeout: '15'

2018-08-01 09:14:54 - [MESSAGE][PASSED] - Web element with id: 'Object Repository/LoadingMask' located by 'By.xpath: //div[@class='loading-mask']' is not present after '15' second(s)

2018-08-01 09:14:54 - [TEST_STEP][PASSED] - click: Object: 'Object Repository/Cesium/CesiumSearchButton' is clicked on

2018-08-01 09:14:54 - [MESSAGE][PASSED] - Object: 'Object Repository/Cesium/CesiumSearchButton' is clicked on

2018-08-01 09:14:54 - [TEST_STEP][PASSED] - delay: Delayed 3 second(s)

2018-08-01 09:14:57 - [MESSAGE][PASSED] - Delayed 3 second(s)

2018-08-01 09:14:57 - [TEST_STEP][PASSED] - waitForElementNotPresent: Web element with id: 'Object Repository/LoadingMask' located by 'By.xpath: //div[@class='loading-mask']' is not present after '15' second(s)

2018-08-01 09:14:57 - [MESSAGE][WARNING] - Timeout '0' is invalid. Using default page load timeout: '15'

2018-08-01 09:14:57 - [MESSAGE][PASSED] - Web element with id: 'Object Repository/LoadingMask' located by 'By.xpath: //div[@class='loading-mask']' is not present after '15' second(s)

2018-08-01 09:14:57 - [TEST_STEP][PASSED] - click: Object: 'Object Repository/Catalog/Main/CatalogAOIAsView_Button' is clicked on

2018-08-01 09:14:58 - [MESSAGE][PASSED] - Object: 'Object Repository/Catalog/Main/CatalogAOIAsView_Button' is clicked on

2018-08-01 09:14:58 - [TEST_STEP][PASSED] - click: Object: 'Object Repository/Catalog/Main/CatalogProducts_Button' is clicked on

2018-08-01 09:14:58 - [MESSAGE][PASSED] - Object: 'Object Repository/Catalog/Main/CatalogProducts_Button' is clicked on

2018-08-01 09:14:58 - [TEST_STEP][PASSED] - waitForElementNotPresent: Web element with id: 'Object Repository/LoadingMask' located by 'By.xpath: //div[@class='loading-mask']' is not present after '15' second(s)

2018-08-01 09:14:58 - [MESSAGE][WARNING] - Timeout '0' is invalid. Using default page load timeout: '15'

2018-08-01 09:14:58 - [MESSAGE][PASSED] - Web element with id: 'Object Repository/LoadingMask' located by 'By.xpath: //div[@class='loading-mask']' is not present after '15' second(s)

2018-08-01 09:14:58 - [TEST_STEP][PASSED] - productSelection.productSelection.SelectChildProduct: productSelection.productSelection.SelectChildProduct is PASSED

2018-08-01 09:14:58 - [MESSAGE][PASSED] - Modify property of object successfully

2018-08-01 09:14:58 - [MESSAGE][PASSED] - Object: 'Object Repository/Catalog/ProductSelection/ChildProductSelector' is clicked on

2018-08-01 09:14:58 - [MESSAGE][PASSED] - productSelection.productSelection.SelectChildProduct is PASSED

2018-08-01 09:14:58 - [TEST_STEP][PASSED] - productSelection.productSelection.SelectProduct: productSelection.productSelection.SelectProduct is PASSED

2018-08-01 09:14:58 - [MESSAGE][PASSED] - Modify property of object successfully

2018-08-01 09:14:58 - [MESSAGE][PASSED] - Object: 'Object Repository/Catalog/ProductSelection/ProductSelector' is clicked on

2018-08-01 09:14:58 - [MESSAGE][PASSED] - productSelection.productSelection.SelectProduct is PASSED

2018-08-01 09:14:58 - [TEST_STEP][PASSED] - click: Object: 'Object Repository/Catalog/ProductSelection/ProductSelection_OK' is clicked on

2018-08-01 09:14:59 - [MESSAGE][PASSED] - Object: 'Object Repository/Catalog/ProductSelection/ProductSelection_OK' is clicked on

2018-08-01 09:14:59 - [TEST_STEP][PASSED] - waitForElementNotPresent: Web element with id: 'Object Repository/LoadingMask' located by 'By.xpath: //div[@class='loading-mask']' is not present after '15' second(s)

2018-08-01 09:14:59 - [MESSAGE][WARNING] - Timeout '0' is invalid. Using default page load timeout: '15'

2018-08-01 09:15:00 - [MESSAGE][PASSED] - Web element with id: 'Object Repository/LoadingMask' located by 'By.xpath: //div[@class='loading-mask']' is not present after '15' second(s)

2018-08-01 09:15:00 - [TEST_STEP][PASSED] - searchResults.searchResults.SetSearchResultsColumnFirst: searchResults.searchResults.SetSearchResultsColumnFirst is PASSED

2018-08-01 09:15:01 - [MESSAGE][PASSED] - Object: 'Object Repository/Catalog/SearchResults/SearchResultsFieldsToggle_button' is clicked on

2018-08-01 09:15:01 - [MESSAGE][PASSED] - Modify property of object successfully

2018-08-01 09:15:01 - [MESSAGE][PASSED] - Modify property of object successfully

2018-08-01 09:15:01 - [MESSAGE][PASSED] - Text of object 'Object Repository/Catalog/SearchResults/CoveredAreasTab/ColumnCheckboxLabel' is: 'Date Acquired'

2018-08-01 09:15:02 - [MESSAGE][PASSED] - Object 'Object Repository/Catalog/SearchResults/CoveredAreasTab/ColumnCheckbox' is un-checked

2018-08-01 09:15:02 - [MESSAGE][PASSED] - Modify property of object successfully

2018-08-01 09:15:02 - [MESSAGE][PASSED] - Modify property of object successfully

2018-08-01 09:15:02 - [MESSAGE][PASSED] - Text of object 'Object Repository/Catalog/SearchResults/CoveredAreasTab/ColumnCheckboxLabel' is: 'LS Scene ID'

2018-08-01 09:15:02 - [MESSAGE][PASSED] - Object 'Object Repository/Catalog/SearchResults/CoveredAreasTab/ColumnCheckbox' is un-checked

2018-08-01 09:15:02 - [MESSAGE][PASSED] - Modify property of object successfully

2018-08-01 09:15:02 - [MESSAGE][PASSED] - Modify property of object successfully

2018-08-01 09:15:02 - [MESSAGE][PASSED] - Text of object 'Object Repository/Catalog/SearchResults/CoveredAreasTab/ColumnCheckboxLabel' is: 'Cloud Cover Land(%)'

2018-08-01 09:15:02 - [MESSAGE][PASSED] - Object 'Object Repository/Catalog/SearchResults/CoveredAreasTab/ColumnCheckbox' is un-checked

2018-08-01 09:15:02 - [MESSAGE][PASSED] - Modify property of object successfully

2018-08-01 09:15:02 - [MESSAGE][PASSED] - Modify property of object successfully

2018-08-01 09:15:02 - [MESSAGE][PASSED] - Text of object 'Object Repository/Catalog/SearchResults/CoveredAreasTab/ColumnCheckboxLabel' is: 'Sun Azimuth(°)'

2018-08-01 09:15:02 - [MESSAGE][PASSED] - Object 'Object Repository/Catalog/SearchResults/CoveredAreasTab/ColumnCheckbox' is un-checked

2018-08-01 09:15:02 - [MESSAGE][PASSED] - Modify property of object successfully

2018-08-01 09:15:02 - [MESSAGE][PASSED] - Modify property of object successfully

2018-08-01 09:15:02 - [MESSAGE][PASSED] - Text of object 'Object Repository/Catalog/SearchResults/CoveredAreasTab/ColumnCheckboxLabel' is: 'Receiving Station'

2018-08-01 09:15:02 - [MESSAGE][PASSED] - Object 'Object Repository/Catalog/SearchResults/CoveredAreasTab/ColumnCheckbox' is un-checked

2018-08-01 09:15:02 - [MESSAGE][PASSED] - Modify property of object successfully

2018-08-01 09:15:02 - [MESSAGE][PASSED] - Modify property of object successfully

2018-08-01 09:15:02 - [MESSAGE][PASSED] - Text of object 'Object Repository/Catalog/SearchResults/CoveredAreasTab/ColumnCheckboxLabel' is: 'Image Quality'

2018-08-01 09:15:02 - [MESSAGE][PASSED] - Object 'Object Repository/Catalog/SearchResults/CoveredAreasTab/ColumnCheckbox' is un-checked

2018-08-01 09:15:02 - [MESSAGE][PASSED] - Modify property of object successfully

2018-08-01 09:15:02 - [MESSAGE][PASSED] - Modify property of object successfully

2018-08-01 09:15:02 - [MESSAGE][PASSED] - Text of object 'Object Repository/Catalog/SearchResults/CoveredAreasTab/ColumnCheckboxLabel' is: 'Sun Elevation(°)'

2018-08-01 09:15:03 - [MESSAGE][PASSED] - Object 'Object Repository/Catalog/SearchResults/CoveredAreasTab/ColumnCheckbox' is un-checked

2018-08-01 09:15:03 - [MESSAGE][PASSED] - Modify property of object successfully

2018-08-01 09:15:03 - [MESSAGE][PASSED] - Modify property of object successfully

2018-08-01 09:15:03 - [MESSAGE][PASSED] - Text of object 'Object Repository/Catalog/SearchResults/CoveredAreasTab/ColumnCheckboxLabel' is: 'Cloud Coverage(%)'

2018-08-01 09:15:03 - [MESSAGE][PASSED] - Object 'Object Repository/Catalog/SearchResults/CoveredAreasTab/ColumnCheckbox' is un-checked

2018-08-01 09:15:03 - [MESSAGE][PASSED] - Modify property of object successfully

2018-08-01 09:15:03 - [MESSAGE][PASSED] - Modify property of object successfully

2018-08-01 09:15:03 - [MESSAGE][PASSED] - Text of object 'Object Repository/Catalog/SearchResults/CoveredAreasTab/ColumnCheckboxLabel' is: 'Name'

2018-08-01 09:15:03 - [MESSAGE][PASSED] - Object 'Object Repository/Catalog/SearchResults/CoveredAreasTab/ColumnCheckbox' is un-checked

2018-08-01 09:15:03 - [MESSAGE][PASSED] - Modify property of object successfully

2018-08-01 09:15:03 - [MESSAGE][PASSED] - Modify property of object successfully

2018-08-01 09:15:03 - [MESSAGE][PASSED] - Text of object 'Object Repository/Catalog/SearchResults/CoveredAreasTab/ColumnCheckboxLabel' is: 'Resolution'

2018-08-01 09:15:03 - [MESSAGE][PASSED] - Object 'Object Repository/Catalog/SearchResults/CoveredAreasTab/ColumnCheckbox' is un-checked

2018-08-01 09:15:03 - [MESSAGE][PASSED] - Modify property of object successfully

2018-08-01 09:15:03 - [MESSAGE][PASSED] - Modify property of object successfully

2018-08-01 09:15:03 - [MESSAGE][PASSED] - Text of object 'Object Repository/Catalog/SearchResults/CoveredAreasTab/ColumnCheckboxLabel' is: 'Product Name'

2018-08-01 09:15:03 - [MESSAGE][PASSED] - Object 'Object Repository/Catalog/SearchResults/CoveredAreasTab/ColumnCheckbox' is checked

2018-08-01 09:15:04 - [MESSAGE][PASSED] - Object: 'Object Repository/Catalog/SearchResults/SearchResultsFieldsToggle_button' is clicked on

2018-08-01 09:15:04 - [MESSAGE][PASSED] - searchResults.searchResults.SetSearchResultsColumnFirst is PASSED

2018-08-01 09:15:04 - [TEST_STEP][PASSED] - click: Object: 'Object Repository/Catalog/SearchResults/SearchResultsFieldsToggle_button' is clicked on

2018-08-01 09:15:04 - [MESSAGE][PASSED] - Object: 'Object Repository/Catalog/SearchResults/SearchResultsFieldsToggle_button' is clicked on

2018-08-01 09:15:04 - [TEST_STEP][PASSED] - searchResults.searchResults.sortByName: searchResults.searchResults.sortByName is PASSED

2018-08-01 09:15:04 - [MESSAGE][PASSED] - Modify property of object successfully

2018-08-01 09:15:04 - [MESSAGE][PASSED] - Object: 'Object Repository/Catalog/SearchResults/CoveredAreasTab/ColumnSort' is clicked on

2018-08-01 09:15:04 - [MESSAGE][PASSED] - searchResults.searchResults.sortByName is PASSED

2018-08-01 09:15:04 - [TEST_STEP][PASSED] - click: Object: 'Object Repository/Catalog/SearchResults/SearchResults_SelectFirstRow' is clicked on

2018-08-01 09:15:04 - [MESSAGE][PASSED] - Object: 'Object Repository/Catalog/SearchResults/SearchResults_SelectFirstRow' is clicked on

2018-08-01 09:15:04 - [TEST_STEP][PASSED] - searchResults.searchResults.sortByName: searchResults.searchResults.sortByName is PASSED

2018-08-01 09:15:04 - [MESSAGE][PASSED] - Modify property of object successfully

2018-08-01 09:15:05 - [MESSAGE][PASSED] - Object: 'Object Repository/Catalog/SearchResults/CoveredAreasTab/ColumnSort' is clicked on

2018-08-01 09:15:05 - [MESSAGE][PASSED] - searchResults.searchResults.sortByName is PASSED

2018-08-01 09:15:05 - [TEST_STEP][PASSED] - click: Object: 'Object Repository/Catalog/SearchResults/SearchResults_SelectFirstRow' is clicked on

2018-08-01 09:15:05 - [MESSAGE][PASSED] - Object: 'Object Repository/Catalog/SearchResults/SearchResults_SelectFirstRow' is clicked on

2018-08-01 09:15:05 - [TEST_STEP][PASSED] - click: Object: 'Object Repository/Catalog/SearchResults/SearchResultsAddSelectedToCart_Button' is clicked on

2018-08-01 09:15:05 - [MESSAGE][PASSED] - Object: 'Object Repository/Catalog/SearchResults/SearchResultsAddSelectedToCart_Button' is clicked on

2018-08-01 09:15:05 - [TEST_STEP][PASSED] - click: Object: 'Object Repository/Catalog/SearchResults/SearchResultsDismissButton' is clicked on

2018-08-01 09:15:05 - [MESSAGE][PASSED] - Object: 'Object Repository/Catalog/SearchResults/SearchResultsDismissButton' is clicked on

2018-08-01 09:15:05 - [TEST_STEP][PASSED] - click: Object: 'Object Repository/Catalog/OrderCart/OrderCart_Button' is clicked on

2018-08-01 09:15:06 - [MESSAGE][PASSED] - Object: 'Object Repository/Catalog/OrderCart/OrderCart_Button' is clicked on

2018-08-01 09:15:06 - [TEST_STEP][PASSED] - click: Object: 'Object Repository/Catalog/OrderCart/OrderCartCheckout_Button' is clicked on

2018-08-01 09:15:06 - [MESSAGE][PASSED] - Object: 'Object Repository/Catalog/OrderCart/OrderCartCheckout_Button' is clicked on

2018-08-01 09:15:06 - [TEST_STEP][PASSED] - Statement - date = new java.util.Date(): null

2018-08-01 09:15:06 - [TEST_STEP][PASSED] - Statement - sdf = new java.text.SimpleDateFormat(yyyy-MM-dd HH:mm:ss): null

2018-08-01 09:15:06 - [TEST_STEP][PASSED] - Statement - aDate = sdf.format(new java.util.Date()): null

2018-08-01 09:15:06 - [TEST_STEP][PASSED] - Statement - OName = "ATPLSandOrthoOrder-" + aDate: null

2018-08-01 09:15:06 - [TEST_STEP][PASSED] - setText: Text 'ATPLSandOrthoOrder-2018-08-01 09:15:06' is set on object 'Object Repository/Catalog/OrderCart/OrderCartOrderName_Field'

2018-08-01 09:15:06 - [MESSAGE][PASSED] - Text 'ATPLSandOrthoOrder-2018-08-01 09:15:06' is set on object 'Object Repository/Catalog/OrderCart/OrderCartOrderName_Field'

2018-08-01 09:15:06 - [TEST_STEP][PASSED] - click: Object: 'Object Repository/Catalog/OrderCart/OrderCartPreviewOrder_Button' is clicked on

2018-08-01 09:15:06 - [MESSAGE][PASSED] - Object: 'Object Repository/Catalog/OrderCart/OrderCartPreviewOrder_Button' is clicked on

2018-08-01 09:15:06 - [TEST_STEP][PASSED] - click: Object: 'Object Repository/Catalog/OrderCart/OrderCartPlaceOrder_Button' is clicked on

2018-08-01 09:15:07 - [MESSAGE][PASSED] - Object: 'Object Repository/Catalog/OrderCart/OrderCartPlaceOrder_Button' is clicked on

2018-08-01 09:15:07 - [TEST_STEP][PASSED] - delay: Delayed 3 second(s)

2018-08-01 09:15:10 - [MESSAGE][PASSED] - Delayed 3 second(s)

2018-08-01 09:15:10 - [TEST_STEP][PASSED] - click: Object: 'Object Repository/OKButton' is clicked on

2018-08-01 09:15:10 - [MESSAGE][PASSED] - Object: 'Object Repository/OKButton' is clicked on

2018-08-01 09:15:10 - [TEST_STEP][PASSED] - callTestCase: Call Test Case 'Test Cases/Utilities/CatalogSignOut' successfully

2018-08-01 09:15:10 - [TEST_CASE][PASSED] - Test Cases/Utilities/CatalogSignOut: Test Cases/Utilities/CatalogSignOut

2018-08-01 09:15:10 - [TEST_STEP][PASSED] - delay: Delayed 3 second(s)

2018-08-01 09:15:13 - [MESSAGE][PASSED] - Delayed 3 second(s)

2018-08-01 09:15:13 - [TEST_STEP][PASSED] - click: Object: 'Object Repository/Catalog/Main/CatalogUserAccount_Dropdown' is clicked on

2018-08-01 09:15:14 - [MESSAGE][PASSED] - Object: 'Object Repository/Catalog/Main/CatalogUserAccount_Dropdown' is clicked on

2018-08-01 09:15:14 - [TEST_STEP][PASSED] - click: Object: 'Object Repository/Catalog/Main/CatalogUserAccount_Signout' is clicked on

2018-08-01 09:15:14 - [MESSAGE][PASSED] - Object: 'Object Repository/Catalog/Main/CatalogUserAccount_Signout' is clicked on

2018-08-01 09:15:14 - [TEST_STEP][PASSED] - closeBrowser: Browser is closed

2018-08-01 09:15:16 - [MESSAGE][PASSED] - Browser is closed

2018-08-01 09:15:16 - [MESSAGE][PASSED] - Call Test Case 'Test Cases/Utilities/CatalogSignOut' successfully]]></system-out>
         <system-err><![CDATA[]]></system-err>
      </testcase>
      <testcase name="Test Cases/LidarandOrthosOrder" classname="Test Cases/LidarandOrthosOrder" status="FAILED">
         <failure type="FAILED" message="Unable to click on object 'Object Repository/Catalog/SearchResults/SearchResults_SelectAll' (Root cause: org.openqa.selenium.WebDriverException: unknown error: Element &lt;input type=&quot;checkbox&quot; value=&quot;on&quot;> is not clickable at point (815, 470). Other element would receive the click: &lt;div role=&quot;dialog&quot; tabindex=&quot;-1&quot; class=&quot;fade in modal&quot; style=&quot;display: block;&quot;>...&lt;/div>
  (Session info: chrome=67.0.3396.99)
  (Driver info: chromedriver=2.35.528161 (5b82f2d2aae0ca24b877009200ced9065a772e73),platform=Windows NT 10.0.17134 x86_64) (WARNING: The server did not provide any stacktrace information)
Command duration or timeout: 0 milliseconds
Build info: version: '3.7.1', revision: '8a0099a', time: '2017-11-06T21:07:36.161Z'
System info: host: 'MUSES-DAVID', ip: '192.168.56.1', os.name: 'Windows 10', os.arch: 'amd64', os.version: '10.0', java.version: '1.8.0_102'
Driver info: com.kms.katalon.selenium.driver.CChromeDriver
Capabilities {acceptInsecureCerts: false, acceptSslCerts: false, applicationCacheEnabled: false, browserConnectionEnabled: false, browserName: chrome, chrome: {chromedriverVersion: 2.35.528161 (5b82f2d2aae0ca..., userDataDir: C:\Users\DGlenn\AppData\Loc...}, cssSelectorsEnabled: true, databaseEnabled: false, handlesAlerts: true, hasTouchScreen: false, javascriptEnabled: true, locationContextEnabled: true, mobileEmulationEnabled: false, nativeEvents: true, networkConnectionEnabled: false, pageLoadStrategy: normal, platform: XP, platformName: XP, rotatable: false, setWindowRect: true, takesHeapSnapshot: true, takesScreenshot: true, unexpectedAlertBehaviour: , unhandledPromptBehavior: , version: 67.0.3396.99, webStorageEnabled: true}
Session ID: f40b3f3a8696b9d6fc8e3c750ddba4c8)"/>
         <system-out><![CDATA[2018-08-01 09:15:16 - [TEST_CASE][FAILED] - Test Cases/LidarandOrthosOrder: Test Cases/LidarandOrthosOrder FAILED because (of) Unable to click on object 'Object Repository/Catalog/SearchResults/SearchResults_SelectAll' (Root cause: org.openqa.selenium.WebDriverException: unknown error: Element <input type="checkbox" value="on"> is not clickable at point (815, 470). Other element would receive the click: <div role="dialog" tabindex="-1" class="fade in modal" style="display: block;">...</div>
  (Session info: chrome=67.0.3396.99)
  (Driver info: chromedriver=2.35.528161 (5b82f2d2aae0ca24b877009200ced9065a772e73),platform=Windows NT 10.0.17134 x86_64) (WARNING: The server did not provide any stacktrace information)
Command duration or timeout: 0 milliseconds
Build info: version: '3.7.1', revision: '8a0099a', time: '2017-11-06T21:07:36.161Z'
System info: host: 'MUSES-DAVID', ip: '192.168.56.1', os.name: 'Windows 10', os.arch: 'amd64', os.version: '10.0', java.version: '1.8.0_102'
Driver info: com.kms.katalon.selenium.driver.CChromeDriver
Capabilities {acceptInsecureCerts: false, acceptSslCerts: false, applicationCacheEnabled: false, browserConnectionEnabled: false, browserName: chrome, chrome: {chromedriverVersion: 2.35.528161 (5b82f2d2aae0ca..., userDataDir: C:\Users\DGlenn\AppData\Loc...}, cssSelectorsEnabled: true, databaseEnabled: false, handlesAlerts: true, hasTouchScreen: false, javascriptEnabled: true, locationContextEnabled: true, mobileEmulationEnabled: false, nativeEvents: true, networkConnectionEnabled: false, pageLoadStrategy: normal, platform: XP, platformName: XP, rotatable: false, setWindowRect: true, takesHeapSnapshot: true, takesScreenshot: true, unexpectedAlertBehaviour: , unhandledPromptBehavior: , version: 67.0.3396.99, webStorageEnabled: true}
Session ID: f40b3f3a8696b9d6fc8e3c750ddba4c8)

2018-08-01 09:15:16 - [TEST_STEP][PASSED] - callTestCase: Call Test Case 'Test Cases/Utilities/LogMeIn' successfully

2018-08-01 09:15:16 - [TEST_CASE][PASSED] - Test Cases/Utilities/LogMeIn: Test Cases/Utilities/LogMeIn

2018-08-01 09:15:16 - [TEST_STEP][PASSED] - Statement - envData = com.kms.katalon.core.testdata.TestDataFactory.findTestData(LoginData): Reading excel file with source file 'D:\ATPS\TestData\logins.xlsx' and sheet name 'Test1'

2018-08-01 09:15:16 - [TEST_STEP][PASSED] - Statement - rowNdx = 1: null

2018-08-01 09:15:16 - [TEST_STEP][PASSED] - Statement - If (Role == "Company Admin"): null

2018-08-01 09:15:16 - [TEST_STEP][PASSED] - Statement - Else If (Role == "User"): null

2018-08-01 09:15:16 - [TEST_STEP][PASSED] - Statement - rowNdx == 2: null

2018-08-01 09:15:16 - [TEST_STEP][PASSED] - Statement - User = envData.getValue(2, rowNdx): null

2018-08-01 09:15:16 - [TEST_STEP][PASSED] - Statement - pwd = envData.getValue(3, rowNdx): null

2018-08-01 09:15:16 - [TEST_STEP][PASSED] - Statement - ScreenShotFile = envData.getValue(4, rowNdx): null

2018-08-01 09:15:16 - [TEST_STEP][PASSED] - Statement - theSite = GeoCueCompanySite: null

2018-08-01 09:15:16 - [TEST_STEP][PASSED] - Statement - If (Company != null): null

2018-08-01 09:15:16 - [TEST_STEP][PASSED] - Statement - theSite = theSite.replace("geocue", Company): null

2018-08-01 09:15:16 - [TEST_STEP][PASSED] - openBrowser: Browser is opened with url: 'http://dev.localhost:38251'

2018-08-01 09:15:18 - [MESSAGE][PASSED] - Browser is opened with url: 'http://dev.localhost:38251'

2018-08-01 09:15:18 - [TEST_STEP][PASSED] - maximizeWindow: Current window maximized

2018-08-01 09:15:20 - [MESSAGE][PASSED] - Current window maximized

2018-08-01 09:15:20 - [TEST_STEP][PASSED] - setText: Text 'dglenn@geocue.com' is set on object 'Object Repository/Catalog/input_Email'

2018-08-01 09:15:20 - [MESSAGE][PASSED] - Text 'dglenn@geocue.com' is set on object 'Object Repository/Catalog/input_Email'

2018-08-01 09:15:20 - [TEST_STEP][PASSED] - setText: Text 'David123!' is set on object 'Object Repository/Catalog/input_Password'

2018-08-01 09:15:20 - [MESSAGE][PASSED] - Text 'David123!' is set on object 'Object Repository/Catalog/input_Password'

2018-08-01 09:15:20 - [TEST_STEP][PASSED] - click: Object: 'Object Repository/Catalog/Signin_Button' is clicked on

2018-08-01 09:15:23 - [MESSAGE][PASSED] - Object: 'Object Repository/Catalog/Signin_Button' is clicked on

2018-08-01 09:15:23 - [TEST_STEP][PASSED] - waitForElementNotPresent: Web element with id: 'Object Repository/LoadingMask' located by 'By.xpath: //div[@class='loading-mask']' is not present after '15' second(s)

2018-08-01 09:15:23 - [MESSAGE][WARNING] - Timeout '0' is invalid. Using default page load timeout: '15'

2018-08-01 09:15:27 - [MESSAGE][PASSED] - Web element with id: 'Object Repository/LoadingMask' located by 'By.xpath: //div[@class='loading-mask']' is not present after '15' second(s)

2018-08-01 09:15:27 - [TEST_STEP][PASSED] - click: Object: 'Object Repository/Cesium/canvas' is clicked on

2018-08-01 09:15:27 - [MESSAGE][PASSED] - Object: 'Object Repository/Cesium/canvas' is clicked on

2018-08-01 09:15:27 - [TEST_STEP][PASSED] - Statement - return null: null

2018-08-01 09:15:27 - [MESSAGE][PASSED] - Call Test Case 'Test Cases/Utilities/LogMeIn' successfully

2018-08-01 09:15:27 - [TEST_STEP][PASSED] - waitForElementNotPresent: Web element with id: 'Object Repository/LoadingMask' located by 'By.xpath: //div[@class='loading-mask']' is not present after '15' second(s)

2018-08-01 09:15:27 - [MESSAGE][WARNING] - Timeout '0' is invalid. Using default page load timeout: '15'

2018-08-01 09:15:27 - [MESSAGE][PASSED] - Web element with id: 'Object Repository/LoadingMask' located by 'By.xpath: //div[@class='loading-mask']' is not present after '15' second(s)

2018-08-01 09:15:27 - [TEST_STEP][PASSED] - setText: Text 'Houston, TX' is set on object 'Object Repository/Cesium/CesiumSearchField'

2018-08-01 09:15:28 - [MESSAGE][PASSED] - Text 'Houston, TX' is set on object 'Object Repository/Cesium/CesiumSearchField'

2018-08-01 09:15:28 - [TEST_STEP][PASSED] - click: Object: 'Object Repository/Cesium/CesiumSearchButton' is clicked on

2018-08-01 09:15:28 - [MESSAGE][PASSED] - Object: 'Object Repository/Cesium/CesiumSearchButton' is clicked on

2018-08-01 09:15:28 - [TEST_STEP][PASSED] - delay: Delayed 3 second(s)

2018-08-01 09:15:31 - [MESSAGE][PASSED] - Delayed 3 second(s)

2018-08-01 09:15:31 - [TEST_STEP][PASSED] - waitForElementNotPresent: Web element with id: 'Object Repository/LoadingMask' located by 'By.xpath: //div[@class='loading-mask']' is not present after '15' second(s)

2018-08-01 09:15:31 - [MESSAGE][WARNING] - Timeout '0' is invalid. Using default page load timeout: '15'

2018-08-01 09:15:31 - [MESSAGE][PASSED] - Web element with id: 'Object Repository/LoadingMask' located by 'By.xpath: //div[@class='loading-mask']' is not present after '15' second(s)

2018-08-01 09:15:31 - [TEST_STEP][PASSED] - click: Object: 'Object Repository/Catalog/Main/CatalogAOIAsView_Button' is clicked on

2018-08-01 09:15:31 - [MESSAGE][PASSED] - Object: 'Object Repository/Catalog/Main/CatalogAOIAsView_Button' is clicked on

2018-08-01 09:15:31 - [TEST_STEP][PASSED] - waitForElementNotPresent: Web element with id: 'Object Repository/LoadingMask' located by 'By.xpath: //div[@class='loading-mask']' is not present after '15' second(s)

2018-08-01 09:15:31 - [MESSAGE][WARNING] - Timeout '0' is invalid. Using default page load timeout: '15'

2018-08-01 09:15:31 - [MESSAGE][PASSED] - Web element with id: 'Object Repository/LoadingMask' located by 'By.xpath: //div[@class='loading-mask']' is not present after '15' second(s)

2018-08-01 09:15:31 - [TEST_STEP][PASSED] - click: Object: 'Object Repository/Catalog/Main/CatalogProducts_Button' is clicked on

2018-08-01 09:15:31 - [MESSAGE][PASSED] - Object: 'Object Repository/Catalog/Main/CatalogProducts_Button' is clicked on

2018-08-01 09:15:31 - [TEST_STEP][PASSED] - productSelection.productSelection.SelectProduct: productSelection.productSelection.SelectProduct is PASSED

2018-08-01 09:15:31 - [MESSAGE][PASSED] - Modify property of object successfully

2018-08-01 09:15:31 - [MESSAGE][PASSED] - Object: 'Object Repository/Catalog/ProductSelection/ProductSelector' is clicked on

2018-08-01 09:15:31 - [MESSAGE][PASSED] - productSelection.productSelection.SelectProduct is PASSED

2018-08-01 09:15:31 - [TEST_STEP][PASSED] - productSelection.productSelection.SelectProduct: productSelection.productSelection.SelectProduct is PASSED

2018-08-01 09:15:31 - [MESSAGE][PASSED] - Modify property of object successfully

2018-08-01 09:15:32 - [MESSAGE][PASSED] - Object: 'Object Repository/Catalog/ProductSelection/ProductSelector' is clicked on

2018-08-01 09:15:32 - [MESSAGE][PASSED] - productSelection.productSelection.SelectProduct is PASSED

2018-08-01 09:15:32 - [TEST_STEP][PASSED] - click: Object: 'Object Repository/Catalog/ProductSelection/ProductSelection_OK' is clicked on

2018-08-01 09:15:33 - [MESSAGE][PASSED] - Object: 'Object Repository/Catalog/ProductSelection/ProductSelection_OK' is clicked on

2018-08-01 09:15:33 - [TEST_STEP][PASSED] - waitForElementNotPresent: Web element with id: 'Object Repository/LoadingMask' located by 'By.xpath: //div[@class='loading-mask']' is not present after '15' second(s)

2018-08-01 09:15:33 - [MESSAGE][WARNING] - Timeout '0' is invalid. Using default page load timeout: '15'

2018-08-01 09:15:34 - [MESSAGE][PASSED] - Web element with id: 'Object Repository/LoadingMask' located by 'By.xpath: //div[@class='loading-mask']' is not present after '15' second(s)

2018-08-01 09:15:34 - [TEST_STEP][PASSED] - click: Object: 'Object Repository/Catalog/Main/CatalogAOIImport_Button' is clicked on

2018-08-01 09:15:34 - [MESSAGE][PASSED] - Object: 'Object Repository/Catalog/Main/CatalogAOIImport_Button' is clicked on

2018-08-01 09:15:34 - [TEST_STEP][PASSED] - sendKeys: Keys '\\diskstation1\Data\esp\test_data\HoustonBayArea.zip' sent to object: 'Object Repository/Catalog/AOI/AOIFIlePath_Field'

2018-08-01 09:15:35 - [MESSAGE][PASSED] - Keys '\\diskstation1\Data\esp\test_data\HoustonBayArea.zip' sent to object: 'Object Repository/Catalog/AOI/AOIFIlePath_Field'

2018-08-01 09:15:35 - [TEST_STEP][PASSED] - click: Object: 'Object Repository/Catalog/AOI/AOIExecutetheImport_button' is clicked on

2018-08-01 09:15:35 - [MESSAGE][PASSED] - Object: 'Object Repository/Catalog/AOI/AOIExecutetheImport_button' is clicked on

2018-08-01 09:15:35 - [TEST_STEP][PASSED] - waitForElementNotPresent: Web element with id: 'Object Repository/LoadingMask' located by 'By.xpath: //div[@class='loading-mask']' is not present after '15' second(s)

2018-08-01 09:15:35 - [MESSAGE][WARNING] - Timeout '0' is invalid. Using default page load timeout: '15'

2018-08-01 09:15:35 - [MESSAGE][PASSED] - Web element with id: 'Object Repository/LoadingMask' located by 'By.xpath: //div[@class='loading-mask']' is not present after '15' second(s)

2018-08-01 09:15:35 - [TEST_STEP][FAILED] - click: Unable to click on object 'Object Repository/Catalog/SearchResults/SearchResults_SelectAll' (Root cause: org.openqa.selenium.WebDriverException: unknown error: Element <input type="checkbox" value="on"> is not clickable at point (815, 470). Other element would receive the click: <div role="dialog" tabindex="-1" class="fade in modal" style="display: block;">...</div>
  (Session info: chrome=67.0.3396.99)
  (Driver info: chromedriver=2.35.528161 (5b82f2d2aae0ca24b877009200ced9065a772e73),platform=Windows NT 10.0.17134 x86_64) (WARNING: The server did not provide any stacktrace information)
Command duration or timeout: 0 milliseconds
Build info: version: '3.7.1', revision: '8a0099a', time: '2017-11-06T21:07:36.161Z'
System info: host: 'MUSES-DAVID', ip: '192.168.56.1', os.name: 'Windows 10', os.arch: 'amd64', os.version: '10.0', java.version: '1.8.0_102'
Driver info: com.kms.katalon.selenium.driver.CChromeDriver
Capabilities {acceptInsecureCerts: false, acceptSslCerts: false, applicationCacheEnabled: false, browserConnectionEnabled: false, browserName: chrome, chrome: {chromedriverVersion: 2.35.528161 (5b82f2d2aae0ca..., userDataDir: C:\Users\DGlenn\AppData\Loc...}, cssSelectorsEnabled: true, databaseEnabled: false, handlesAlerts: true, hasTouchScreen: false, javascriptEnabled: true, locationContextEnabled: true, mobileEmulationEnabled: false, nativeEvents: true, networkConnectionEnabled: false, pageLoadStrategy: normal, platform: XP, platformName: XP, rotatable: false, setWindowRect: true, takesHeapSnapshot: true, takesScreenshot: true, unexpectedAlertBehaviour: , unhandledPromptBehavior: , version: 67.0.3396.99, webStorageEnabled: true}
Session ID: f40b3f3a8696b9d6fc8e3c750ddba4c8)

2018-08-01 09:15:36 - [MESSAGE][FAILED] - Unable to click on object 'Object Repository/Catalog/SearchResults/SearchResults_SelectAll' (Root cause: org.openqa.selenium.WebDriverException: unknown error: Element <input type="checkbox" value="on"> is not clickable at point (815, 470). Other element would receive the click: <div role="dialog" tabindex="-1" class="fade in modal" style="display: block;">...</div>
  (Session info: chrome=67.0.3396.99)
  (Driver info: chromedriver=2.35.528161 (5b82f2d2aae0ca24b877009200ced9065a772e73),platform=Windows NT 10.0.17134 x86_64) (WARNING: The server did not provide any stacktrace information)
Command duration or timeout: 0 milliseconds
Build info: version: '3.7.1', revision: '8a0099a', time: '2017-11-06T21:07:36.161Z'
System info: host: 'MUSES-DAVID', ip: '192.168.56.1', os.name: 'Windows 10', os.arch: 'amd64', os.version: '10.0', java.version: '1.8.0_102'
Driver info: com.kms.katalon.selenium.driver.CChromeDriver
Capabilities {acceptInsecureCerts: false, acceptSslCerts: false, applicationCacheEnabled: false, browserConnectionEnabled: false, browserName: chrome, chrome: {chromedriverVersion: 2.35.528161 (5b82f2d2aae0ca..., userDataDir: C:\Users\DGlenn\AppData\Loc...}, cssSelectorsEnabled: true, databaseEnabled: false, handlesAlerts: true, hasTouchScreen: false, javascriptEnabled: true, locationContextEnabled: true, mobileEmulationEnabled: false, nativeEvents: true, networkConnectionEnabled: false, pageLoadStrategy: normal, platform: XP, platformName: XP, rotatable: false, setWindowRect: true, takesHeapSnapshot: true, takesScreenshot: true, unexpectedAlertBehaviour: , unhandledPromptBehavior: , version: 67.0.3396.99, webStorageEnabled: true}
Session ID: f40b3f3a8696b9d6fc8e3c750ddba4c8)
[[ATTACHMENT|D:\\ATPS\\ESPATP\\Reports\\User\\20180801_091353\\1533132935723.png]]]]></system-out>
         <system-err><![CDATA[2018-08-01 09:15:16 - [TEST_CASE][FAILED] - Test Cases/LidarandOrthosOrder: Test Cases/LidarandOrthosOrder FAILED because (of) Unable to click on object 'Object Repository/Catalog/SearchResults/SearchResults_SelectAll' (Root cause: org.openqa.selenium.WebDriverException: unknown error: Element <input type="checkbox" value="on"> is not clickable at point (815, 470). Other element would receive the click: <div role="dialog" tabindex="-1" class="fade in modal" style="display: block;">...</div>
  (Session info: chrome=67.0.3396.99)
  (Driver info: chromedriver=2.35.528161 (5b82f2d2aae0ca24b877009200ced9065a772e73),platform=Windows NT 10.0.17134 x86_64) (WARNING: The server did not provide any stacktrace information)
Command duration or timeout: 0 milliseconds
Build info: version: '3.7.1', revision: '8a0099a', time: '2017-11-06T21:07:36.161Z'
System info: host: 'MUSES-DAVID', ip: '192.168.56.1', os.name: 'Windows 10', os.arch: 'amd64', os.version: '10.0', java.version: '1.8.0_102'
Driver info: com.kms.katalon.selenium.driver.CChromeDriver
Capabilities {acceptInsecureCerts: false, acceptSslCerts: false, applicationCacheEnabled: false, browserConnectionEnabled: false, browserName: chrome, chrome: {chromedriverVersion: 2.35.528161 (5b82f2d2aae0ca..., userDataDir: C:\Users\DGlenn\AppData\Loc...}, cssSelectorsEnabled: true, databaseEnabled: false, handlesAlerts: true, hasTouchScreen: false, javascriptEnabled: true, locationContextEnabled: true, mobileEmulationEnabled: false, nativeEvents: true, networkConnectionEnabled: false, pageLoadStrategy: normal, platform: XP, platformName: XP, rotatable: false, setWindowRect: true, takesHeapSnapshot: true, takesScreenshot: true, unexpectedAlertBehaviour: , unhandledPromptBehavior: , version: 67.0.3396.99, webStorageEnabled: true}
Session ID: f40b3f3a8696b9d6fc8e3c750ddba4c8)]]></system-err>
      </testcase>
      <testcase name="Test Cases/LidarPostProcessing" classname="Test Cases/LidarPostProcessing" status="FAILED">
         <failure type="FAILED" message="Unable to click on object 'Object Repository/Catalog/PostProcessingLidar/HillshadeImage_CheckBox' (Root cause: org.openqa.selenium.WebDriverException: unknown error: Element &lt;input type=&quot;checkbox&quot; value=&quot;on&quot;> is not clickable at point (860, 525). Other element would receive the click: &lt;label>...&lt;/label>
  (Session info: chrome=67.0.3396.99)
  (Driver info: chromedriver=2.35.528161 (5b82f2d2aae0ca24b877009200ced9065a772e73),platform=Windows NT 10.0.17134 x86_64) (WARNING: The server did not provide any stacktrace information)
Command duration or timeout: 0 milliseconds
Build info: version: '3.7.1', revision: '8a0099a', time: '2017-11-06T21:07:36.161Z'
System info: host: 'MUSES-DAVID', ip: '192.168.56.1', os.name: 'Windows 10', os.arch: 'amd64', os.version: '10.0', java.version: '1.8.0_102'
Driver info: com.kms.katalon.selenium.driver.CChromeDriver
Capabilities {acceptInsecureCerts: false, acceptSslCerts: false, applicationCacheEnabled: false, browserConnectionEnabled: false, browserName: chrome, chrome: {chromedriverVersion: 2.35.528161 (5b82f2d2aae0ca..., userDataDir: C:\Users\DGlenn\AppData\Loc...}, cssSelectorsEnabled: true, databaseEnabled: false, handlesAlerts: true, hasTouchScreen: false, javascriptEnabled: true, locationContextEnabled: true, mobileEmulationEnabled: false, nativeEvents: true, networkConnectionEnabled: false, pageLoadStrategy: normal, platform: XP, platformName: XP, rotatable: false, setWindowRect: true, takesHeapSnapshot: true, takesScreenshot: true, unexpectedAlertBehaviour: , unhandledPromptBehavior: , version: 67.0.3396.99, webStorageEnabled: true}
Session ID: 5937528a28ea99c10aad1e4a51fe55c7)"/>
         <system-out><![CDATA[2018-08-01 09:15:36 - [TEST_CASE][FAILED] - Test Cases/LidarPostProcessing: Test Cases/LidarPostProcessing FAILED because (of) Unable to click on object 'Object Repository/Catalog/PostProcessingLidar/HillshadeImage_CheckBox' (Root cause: org.openqa.selenium.WebDriverException: unknown error: Element <input type="checkbox" value="on"> is not clickable at point (860, 525). Other element would receive the click: <label>...</label>
  (Session info: chrome=67.0.3396.99)
  (Driver info: chromedriver=2.35.528161 (5b82f2d2aae0ca24b877009200ced9065a772e73),platform=Windows NT 10.0.17134 x86_64) (WARNING: The server did not provide any stacktrace information)
Command duration or timeout: 0 milliseconds
Build info: version: '3.7.1', revision: '8a0099a', time: '2017-11-06T21:07:36.161Z'
System info: host: 'MUSES-DAVID', ip: '192.168.56.1', os.name: 'Windows 10', os.arch: 'amd64', os.version: '10.0', java.version: '1.8.0_102'
Driver info: com.kms.katalon.selenium.driver.CChromeDriver
Capabilities {acceptInsecureCerts: false, acceptSslCerts: false, applicationCacheEnabled: false, browserConnectionEnabled: false, browserName: chrome, chrome: {chromedriverVersion: 2.35.528161 (5b82f2d2aae0ca..., userDataDir: C:\Users\DGlenn\AppData\Loc...}, cssSelectorsEnabled: true, databaseEnabled: false, handlesAlerts: true, hasTouchScreen: false, javascriptEnabled: true, locationContextEnabled: true, mobileEmulationEnabled: false, nativeEvents: true, networkConnectionEnabled: false, pageLoadStrategy: normal, platform: XP, platformName: XP, rotatable: false, setWindowRect: true, takesHeapSnapshot: true, takesScreenshot: true, unexpectedAlertBehaviour: , unhandledPromptBehavior: , version: 67.0.3396.99, webStorageEnabled: true}
Session ID: 5937528a28ea99c10aad1e4a51fe55c7)

2018-08-01 09:15:36 - [TEST_STEP][PASSED] - callTestCase: Call Test Case 'Test Cases/Utilities/LogMeIn' successfully

2018-08-01 09:15:36 - [TEST_CASE][PASSED] - Test Cases/Utilities/LogMeIn: Test Cases/Utilities/LogMeIn

2018-08-01 09:15:36 - [TEST_STEP][PASSED] - Statement - envData = com.kms.katalon.core.testdata.TestDataFactory.findTestData(LoginData): Reading excel file with source file 'D:\ATPS\TestData\logins.xlsx' and sheet name 'Test1'

2018-08-01 09:15:36 - [TEST_STEP][PASSED] - Statement - rowNdx = 1: null

2018-08-01 09:15:36 - [TEST_STEP][PASSED] - Statement - If (Role == "Company Admin"): null

2018-08-01 09:15:36 - [TEST_STEP][PASSED] - Statement - Else If (Role == "User"): null

2018-08-01 09:15:36 - [TEST_STEP][PASSED] - Statement - rowNdx == 2: null

2018-08-01 09:15:36 - [TEST_STEP][PASSED] - Statement - User = envData.getValue(2, rowNdx): null

2018-08-01 09:15:36 - [TEST_STEP][PASSED] - Statement - pwd = envData.getValue(3, rowNdx): null

2018-08-01 09:15:36 - [TEST_STEP][PASSED] - Statement - ScreenShotFile = envData.getValue(4, rowNdx): null

2018-08-01 09:15:36 - [TEST_STEP][PASSED] - Statement - theSite = GeoCueCompanySite: null

2018-08-01 09:15:36 - [TEST_STEP][PASSED] - Statement - If (Company != null): null

2018-08-01 09:15:36 - [TEST_STEP][PASSED] - Statement - theSite = theSite.replace("geocue", Company): null

2018-08-01 09:15:36 - [TEST_STEP][PASSED] - openBrowser: Browser is opened with url: 'http://dev.localhost:38251'

2018-08-01 09:15:36 - [MESSAGE][WARNING] - A browser is already opened. Closing browser and opening a new one

2018-08-01 09:15:39 - [MESSAGE][PASSED] - Browser is opened with url: 'http://dev.localhost:38251'

2018-08-01 09:15:39 - [TEST_STEP][PASSED] - maximizeWindow: Current window maximized

2018-08-01 09:15:41 - [MESSAGE][PASSED] - Current window maximized

2018-08-01 09:15:41 - [TEST_STEP][PASSED] - setText: Text 'dglenn@geocue.com' is set on object 'Object Repository/Catalog/input_Email'

2018-08-01 09:15:41 - [MESSAGE][PASSED] - Text 'dglenn@geocue.com' is set on object 'Object Repository/Catalog/input_Email'

2018-08-01 09:15:41 - [TEST_STEP][PASSED] - setText: Text 'David123!' is set on object 'Object Repository/Catalog/input_Password'

2018-08-01 09:15:41 - [MESSAGE][PASSED] - Text 'David123!' is set on object 'Object Repository/Catalog/input_Password'

2018-08-01 09:15:41 - [TEST_STEP][PASSED] - click: Object: 'Object Repository/Catalog/Signin_Button' is clicked on

2018-08-01 09:15:44 - [MESSAGE][PASSED] - Object: 'Object Repository/Catalog/Signin_Button' is clicked on

2018-08-01 09:15:44 - [TEST_STEP][PASSED] - waitForElementNotPresent: Web element with id: 'Object Repository/LoadingMask' located by 'By.xpath: //div[@class='loading-mask']' is not present after '15' second(s)

2018-08-01 09:15:44 - [MESSAGE][WARNING] - Timeout '0' is invalid. Using default page load timeout: '15'

2018-08-01 09:15:48 - [MESSAGE][PASSED] - Web element with id: 'Object Repository/LoadingMask' located by 'By.xpath: //div[@class='loading-mask']' is not present after '15' second(s)

2018-08-01 09:15:48 - [TEST_STEP][PASSED] - click: Object: 'Object Repository/Cesium/canvas' is clicked on

2018-08-01 09:15:48 - [MESSAGE][PASSED] - Object: 'Object Repository/Cesium/canvas' is clicked on

2018-08-01 09:15:48 - [TEST_STEP][PASSED] - Statement - return null: null

2018-08-01 09:15:48 - [MESSAGE][PASSED] - Call Test Case 'Test Cases/Utilities/LogMeIn' successfully

2018-08-01 09:15:48 - [TEST_STEP][PASSED] - waitForElementNotPresent: Web element with id: 'Object Repository/LoadingMask' located by 'By.xpath: //div[@class='loading-mask']' is not present after '15' second(s)

2018-08-01 09:15:48 - [MESSAGE][WARNING] - Timeout '0' is invalid. Using default page load timeout: '15'

2018-08-01 09:15:48 - [MESSAGE][PASSED] - Web element with id: 'Object Repository/LoadingMask' located by 'By.xpath: //div[@class='loading-mask']' is not present after '15' second(s)

2018-08-01 09:15:48 - [TEST_STEP][PASSED] - setText: Text 'Houston, TX' is set on object 'Object Repository/Cesium/CesiumSearchField'

2018-08-01 09:15:48 - [MESSAGE][PASSED] - Text 'Houston, TX' is set on object 'Object Repository/Cesium/CesiumSearchField'

2018-08-01 09:15:48 - [TEST_STEP][PASSED] - click: Object: 'Object Repository/Cesium/CesiumSearchButton' is clicked on

2018-08-01 09:15:49 - [MESSAGE][PASSED] - Object: 'Object Repository/Cesium/CesiumSearchButton' is clicked on

2018-08-01 09:15:49 - [TEST_STEP][PASSED] - waitForElementNotPresent: Web element with id: 'Object Repository/LoadingMask' located by 'By.xpath: //div[@class='loading-mask']' is not present after '15' second(s)

2018-08-01 09:15:49 - [MESSAGE][WARNING] - Timeout '0' is invalid. Using default page load timeout: '15'

2018-08-01 09:15:49 - [MESSAGE][PASSED] - Web element with id: 'Object Repository/LoadingMask' located by 'By.xpath: //div[@class='loading-mask']' is not present after '15' second(s)

2018-08-01 09:15:49 - [TEST_STEP][PASSED] - delay: Delayed 3 second(s)

2018-08-01 09:15:52 - [MESSAGE][PASSED] - Delayed 3 second(s)

2018-08-01 09:15:52 - [TEST_STEP][PASSED] - click: Object: 'Object Repository/Catalog/Main/CatalogAOIAsView_Button' is clicked on

2018-08-01 09:15:52 - [MESSAGE][PASSED] - Object: 'Object Repository/Catalog/Main/CatalogAOIAsView_Button' is clicked on

2018-08-01 09:15:52 - [TEST_STEP][PASSED] - waitForElementNotPresent: Web element with id: 'Object Repository/LoadingMask' located by 'By.xpath: //div[@class='loading-mask']' is not present after '15' second(s)

2018-08-01 09:15:52 - [MESSAGE][WARNING] - Timeout '0' is invalid. Using default page load timeout: '15'

2018-08-01 09:15:52 - [MESSAGE][PASSED] - Web element with id: 'Object Repository/LoadingMask' located by 'By.xpath: //div[@class='loading-mask']' is not present after '15' second(s)

2018-08-01 09:15:52 - [TEST_STEP][PASSED] - click: Object: 'Object Repository/Catalog/Main/CatalogProducts_Button' is clicked on

2018-08-01 09:15:52 - [MESSAGE][PASSED] - Object: 'Object Repository/Catalog/Main/CatalogProducts_Button' is clicked on

2018-08-01 09:15:52 - [TEST_STEP][PASSED] - productSelection.productSelection.SelectProduct: productSelection.productSelection.SelectProduct is PASSED

2018-08-01 09:15:52 - [MESSAGE][PASSED] - Modify property of object successfully

2018-08-01 09:15:52 - [MESSAGE][PASSED] - Object: 'Object Repository/Catalog/ProductSelection/ProductSelector' is clicked on

2018-08-01 09:15:52 - [MESSAGE][PASSED] - productSelection.productSelection.SelectProduct is PASSED

2018-08-01 09:15:52 - [TEST_STEP][PASSED] - click: Object: 'Object Repository/Catalog/ProductSelection/ProductSelection_OK' is clicked on

2018-08-01 09:15:52 - [MESSAGE][PASSED] - Object: 'Object Repository/Catalog/ProductSelection/ProductSelection_OK' is clicked on

2018-08-01 09:15:52 - [TEST_STEP][PASSED] - waitForElementNotPresent: Web element with id: 'Object Repository/LoadingMask' located by 'By.xpath: //div[@class='loading-mask']' is not present after '15' second(s)

2018-08-01 09:15:52 - [MESSAGE][WARNING] - Timeout '0' is invalid. Using default page load timeout: '15'

2018-08-01 09:15:54 - [MESSAGE][PASSED] - Web element with id: 'Object Repository/LoadingMask' located by 'By.xpath: //div[@class='loading-mask']' is not present after '15' second(s)

2018-08-01 09:15:54 - [TEST_STEP][PASSED] - click: Object: 'Object Repository/Catalog/SearchResults/SearchResults_SelectAll' is clicked on

2018-08-01 09:15:54 - [MESSAGE][PASSED] - Object: 'Object Repository/Catalog/SearchResults/SearchResults_SelectAll' is clicked on

2018-08-01 09:15:54 - [TEST_STEP][PASSED] - click: Object: 'Object Repository/Catalog/SearchResults/SearchResultsAddSelectedToCart_Button' is clicked on

2018-08-01 09:15:55 - [MESSAGE][PASSED] - Object: 'Object Repository/Catalog/SearchResults/SearchResultsAddSelectedToCart_Button' is clicked on

2018-08-01 09:15:55 - [TEST_STEP][PASSED] - click: Object: 'Object Repository/Catalog/OrderCart/OrderCart_Button' is clicked on

2018-08-01 09:15:55 - [MESSAGE][PASSED] - Object: 'Object Repository/Catalog/OrderCart/OrderCart_Button' is clicked on

2018-08-01 09:15:55 - [TEST_STEP][PASSED] - click: Object: 'Object Repository/Catalog/OrderCart/OrderCartCheckout_Button' is clicked on

2018-08-01 09:15:55 - [MESSAGE][PASSED] - Object: 'Object Repository/Catalog/OrderCart/OrderCartCheckout_Button' is clicked on

2018-08-01 09:15:55 - [TEST_STEP][PASSED] - Statement - date = new java.util.Date(): null

2018-08-01 09:15:55 - [TEST_STEP][PASSED] - Statement - sdf = new java.text.SimpleDateFormat(yyyy-MM-dd HH:mm:ss): null

2018-08-01 09:15:55 - [TEST_STEP][PASSED] - Statement - aDate = sdf.format(new java.util.Date()): null

2018-08-01 09:15:55 - [TEST_STEP][PASSED] - Statement - OName = "ATPLIdarPostProcessing-" + aDate: null

2018-08-01 09:15:55 - [TEST_STEP][PASSED] - setText: Text 'ATPLIdarPostProcessing-2018-08-01 09:15:55' is set on object 'Object Repository/Catalog/OrderCart/OrderCartOrderName_Field'

2018-08-01 09:15:56 - [MESSAGE][PASSED] - Text 'ATPLIdarPostProcessing-2018-08-01 09:15:55' is set on object 'Object Repository/Catalog/OrderCart/OrderCartOrderName_Field'

2018-08-01 09:15:56 - [TEST_STEP][PASSED] - click: Object: 'Object Repository/Catalog/PostProcessingLidar/PostProcessing_button_Add' is clicked on

2018-08-01 09:15:56 - [MESSAGE][PASSED] - Object: 'Object Repository/Catalog/PostProcessingLidar/PostProcessing_button_Add' is clicked on

2018-08-01 09:15:56 - [TEST_STEP][PASSED] - check: Object 'Object Repository/Catalog/PostProcessingLidar/ClipToAOI_Checkbox' is checked

2018-08-01 09:15:56 - [MESSAGE][PASSED] - Object 'Object Repository/Catalog/PostProcessingLidar/ClipToAOI_Checkbox' is checked

2018-08-01 09:15:56 - [TEST_STEP][PASSED] - click: Object: 'Object Repository/Catalog/PostProcessingLidar/PostProcessing_button_OK' is clicked on

2018-08-01 09:15:56 - [MESSAGE][PASSED] - Object: 'Object Repository/Catalog/PostProcessingLidar/PostProcessing_button_OK' is clicked on

2018-08-01 09:15:56 - [TEST_STEP][PASSED] - click: Object: 'Object Repository/Catalog/PostProcessingLidar/PostProcessing_button_Remove' is clicked on

2018-08-01 09:15:57 - [MESSAGE][PASSED] - Object: 'Object Repository/Catalog/PostProcessingLidar/PostProcessing_button_Remove' is clicked on

2018-08-01 09:15:57 - [TEST_STEP][PASSED] - click: Object: 'Object Repository/Catalog/PostProcessingLidar/PostProcessing_button_Add' is clicked on

2018-08-01 09:15:57 - [MESSAGE][PASSED] - Object: 'Object Repository/Catalog/PostProcessingLidar/PostProcessing_button_Add' is clicked on

2018-08-01 09:15:57 - [TEST_STEP][PASSED] - check: Object 'Object Repository/Catalog/PostProcessingLidar/ClipToAOI_Checkbox' is checked

2018-08-01 09:15:57 - [MESSAGE][PASSED] - Object 'Object Repository/Catalog/PostProcessingLidar/ClipToAOI_Checkbox' is checked

2018-08-01 09:15:57 - [TEST_STEP][FAILED] - click: Unable to click on object 'Object Repository/Catalog/PostProcessingLidar/HillshadeImage_CheckBox' (Root cause: org.openqa.selenium.WebDriverException: unknown error: Element <input type="checkbox" value="on"> is not clickable at point (860, 525). Other element would receive the click: <label>...</label>
  (Session info: chrome=67.0.3396.99)
  (Driver info: chromedriver=2.35.528161 (5b82f2d2aae0ca24b877009200ced9065a772e73),platform=Windows NT 10.0.17134 x86_64) (WARNING: The server did not provide any stacktrace information)
Command duration or timeout: 0 milliseconds
Build info: version: '3.7.1', revision: '8a0099a', time: '2017-11-06T21:07:36.161Z'
System info: host: 'MUSES-DAVID', ip: '192.168.56.1', os.name: 'Windows 10', os.arch: 'amd64', os.version: '10.0', java.version: '1.8.0_102'
Driver info: com.kms.katalon.selenium.driver.CChromeDriver
Capabilities {acceptInsecureCerts: false, acceptSslCerts: false, applicationCacheEnabled: false, browserConnectionEnabled: false, browserName: chrome, chrome: {chromedriverVersion: 2.35.528161 (5b82f2d2aae0ca..., userDataDir: C:\Users\DGlenn\AppData\Loc...}, cssSelectorsEnabled: true, databaseEnabled: false, handlesAlerts: true, hasTouchScreen: false, javascriptEnabled: true, locationContextEnabled: true, mobileEmulationEnabled: false, nativeEvents: true, networkConnectionEnabled: false, pageLoadStrategy: normal, platform: XP, platformName: XP, rotatable: false, setWindowRect: true, takesHeapSnapshot: true, takesScreenshot: true, unexpectedAlertBehaviour: , unhandledPromptBehavior: , version: 67.0.3396.99, webStorageEnabled: true}
Session ID: 5937528a28ea99c10aad1e4a51fe55c7)

2018-08-01 09:15:57 - [MESSAGE][FAILED] - Unable to click on object 'Object Repository/Catalog/PostProcessingLidar/HillshadeImage_CheckBox' (Root cause: org.openqa.selenium.WebDriverException: unknown error: Element <input type="checkbox" value="on"> is not clickable at point (860, 525). Other element would receive the click: <label>...</label>
  (Session info: chrome=67.0.3396.99)
  (Driver info: chromedriver=2.35.528161 (5b82f2d2aae0ca24b877009200ced9065a772e73),platform=Windows NT 10.0.17134 x86_64) (WARNING: The server did not provide any stacktrace information)
Command duration or timeout: 0 milliseconds
Build info: version: '3.7.1', revision: '8a0099a', time: '2017-11-06T21:07:36.161Z'
System info: host: 'MUSES-DAVID', ip: '192.168.56.1', os.name: 'Windows 10', os.arch: 'amd64', os.version: '10.0', java.version: '1.8.0_102'
Driver info: com.kms.katalon.selenium.driver.CChromeDriver
Capabilities {acceptInsecureCerts: false, acceptSslCerts: false, applicationCacheEnabled: false, browserConnectionEnabled: false, browserName: chrome, chrome: {chromedriverVersion: 2.35.528161 (5b82f2d2aae0ca..., userDataDir: C:\Users\DGlenn\AppData\Loc...}, cssSelectorsEnabled: true, databaseEnabled: false, handlesAlerts: true, hasTouchScreen: false, javascriptEnabled: true, locationContextEnabled: true, mobileEmulationEnabled: false, nativeEvents: true, networkConnectionEnabled: false, pageLoadStrategy: normal, platform: XP, platformName: XP, rotatable: false, setWindowRect: true, takesHeapSnapshot: true, takesScreenshot: true, unexpectedAlertBehaviour: , unhandledPromptBehavior: , version: 67.0.3396.99, webStorageEnabled: true}
Session ID: 5937528a28ea99c10aad1e4a51fe55c7)
[[ATTACHMENT|D:\\ATPS\\ESPATP\\Reports\\User\\20180801_091353\\1533132957393.png]]]]></system-out>
         <system-err><![CDATA[2018-08-01 09:15:36 - [TEST_CASE][FAILED] - Test Cases/LidarPostProcessing: Test Cases/LidarPostProcessing FAILED because (of) Unable to click on object 'Object Repository/Catalog/PostProcessingLidar/HillshadeImage_CheckBox' (Root cause: org.openqa.selenium.WebDriverException: unknown error: Element <input type="checkbox" value="on"> is not clickable at point (860, 525). Other element would receive the click: <label>...</label>
  (Session info: chrome=67.0.3396.99)
  (Driver info: chromedriver=2.35.528161 (5b82f2d2aae0ca24b877009200ced9065a772e73),platform=Windows NT 10.0.17134 x86_64) (WARNING: The server did not provide any stacktrace information)
Command duration or timeout: 0 milliseconds
Build info: version: '3.7.1', revision: '8a0099a', time: '2017-11-06T21:07:36.161Z'
System info: host: 'MUSES-DAVID', ip: '192.168.56.1', os.name: 'Windows 10', os.arch: 'amd64', os.version: '10.0', java.version: '1.8.0_102'
Driver info: com.kms.katalon.selenium.driver.CChromeDriver
Capabilities {acceptInsecureCerts: false, acceptSslCerts: false, applicationCacheEnabled: false, browserConnectionEnabled: false, browserName: chrome, chrome: {chromedriverVersion: 2.35.528161 (5b82f2d2aae0ca..., userDataDir: C:\Users\DGlenn\AppData\Loc...}, cssSelectorsEnabled: true, databaseEnabled: false, handlesAlerts: true, hasTouchScreen: false, javascriptEnabled: true, locationContextEnabled: true, mobileEmulationEnabled: false, nativeEvents: true, networkConnectionEnabled: false, pageLoadStrategy: normal, platform: XP, platformName: XP, rotatable: false, setWindowRect: true, takesHeapSnapshot: true, takesScreenshot: true, unexpectedAlertBehaviour: , unhandledPromptBehavior: , version: 67.0.3396.99, webStorageEnabled: true}
Session ID: 5937528a28ea99c10aad1e4a51fe55c7)]]></system-err>
      </testcase>
      <testcase name="Test Cases/NAIPFilteredOrder" classname="Test Cases/NAIPFilteredOrder" status="FAILED">
         <failure type="FAILED" message="Unable to click on object 'Object Repository/Catalog/SearchResults/SearchResults_SelectFirstRow' (Root cause: com.kms.katalon.core.webui.exception.WebElementNotFoundException: Web element with id: 'Object Repository/Catalog/SearchResults/SearchResults_SelectFirstRow' located by 'By.xpath: //div[@id='searchResult-pane-1']/descendant::div[@class='fixedDataTableRowLayout_rowWrapper'][2]/descendant::input[@type='checkbox']' not found)"/>
         <system-out><![CDATA[2018-08-01 09:15:57 - [TEST_CASE][FAILED] - Test Cases/NAIPFilteredOrder: Test Cases/NAIPFilteredOrder FAILED because (of) Unable to click on object 'Object Repository/Catalog/SearchResults/SearchResults_SelectFirstRow' (Root cause: com.kms.katalon.core.webui.exception.WebElementNotFoundException: Web element with id: 'Object Repository/Catalog/SearchResults/SearchResults_SelectFirstRow' located by 'By.xpath: //div[@id='searchResult-pane-1']/descendant::div[@class='fixedDataTableRowLayout_rowWrapper'][2]/descendant::input[@type='checkbox']' not found)

2018-08-01 09:15:58 - [TEST_STEP][PASSED] - callTestCase: Call Test Case 'Test Cases/Utilities/LogMeIn' successfully

2018-08-01 09:15:58 - [TEST_CASE][PASSED] - Test Cases/Utilities/LogMeIn: Test Cases/Utilities/LogMeIn

2018-08-01 09:15:58 - [TEST_STEP][PASSED] - Statement - envData = com.kms.katalon.core.testdata.TestDataFactory.findTestData(LoginData): Reading excel file with source file 'D:\ATPS\TestData\logins.xlsx' and sheet name 'Test1'

2018-08-01 09:15:58 - [TEST_STEP][PASSED] - Statement - rowNdx = 1: null

2018-08-01 09:15:58 - [TEST_STEP][PASSED] - Statement - If (Role == "Company Admin"): null

2018-08-01 09:15:58 - [TEST_STEP][PASSED] - Statement - Else If (Role == "User"): null

2018-08-01 09:15:58 - [TEST_STEP][PASSED] - Statement - rowNdx == 2: null

2018-08-01 09:15:58 - [TEST_STEP][PASSED] - Statement - User = envData.getValue(2, rowNdx): null

2018-08-01 09:15:58 - [TEST_STEP][PASSED] - Statement - pwd = envData.getValue(3, rowNdx): null

2018-08-01 09:15:58 - [TEST_STEP][PASSED] - Statement - ScreenShotFile = envData.getValue(4, rowNdx): null

2018-08-01 09:15:58 - [TEST_STEP][PASSED] - Statement - theSite = GeoCueCompanySite: null

2018-08-01 09:15:58 - [TEST_STEP][PASSED] - Statement - If (Company != null): null

2018-08-01 09:15:58 - [TEST_STEP][PASSED] - Statement - theSite = theSite.replace("geocue", Company): null

2018-08-01 09:15:58 - [TEST_STEP][PASSED] - openBrowser: Browser is opened with url: 'http://dev.localhost:38251'

2018-08-01 09:15:58 - [MESSAGE][WARNING] - A browser is already opened. Closing browser and opening a new one

2018-08-01 09:16:01 - [MESSAGE][PASSED] - Browser is opened with url: 'http://dev.localhost:38251'

2018-08-01 09:16:01 - [TEST_STEP][PASSED] - maximizeWindow: Current window maximized

2018-08-01 09:16:02 - [MESSAGE][PASSED] - Current window maximized

2018-08-01 09:16:02 - [TEST_STEP][PASSED] - setText: Text 'dglenn@geocue.com' is set on object 'Object Repository/Catalog/input_Email'

2018-08-01 09:16:02 - [MESSAGE][PASSED] - Text 'dglenn@geocue.com' is set on object 'Object Repository/Catalog/input_Email'

2018-08-01 09:16:02 - [TEST_STEP][PASSED] - setText: Text 'David123!' is set on object 'Object Repository/Catalog/input_Password'

2018-08-01 09:16:02 - [MESSAGE][PASSED] - Text 'David123!' is set on object 'Object Repository/Catalog/input_Password'

2018-08-01 09:16:02 - [TEST_STEP][PASSED] - click: Object: 'Object Repository/Catalog/Signin_Button' is clicked on

2018-08-01 09:16:05 - [MESSAGE][PASSED] - Object: 'Object Repository/Catalog/Signin_Button' is clicked on

2018-08-01 09:16:05 - [TEST_STEP][PASSED] - waitForElementNotPresent: Web element with id: 'Object Repository/LoadingMask' located by 'By.xpath: //div[@class='loading-mask']' is not present after '15' second(s)

2018-08-01 09:16:05 - [MESSAGE][WARNING] - Timeout '0' is invalid. Using default page load timeout: '15'

2018-08-01 09:16:10 - [MESSAGE][PASSED] - Web element with id: 'Object Repository/LoadingMask' located by 'By.xpath: //div[@class='loading-mask']' is not present after '15' second(s)

2018-08-01 09:16:10 - [TEST_STEP][PASSED] - click: Object: 'Object Repository/Cesium/canvas' is clicked on

2018-08-01 09:16:10 - [MESSAGE][PASSED] - Object: 'Object Repository/Cesium/canvas' is clicked on

2018-08-01 09:16:10 - [TEST_STEP][PASSED] - Statement - return null: null

2018-08-01 09:16:10 - [MESSAGE][PASSED] - Call Test Case 'Test Cases/Utilities/LogMeIn' successfully

2018-08-01 09:16:10 - [TEST_STEP][PASSED] - waitForElementNotPresent: Web element with id: 'Object Repository/LoadingMask' located by 'By.xpath: //div[@class='loading-mask']' is not present after '15' second(s)

2018-08-01 09:16:10 - [MESSAGE][WARNING] - Timeout '0' is invalid. Using default page load timeout: '15'

2018-08-01 09:16:10 - [MESSAGE][PASSED] - Web element with id: 'Object Repository/LoadingMask' located by 'By.xpath: //div[@class='loading-mask']' is not present after '15' second(s)

2018-08-01 09:16:10 - [TEST_STEP][PASSED] - setText: Text 'Atlanta, GA' is set on object 'Object Repository/Cesium/CesiumSearchField'

2018-08-01 09:16:10 - [MESSAGE][PASSED] - Text 'Atlanta, GA' is set on object 'Object Repository/Cesium/CesiumSearchField'

2018-08-01 09:16:10 - [TEST_STEP][PASSED] - click: Object: 'Object Repository/Cesium/CesiumSearchButton' is clicked on

2018-08-01 09:16:10 - [MESSAGE][PASSED] - Object: 'Object Repository/Cesium/CesiumSearchButton' is clicked on

2018-08-01 09:16:10 - [TEST_STEP][PASSED] - waitForElementNotPresent: Web element with id: 'Object Repository/LoadingMask' located by 'By.xpath: //div[@class='loading-mask']' is not present after '15' second(s)

2018-08-01 09:16:10 - [MESSAGE][WARNING] - Timeout '0' is invalid. Using default page load timeout: '15'

2018-08-01 09:16:10 - [MESSAGE][PASSED] - Web element with id: 'Object Repository/LoadingMask' located by 'By.xpath: //div[@class='loading-mask']' is not present after '15' second(s)

2018-08-01 09:16:10 - [TEST_STEP][PASSED] - delay: Delayed 3 second(s)

2018-08-01 09:16:13 - [MESSAGE][PASSED] - Delayed 3 second(s)

2018-08-01 09:16:13 - [TEST_STEP][PASSED] - click: Object: 'Object Repository/Catalog/Main/CatalogAOIAsView_Button' is clicked on

2018-08-01 09:16:13 - [MESSAGE][PASSED] - Object: 'Object Repository/Catalog/Main/CatalogAOIAsView_Button' is clicked on

2018-08-01 09:16:13 - [TEST_STEP][PASSED] - waitForElementNotPresent: Web element with id: 'Object Repository/LoadingMask' located by 'By.xpath: //div[@class='loading-mask']' is not present after '15' second(s)

2018-08-01 09:16:13 - [MESSAGE][WARNING] - Timeout '0' is invalid. Using default page load timeout: '15'

2018-08-01 09:16:13 - [MESSAGE][PASSED] - Web element with id: 'Object Repository/LoadingMask' located by 'By.xpath: //div[@class='loading-mask']' is not present after '15' second(s)

2018-08-01 09:16:13 - [TEST_STEP][PASSED] - click: Object: 'Object Repository/Catalog/Main/CatalogProducts_Button' is clicked on

2018-08-01 09:16:13 - [MESSAGE][PASSED] - Object: 'Object Repository/Catalog/Main/CatalogProducts_Button' is clicked on

2018-08-01 09:16:13 - [TEST_STEP][PASSED] - productSelection.productSelection.SelectChildProduct: productSelection.productSelection.SelectChildProduct is PASSED

2018-08-01 09:16:13 - [MESSAGE][PASSED] - Modify property of object successfully

2018-08-01 09:16:13 - [MESSAGE][PASSED] - Object: 'Object Repository/Catalog/ProductSelection/ChildProductSelector' is clicked on

2018-08-01 09:16:13 - [MESSAGE][PASSED] - productSelection.productSelection.SelectChildProduct is PASSED

2018-08-01 09:16:13 - [TEST_STEP][PASSED] - productAttributeFiltering.attributeFiltering.SetAttributeFilter: productAttributeFiltering.attributeFiltering.SetAttributeFilter is PASSED

2018-08-01 09:16:13 - [MESSAGE][PASSED] - Modify property of object successfully

2018-08-01 09:16:14 - [MESSAGE][PASSED] - Object: 'Object Repository/Catalog/ProductSelection/ProductFilter' is clicked on

2018-08-01 09:16:14 - [MESSAGE][PASSED] - Object 'Object Repository/Catalog/ProductSelection/AttributeFilterAddLine_Button' is clickable

2018-08-01 09:16:14 - [MESSAGE][PASSED] - Object: 'Object Repository/Catalog/ProductSelection/AttributeFilterAddLine_Button' is clicked on

2018-08-01 09:16:14 - [MESSAGE][PASSED] - Modify property of object successfully

2018-08-01 09:16:14 - [MESSAGE][PASSED] - Object 'Object Repository/Catalog/ProductSelection/AttributeFilterNextClause' is present

2018-08-01 09:16:14 - [MESSAGE][PASSED] - Modify property of object successfully

2018-08-01 09:16:15 - [MESSAGE][FAILED] - com.kms.katalon.core.webui.exception.WebElementNotFoundException: Web element with id: 'Object Repository/Catalog/ProductSelection/AttributeFilterNextClause' located by 'By.xpath: //div[@class='form-group'][2]' not found
[[ATTACHMENT|D:\\ATPS\\ESPATP\\Reports\\User\\20180801_091353\\1533132975282.png]]

2018-08-01 09:16:16 - [MESSAGE][FAILED] - Unable to verify object 'Object Repository/Catalog/ProductSelection/AttributeFilterNextClause' is present (Root cause: com.kms.katalon.core.webui.exception.WebElementNotFoundException: Web element with id: 'Object Repository/Catalog/ProductSelection/AttributeFilterNextClause' located by 'By.xpath: //div[@class='form-group'][2]' not found)
[[ATTACHMENT|D:\\ATPS\\ESPATP\\Reports\\User\\20180801_091353\\1533132975969.png]]

2018-08-01 09:16:16 - [MESSAGE][PASSED] - Modify property of object successfully

2018-08-01 09:16:16 - [MESSAGE][PASSED] - Object: 'Object Repository/Catalog/ProductSelection/AttributeFilterAttributeNameDropdown' is clicked on

2018-08-01 09:16:16 - [MESSAGE][PASSED] - Modify property of object successfully

2018-08-01 09:16:17 - [MESSAGE][PASSED] - Object: 'Object Repository/Catalog/ProductSelection/AttributeFilterOperator' is clicked on

2018-08-01 09:16:17 - [MESSAGE][PASSED] - Modify property of object successfully

2018-08-01 09:16:17 - [MESSAGE][PASSED] - Text '01/01/2014' is set on object 'Object Repository/Catalog/ProductSelection/AttributeFilterDateValue_Field'

2018-08-01 09:16:17 - [MESSAGE][PASSED] - Object: 'Object Repository/Catalog/ProductSelection/AttributeFilterOK_Button' is clicked on

2018-08-01 09:16:17 - [MESSAGE][PASSED] - productAttributeFiltering.attributeFiltering.SetAttributeFilter is PASSED

2018-08-01 09:16:17 - [TEST_STEP][PASSED] - click: Object: 'Object Repository/Catalog/ProductSelection/ProductSelection_OK' is clicked on

2018-08-01 09:16:17 - [MESSAGE][PASSED] - Object: 'Object Repository/Catalog/ProductSelection/ProductSelection_OK' is clicked on

2018-08-01 09:16:17 - [TEST_STEP][FAILED] - click: Unable to click on object 'Object Repository/Catalog/SearchResults/SearchResults_SelectFirstRow' (Root cause: com.kms.katalon.core.webui.exception.WebElementNotFoundException: Web element with id: 'Object Repository/Catalog/SearchResults/SearchResults_SelectFirstRow' located by 'By.xpath: //div[@id='searchResult-pane-1']/descendant::div[@class='fixedDataTableRowLayout_rowWrapper'][2]/descendant::input[@type='checkbox']' not found)

2018-08-01 09:16:34 - [MESSAGE][FAILED] - Unable to click on object 'Object Repository/Catalog/SearchResults/SearchResults_SelectFirstRow' (Root cause: com.kms.katalon.core.webui.exception.WebElementNotFoundException: Web element with id: 'Object Repository/Catalog/SearchResults/SearchResults_SelectFirstRow' located by 'By.xpath: //div[@id='searchResult-pane-1']/descendant::div[@class='fixedDataTableRowLayout_rowWrapper'][2]/descendant::input[@type='checkbox']' not found)
[[ATTACHMENT|D:\\ATPS\\ESPATP\\Reports\\User\\20180801_091353\\1533132993282.png]]]]></system-out>
         <system-err><![CDATA[2018-08-01 09:15:57 - [TEST_CASE][FAILED] - Test Cases/NAIPFilteredOrder: Test Cases/NAIPFilteredOrder FAILED because (of) Unable to click on object 'Object Repository/Catalog/SearchResults/SearchResults_SelectFirstRow' (Root cause: com.kms.katalon.core.webui.exception.WebElementNotFoundException: Web element with id: 'Object Repository/Catalog/SearchResults/SearchResults_SelectFirstRow' located by 'By.xpath: //div[@id='searchResult-pane-1']/descendant::div[@class='fixedDataTableRowLayout_rowWrapper'][2]/descendant::input[@type='checkbox']' not found)]]></system-err>
      </testcase>
      <testcase name="Test Cases/OrderHistoryAddToCart" classname="Test Cases/OrderHistoryAddToCart" status="FAILED">
         <failure type="FAILED" message="Unable to set text 'ATPOrderCartReOrderTest-2018-08-01 09:17:10' of object 'Object Repository/Catalog/OrderCart/OrderCartOrderName_Field' (Root cause: org.openqa.selenium.InvalidElementStateException: invalid element state: Element is not currently interactable and may not be manipulated
  (Session info: chrome=67.0.3396.99)
  (Driver info: chromedriver=2.35.528161 (5b82f2d2aae0ca24b877009200ced9065a772e73),platform=Windows NT 10.0.17134 x86_64) (WARNING: The server did not provide any stacktrace information)
Command duration or timeout: 0 milliseconds
Build info: version: '3.7.1', revision: '8a0099a', time: '2017-11-06T21:07:36.161Z'
System info: host: 'MUSES-DAVID', ip: '192.168.56.1', os.name: 'Windows 10', os.arch: 'amd64', os.version: '10.0', java.version: '1.8.0_102'
Driver info: com.kms.katalon.selenium.driver.CChromeDriver
Capabilities {acceptInsecureCerts: false, acceptSslCerts: false, applicationCacheEnabled: false, browserConnectionEnabled: false, browserName: chrome, chrome: {chromedriverVersion: 2.35.528161 (5b82f2d2aae0ca..., userDataDir: C:\Users\DGlenn\AppData\Loc...}, cssSelectorsEnabled: true, databaseEnabled: false, handlesAlerts: true, hasTouchScreen: false, javascriptEnabled: true, locationContextEnabled: true, mobileEmulationEnabled: false, nativeEvents: true, networkConnectionEnabled: false, pageLoadStrategy: normal, platform: XP, platformName: XP, rotatable: false, setWindowRect: true, takesHeapSnapshot: true, takesScreenshot: true, unexpectedAlertBehaviour: , unhandledPromptBehavior: , version: 67.0.3396.99, webStorageEnabled: true}
Session ID: 8368a6d8939a25b1ecf9b0337ae5ad8a)"/>
         <system-out><![CDATA[2018-08-01 09:16:34 - [TEST_CASE][FAILED] - Test Cases/OrderHistoryAddToCart: Test Cases/OrderHistoryAddToCart FAILED because (of) Unable to set text 'ATPOrderCartReOrderTest-2018-08-01 09:17:10' of object 'Object Repository/Catalog/OrderCart/OrderCartOrderName_Field' (Root cause: org.openqa.selenium.InvalidElementStateException: invalid element state: Element is not currently interactable and may not be manipulated
  (Session info: chrome=67.0.3396.99)
  (Driver info: chromedriver=2.35.528161 (5b82f2d2aae0ca24b877009200ced9065a772e73),platform=Windows NT 10.0.17134 x86_64) (WARNING: The server did not provide any stacktrace information)
Command duration or timeout: 0 milliseconds
Build info: version: '3.7.1', revision: '8a0099a', time: '2017-11-06T21:07:36.161Z'
System info: host: 'MUSES-DAVID', ip: '192.168.56.1', os.name: 'Windows 10', os.arch: 'amd64', os.version: '10.0', java.version: '1.8.0_102'
Driver info: com.kms.katalon.selenium.driver.CChromeDriver
Capabilities {acceptInsecureCerts: false, acceptSslCerts: false, applicationCacheEnabled: false, browserConnectionEnabled: false, browserName: chrome, chrome: {chromedriverVersion: 2.35.528161 (5b82f2d2aae0ca..., userDataDir: C:\Users\DGlenn\AppData\Loc...}, cssSelectorsEnabled: true, databaseEnabled: false, handlesAlerts: true, hasTouchScreen: false, javascriptEnabled: true, locationContextEnabled: true, mobileEmulationEnabled: false, nativeEvents: true, networkConnectionEnabled: false, pageLoadStrategy: normal, platform: XP, platformName: XP, rotatable: false, setWindowRect: true, takesHeapSnapshot: true, takesScreenshot: true, unexpectedAlertBehaviour: , unhandledPromptBehavior: , version: 67.0.3396.99, webStorageEnabled: true}
Session ID: 8368a6d8939a25b1ecf9b0337ae5ad8a)

2018-08-01 09:16:34 - [TEST_STEP][PASSED] - callTestCase: Call Test Case 'Test Cases/Utilities/LogMeIn' successfully

2018-08-01 09:16:34 - [TEST_CASE][PASSED] - Test Cases/Utilities/LogMeIn: Test Cases/Utilities/LogMeIn

2018-08-01 09:16:34 - [TEST_STEP][PASSED] - Statement - envData = com.kms.katalon.core.testdata.TestDataFactory.findTestData(LoginData): Reading excel file with source file 'D:\ATPS\TestData\logins.xlsx' and sheet name 'Test1'

2018-08-01 09:16:34 - [TEST_STEP][PASSED] - Statement - rowNdx = 1: null

2018-08-01 09:16:34 - [TEST_STEP][PASSED] - Statement - If (Role == "Company Admin"): null

2018-08-01 09:16:34 - [TEST_STEP][PASSED] - Statement - Else If (Role == "User"): null

2018-08-01 09:16:34 - [TEST_STEP][PASSED] - Statement - rowNdx == 2: null

2018-08-01 09:16:34 - [TEST_STEP][PASSED] - Statement - User = envData.getValue(2, rowNdx): null

2018-08-01 09:16:34 - [TEST_STEP][PASSED] - Statement - pwd = envData.getValue(3, rowNdx): null

2018-08-01 09:16:34 - [TEST_STEP][PASSED] - Statement - ScreenShotFile = envData.getValue(4, rowNdx): null

2018-08-01 09:16:34 - [TEST_STEP][PASSED] - Statement - theSite = GeoCueCompanySite: null

2018-08-01 09:16:34 - [TEST_STEP][PASSED] - Statement - If (Company != null): null

2018-08-01 09:16:34 - [TEST_STEP][PASSED] - Statement - theSite = theSite.replace("geocue", Company): null

2018-08-01 09:16:34 - [TEST_STEP][PASSED] - openBrowser: Browser is opened with url: 'http://dev.localhost:38251'

2018-08-01 09:16:34 - [MESSAGE][WARNING] - A browser is already opened. Closing browser and opening a new one

2018-08-01 09:16:38 - [MESSAGE][PASSED] - Browser is opened with url: 'http://dev.localhost:38251'

2018-08-01 09:16:38 - [TEST_STEP][PASSED] - maximizeWindow: Current window maximized

2018-08-01 09:16:39 - [MESSAGE][PASSED] - Current window maximized

2018-08-01 09:16:39 - [TEST_STEP][PASSED] - setText: Text 'dglenn@geocue.com' is set on object 'Object Repository/Catalog/input_Email'

2018-08-01 09:16:39 - [MESSAGE][PASSED] - Text 'dglenn@geocue.com' is set on object 'Object Repository/Catalog/input_Email'

2018-08-01 09:16:39 - [TEST_STEP][PASSED] - setText: Text 'David123!' is set on object 'Object Repository/Catalog/input_Password'

2018-08-01 09:16:39 - [MESSAGE][PASSED] - Text 'David123!' is set on object 'Object Repository/Catalog/input_Password'

2018-08-01 09:16:39 - [TEST_STEP][PASSED] - click: Object: 'Object Repository/Catalog/Signin_Button' is clicked on

2018-08-01 09:16:43 - [MESSAGE][PASSED] - Object: 'Object Repository/Catalog/Signin_Button' is clicked on

2018-08-01 09:16:43 - [TEST_STEP][PASSED] - waitForElementNotPresent: Web element with id: 'Object Repository/LoadingMask' located by 'By.xpath: //div[@class='loading-mask']' is not present after '15' second(s)

2018-08-01 09:16:43 - [MESSAGE][WARNING] - Timeout '0' is invalid. Using default page load timeout: '15'

2018-08-01 09:16:47 - [MESSAGE][PASSED] - Web element with id: 'Object Repository/LoadingMask' located by 'By.xpath: //div[@class='loading-mask']' is not present after '15' second(s)

2018-08-01 09:16:47 - [TEST_STEP][PASSED] - click: Object: 'Object Repository/Cesium/canvas' is clicked on

2018-08-01 09:16:47 - [MESSAGE][PASSED] - Object: 'Object Repository/Cesium/canvas' is clicked on

2018-08-01 09:16:47 - [TEST_STEP][PASSED] - Statement - return null: null

2018-08-01 09:16:47 - [MESSAGE][PASSED] - Call Test Case 'Test Cases/Utilities/LogMeIn' successfully

2018-08-01 09:16:47 - [TEST_STEP][PASSED] - waitForElementNotPresent: Web element with id: 'Object Repository/LoadingMask' located by 'By.xpath: //div[@class='loading-mask']' is not present after '15' second(s)

2018-08-01 09:16:47 - [MESSAGE][WARNING] - Timeout '0' is invalid. Using default page load timeout: '15'

2018-08-01 09:16:47 - [MESSAGE][PASSED] - Web element with id: 'Object Repository/LoadingMask' located by 'By.xpath: //div[@class='loading-mask']' is not present after '15' second(s)

2018-08-01 09:16:47 - [TEST_STEP][PASSED] - click: Object: 'Object Repository/Cesium/canvas' is clicked on

2018-08-01 09:16:47 - [MESSAGE][PASSED] - Object: 'Object Repository/Cesium/canvas' is clicked on

2018-08-01 09:16:47 - [TEST_STEP][PASSED] - click: Object: 'Object Repository/Catalog/Main/CatalogOrderHistory_button' is clicked on

2018-08-01 09:16:47 - [MESSAGE][PASSED] - Object: 'Object Repository/Catalog/Main/CatalogOrderHistory_button' is clicked on

2018-08-01 09:16:47 - [TEST_STEP][PASSED] - waitForElementNotPresent: Web element with id: 'Object Repository/LoadingMask' located by 'By.xpath: //div[@class='loading-mask']' is not present after '15' second(s)

2018-08-01 09:16:47 - [MESSAGE][WARNING] - Timeout '0' is invalid. Using default page load timeout: '15'

2018-08-01 09:16:49 - [MESSAGE][PASSED] - Web element with id: 'Object Repository/LoadingMask' located by 'By.xpath: //div[@class='loading-mask']' is not present after '15' second(s)

2018-08-01 09:16:49 - [TEST_STEP][PASSED] - genericGrid.gridOperations.SetGridJustOneColumn: genericGrid.gridOperations.SetGridJustOneColumn is PASSED

2018-08-01 09:16:49 - [MESSAGE][WARNING] - Timeout '0' is invalid. Using default page load timeout: '15'

2018-08-01 09:16:49 - [MESSAGE][PASSED] - Web element with id: 'Object Repository/LoadingMask' located by 'By.xpath: //div[@class='loading-mask']' is not present after '15' second(s)

2018-08-01 09:16:49 - [MESSAGE][PASSED] - Object: 'Object Repository/Grid/ColumnToggleGear' is clicked on

2018-08-01 09:16:49 - [MESSAGE][PASSED] - Modify property of object successfully

2018-08-01 09:16:49 - [MESSAGE][PASSED] - Object 'Object Repository/Grid/ColumnDropdowncheckbox' is un-checked

2018-08-01 09:16:49 - [MESSAGE][PASSED] - Modify property of object successfully

2018-08-01 09:16:49 - [MESSAGE][PASSED] - Object 'Object Repository/Grid/ColumnDropdowncheckbox' is un-checked

2018-08-01 09:16:49 - [MESSAGE][PASSED] - Modify property of object successfully

2018-08-01 09:16:50 - [MESSAGE][PASSED] - Object 'Object Repository/Grid/ColumnDropdowncheckbox' is un-checked

2018-08-01 09:16:50 - [MESSAGE][PASSED] - Modify property of object successfully

2018-08-01 09:16:50 - [MESSAGE][PASSED] - Object 'Object Repository/Grid/ColumnDropdowncheckbox' is un-checked

2018-08-01 09:16:50 - [MESSAGE][PASSED] - Modify property of object successfully

2018-08-01 09:16:50 - [MESSAGE][PASSED] - Object 'Object Repository/Grid/ColumnDropdowncheckbox' is un-checked

2018-08-01 09:16:50 - [MESSAGE][PASSED] - Modify property of object successfully

2018-08-01 09:16:50 - [MESSAGE][PASSED] - Object 'Object Repository/Grid/ColumnDropdowncheckbox' is un-checked

2018-08-01 09:16:50 - [MESSAGE][PASSED] - Modify property of object successfully

2018-08-01 09:16:50 - [MESSAGE][PASSED] - Object 'Object Repository/Grid/ColumnDropdowncheckbox' is un-checked

2018-08-01 09:16:50 - [MESSAGE][PASSED] - Modify property of object successfully

2018-08-01 09:16:50 - [MESSAGE][PASSED] - Object 'Object Repository/Grid/ColumnDropdowncheckbox' is un-checked

2018-08-01 09:16:50 - [MESSAGE][PASSED] - Modify property of object successfully

2018-08-01 09:16:50 - [MESSAGE][PASSED] - Object 'Object Repository/Grid/ColumnDropdowncheckbox' is un-checked

2018-08-01 09:16:50 - [MESSAGE][PASSED] - Modify property of object successfully

2018-08-01 09:16:50 - [MESSAGE][PASSED] - Object 'Object Repository/Grid/ColumnDropdowncheckbox' is un-checked

2018-08-01 09:16:50 - [MESSAGE][PASSED] - Modify property of object successfully

2018-08-01 09:16:50 - [MESSAGE][PASSED] - Object 'Object Repository/Grid/ColumnDropdowncheckbox' is un-checked

2018-08-01 09:16:50 - [MESSAGE][PASSED] - Modify property of object successfully

2018-08-01 09:17:07 - [MESSAGE][FAILED] - Unable to un-check object 'Object Repository/Grid/ColumnDropdowncheckbox' (Root cause: com.kms.katalon.core.webui.exception.WebElementNotFoundException: Web element with id: 'Object Repository/Grid/ColumnDropdowncheckbox' located by 'By.xpath: (//div[@class='dropdown-menu']/descendant::input[@type = 'checkbox'])[12]' not found)
[[ATTACHMENT|D:\\ATPS\\ESPATP\\Reports\\User\\20180801_091353\\1533133026268.png]]

2018-08-01 09:17:07 - [MESSAGE][PASSED] - Object: 'Object Repository/Grid/ColumnToggleGear' is clicked on

2018-08-01 09:17:07 - [MESSAGE][PASSED] - Object: 'Object Repository/Grid/ColumnToggleGear' is clicked on

2018-08-01 09:17:07 - [MESSAGE][PASSED] - Modify property of object successfully

2018-08-01 09:17:07 - [MESSAGE][PASSED] - Modify property of object successfully

2018-08-01 09:17:07 - [MESSAGE][PASSED] - Text of object 'Object Repository/Grid/ColumnDropdownLabel' is: 'Date Submitted'

2018-08-01 09:17:07 - [MESSAGE][PASSED] - Modify property of object successfully

2018-08-01 09:17:07 - [MESSAGE][PASSED] - Modify property of object successfully

2018-08-01 09:17:07 - [MESSAGE][PASSED] - Text of object 'Object Repository/Grid/ColumnDropdownLabel' is: 'Order Name'

2018-08-01 09:17:07 - [MESSAGE][PASSED] - Object 'Object Repository/Grid/ColumnDropdowncheckbox' is checked

2018-08-01 09:17:07 - [MESSAGE][PASSED] - Object: 'Object Repository/Grid/ColumnToggleGear' is clicked on

2018-08-01 09:17:07 - [MESSAGE][PASSED] - genericGrid.gridOperations.SetGridJustOneColumn is PASSED

2018-08-01 09:17:07 - [TEST_STEP][PASSED] - genericGrid.gridOperations.AddOneColumn: genericGrid.gridOperations.AddOneColumn is PASSED

2018-08-01 09:17:07 - [MESSAGE][PASSED] - Object: 'Object Repository/Grid/ColumnToggleGear' is clicked on

2018-08-01 09:17:07 - [MESSAGE][PASSED] - Modify property of object successfully

2018-08-01 09:17:07 - [MESSAGE][PASSED] - Modify property of object successfully

2018-08-01 09:17:07 - [MESSAGE][PASSED] - Text of object 'Object Repository/Grid/ColumnDropdownLabel' is: 'Date Submitted'

2018-08-01 09:17:07 - [MESSAGE][PASSED] - Modify property of object successfully

2018-08-01 09:17:07 - [MESSAGE][PASSED] - Modify property of object successfully

2018-08-01 09:17:07 - [MESSAGE][PASSED] - Text of object 'Object Repository/Grid/ColumnDropdownLabel' is: 'Order Name'

2018-08-01 09:17:07 - [MESSAGE][PASSED] - Modify property of object successfully

2018-08-01 09:17:07 - [MESSAGE][PASSED] - Modify property of object successfully

2018-08-01 09:17:07 - [MESSAGE][PASSED] - Text of object 'Object Repository/Grid/ColumnDropdownLabel' is: 'Status'

2018-08-01 09:17:07 - [MESSAGE][PASSED] - Object 'Object Repository/Grid/ColumnDropdowncheckbox' is checked

2018-08-01 09:17:07 - [MESSAGE][PASSED] - Object: 'Object Repository/Grid/ColumnToggleGear' is clicked on

2018-08-01 09:17:07 - [MESSAGE][PASSED] - genericGrid.gridOperations.AddOneColumn is PASSED

2018-08-01 09:17:07 - [TEST_STEP][PASSED] - genericGrid.gridOperations.ColumnFilter: genericGrid.gridOperations.ColumnFilter is PASSED

2018-08-01 09:17:07 - [MESSAGE][PASSED] - Modify property of object successfully

2018-08-01 09:17:08 - [MESSAGE][PASSED] - Object: 'Object Repository/Grid/ColumnFilter' is clicked on

2018-08-01 09:17:08 - [MESSAGE][PASSED] - genericGrid.gridOperations.ColumnFilter is PASSED

2018-08-01 09:17:08 - [TEST_STEP][PASSED] - setText: Text 'ATPLS' is set on object 'Object Repository/Grid/LikeFilter'

2018-08-01 09:17:08 - [MESSAGE][PASSED] - Text 'ATPLS' is set on object 'Object Repository/Grid/LikeFilter'

2018-08-01 09:17:08 - [TEST_STEP][PASSED] - genericGrid.gridOperations.ColumnFilter: genericGrid.gridOperations.ColumnFilter is PASSED

2018-08-01 09:17:08 - [MESSAGE][PASSED] - Modify property of object successfully

2018-08-01 09:17:08 - [MESSAGE][PASSED] - Object: 'Object Repository/Grid/ColumnFilter' is clicked on

2018-08-01 09:17:08 - [MESSAGE][PASSED] - genericGrid.gridOperations.ColumnFilter is PASSED

2018-08-01 09:17:08 - [TEST_STEP][PASSED] - setText: Text 'SUCCESS' is set on object 'Object Repository/Grid/LikeFilter'

2018-08-01 09:17:08 - [MESSAGE][PASSED] - Text 'SUCCESS' is set on object 'Object Repository/Grid/LikeFilter'

2018-08-01 09:17:08 - [TEST_STEP][PASSED] - waitForElementNotPresent: Web element with id: 'Object Repository/LoadingMask' located by 'By.xpath: //div[@class='loading-mask']' is not present after '15' second(s)

2018-08-01 09:17:08 - [MESSAGE][WARNING] - Timeout '0' is invalid. Using default page load timeout: '15'

2018-08-01 09:17:08 - [MESSAGE][PASSED] - Web element with id: 'Object Repository/LoadingMask' located by 'By.xpath: //div[@class='loading-mask']' is not present after '15' second(s)

2018-08-01 09:17:08 - [TEST_STEP][PASSED] - click: Object: 'Object Repository/Catalog/OrderHistory/OrderHistoryAddtoCartButton' is clicked on

2018-08-01 09:17:08 - [MESSAGE][PASSED] - Object: 'Object Repository/Catalog/OrderHistory/OrderHistoryAddtoCartButton' is clicked on

2018-08-01 09:17:08 - [TEST_STEP][PASSED] - click: Object: 'Object Repository/Catalog/OrderHistory/OrderHistory_XButton' is clicked on

2018-08-01 09:17:09 - [MESSAGE][PASSED] - Object: 'Object Repository/Catalog/OrderHistory/OrderHistory_XButton' is clicked on

2018-08-01 09:17:09 - [TEST_STEP][PASSED] - click: Object: 'Object Repository/Catalog/OrderCart/OrderCart_Button' is clicked on

2018-08-01 09:17:09 - [MESSAGE][PASSED] - Object: 'Object Repository/Catalog/OrderCart/OrderCart_Button' is clicked on

2018-08-01 09:17:09 - [TEST_STEP][PASSED] - genericGrid.gridOperations.ExecuteGridFunction: genericGrid.gridOperations.ExecuteGridFunction is PASSED

2018-08-01 09:17:09 - [MESSAGE][PASSED] - Modify property of object successfully

2018-08-01 09:17:09 - [MESSAGE][PASSED] - Object: 'Object Repository/Grid/GridRowFunctions' is clicked on

2018-08-01 09:17:09 - [MESSAGE][PASSED] - genericGrid.gridOperations.ExecuteGridFunction is PASSED

2018-08-01 09:17:09 - [TEST_STEP][PASSED] - click: Object: 'Object Repository/Catalog/OrderCart/OrderCartCheckout_Button' is clicked on

2018-08-01 09:17:10 - [MESSAGE][PASSED] - Object: 'Object Repository/Catalog/OrderCart/OrderCartCheckout_Button' is clicked on

2018-08-01 09:17:10 - [TEST_STEP][PASSED] - Statement - date = new java.util.Date(): null

2018-08-01 09:17:10 - [TEST_STEP][PASSED] - Statement - sdf = new java.text.SimpleDateFormat(yyyy-MM-dd HH:mm:ss): null

2018-08-01 09:17:10 - [TEST_STEP][PASSED] - Statement - aDate = sdf.format(new java.util.Date()): null

2018-08-01 09:17:10 - [TEST_STEP][PASSED] - Statement - OName = "ATPOrderCartReOrderTest-" + aDate: null

2018-08-01 09:17:10 - [TEST_STEP][FAILED] - setText: Unable to set text 'ATPOrderCartReOrderTest-2018-08-01 09:17:10' of object 'Object Repository/Catalog/OrderCart/OrderCartOrderName_Field' (Root cause: org.openqa.selenium.InvalidElementStateException: invalid element state: Element is not currently interactable and may not be manipulated
  (Session info: chrome=67.0.3396.99)
  (Driver info: chromedriver=2.35.528161 (5b82f2d2aae0ca24b877009200ced9065a772e73),platform=Windows NT 10.0.17134 x86_64) (WARNING: The server did not provide any stacktrace information)
Command duration or timeout: 0 milliseconds
Build info: version: '3.7.1', revision: '8a0099a', time: '2017-11-06T21:07:36.161Z'
System info: host: 'MUSES-DAVID', ip: '192.168.56.1', os.name: 'Windows 10', os.arch: 'amd64', os.version: '10.0', java.version: '1.8.0_102'
Driver info: com.kms.katalon.selenium.driver.CChromeDriver
Capabilities {acceptInsecureCerts: false, acceptSslCerts: false, applicationCacheEnabled: false, browserConnectionEnabled: false, browserName: chrome, chrome: {chromedriverVersion: 2.35.528161 (5b82f2d2aae0ca..., userDataDir: C:\Users\DGlenn\AppData\Loc...}, cssSelectorsEnabled: true, databaseEnabled: false, handlesAlerts: true, hasTouchScreen: false, javascriptEnabled: true, locationContextEnabled: true, mobileEmulationEnabled: false, nativeEvents: true, networkConnectionEnabled: false, pageLoadStrategy: normal, platform: XP, platformName: XP, rotatable: false, setWindowRect: true, takesHeapSnapshot: true, takesScreenshot: true, unexpectedAlertBehaviour: , unhandledPromptBehavior: , version: 67.0.3396.99, webStorageEnabled: true}
Session ID: 8368a6d8939a25b1ecf9b0337ae5ad8a)

2018-08-01 09:17:10 - [MESSAGE][FAILED] - Unable to set text 'ATPOrderCartReOrderTest-2018-08-01 09:17:10' of object 'Object Repository/Catalog/OrderCart/OrderCartOrderName_Field' (Root cause: org.openqa.selenium.InvalidElementStateException: invalid element state: Element is not currently interactable and may not be manipulated
  (Session info: chrome=67.0.3396.99)
  (Driver info: chromedriver=2.35.528161 (5b82f2d2aae0ca24b877009200ced9065a772e73),platform=Windows NT 10.0.17134 x86_64) (WARNING: The server did not provide any stacktrace information)
Command duration or timeout: 0 milliseconds
Build info: version: '3.7.1', revision: '8a0099a', time: '2017-11-06T21:07:36.161Z'
System info: host: 'MUSES-DAVID', ip: '192.168.56.1', os.name: 'Windows 10', os.arch: 'amd64', os.version: '10.0', java.version: '1.8.0_102'
Driver info: com.kms.katalon.selenium.driver.CChromeDriver
Capabilities {acceptInsecureCerts: false, acceptSslCerts: false, applicationCacheEnabled: false, browserConnectionEnabled: false, browserName: chrome, chrome: {chromedriverVersion: 2.35.528161 (5b82f2d2aae0ca..., userDataDir: C:\Users\DGlenn\AppData\Loc...}, cssSelectorsEnabled: true, databaseEnabled: false, handlesAlerts: true, hasTouchScreen: false, javascriptEnabled: true, locationContextEnabled: true, mobileEmulationEnabled: false, nativeEvents: true, networkConnectionEnabled: false, pageLoadStrategy: normal, platform: XP, platformName: XP, rotatable: false, setWindowRect: true, takesHeapSnapshot: true, takesScreenshot: true, unexpectedAlertBehaviour: , unhandledPromptBehavior: , version: 67.0.3396.99, webStorageEnabled: true}
Session ID: 8368a6d8939a25b1ecf9b0337ae5ad8a)
[[ATTACHMENT|D:\\ATPS\\ESPATP\\Reports\\User\\20180801_091353\\1533133030111.png]]]]></system-out>
         <system-err><![CDATA[2018-08-01 09:16:34 - [TEST_CASE][FAILED] - Test Cases/OrderHistoryAddToCart: Test Cases/OrderHistoryAddToCart FAILED because (of) Unable to set text 'ATPOrderCartReOrderTest-2018-08-01 09:17:10' of object 'Object Repository/Catalog/OrderCart/OrderCartOrderName_Field' (Root cause: org.openqa.selenium.InvalidElementStateException: invalid element state: Element is not currently interactable and may not be manipulated
  (Session info: chrome=67.0.3396.99)
  (Driver info: chromedriver=2.35.528161 (5b82f2d2aae0ca24b877009200ced9065a772e73),platform=Windows NT 10.0.17134 x86_64) (WARNING: The server did not provide any stacktrace information)
Command duration or timeout: 0 milliseconds
Build info: version: '3.7.1', revision: '8a0099a', time: '2017-11-06T21:07:36.161Z'
System info: host: 'MUSES-DAVID', ip: '192.168.56.1', os.name: 'Windows 10', os.arch: 'amd64', os.version: '10.0', java.version: '1.8.0_102'
Driver info: com.kms.katalon.selenium.driver.CChromeDriver
Capabilities {acceptInsecureCerts: false, acceptSslCerts: false, applicationCacheEnabled: false, browserConnectionEnabled: false, browserName: chrome, chrome: {chromedriverVersion: 2.35.528161 (5b82f2d2aae0ca..., userDataDir: C:\Users\DGlenn\AppData\Loc...}, cssSelectorsEnabled: true, databaseEnabled: false, handlesAlerts: true, hasTouchScreen: false, javascriptEnabled: true, locationContextEnabled: true, mobileEmulationEnabled: false, nativeEvents: true, networkConnectionEnabled: false, pageLoadStrategy: normal, platform: XP, platformName: XP, rotatable: false, setWindowRect: true, takesHeapSnapshot: true, takesScreenshot: true, unexpectedAlertBehaviour: , unhandledPromptBehavior: , version: 67.0.3396.99, webStorageEnabled: true}
Session ID: 8368a6d8939a25b1ecf9b0337ae5ad8a)]]></system-err>
      </testcase>
      <testcase name="Test Cases/OrderHistorySanityTest" classname="Test Cases/OrderHistorySanityTest" status="PASSED">
         <system-out><![CDATA[2018-08-01 09:17:10 - [TEST_CASE][PASSED] - Test Cases/OrderHistorySanityTest: Test Cases/OrderHistorySanityTest

2018-08-01 09:17:11 - [TEST_STEP][PASSED] - callTestCase: Call Test Case 'Test Cases/Utilities/LogMeIn' successfully

2018-08-01 09:17:11 - [TEST_CASE][PASSED] - Test Cases/Utilities/LogMeIn: Test Cases/Utilities/LogMeIn

2018-08-01 09:17:11 - [TEST_STEP][PASSED] - Statement - envData = com.kms.katalon.core.testdata.TestDataFactory.findTestData(LoginData): Reading excel file with source file 'D:\ATPS\TestData\logins.xlsx' and sheet name 'Test1'

2018-08-01 09:17:11 - [TEST_STEP][PASSED] - Statement - rowNdx = 1: null

2018-08-01 09:17:11 - [TEST_STEP][PASSED] - Statement - If (Role == "Company Admin"): null

2018-08-01 09:17:11 - [TEST_STEP][PASSED] - Statement - Else If (Role == "User"): null

2018-08-01 09:17:11 - [TEST_STEP][PASSED] - Statement - rowNdx == 2: null

2018-08-01 09:17:11 - [TEST_STEP][PASSED] - Statement - User = envData.getValue(2, rowNdx): null

2018-08-01 09:17:11 - [TEST_STEP][PASSED] - Statement - pwd = envData.getValue(3, rowNdx): null

2018-08-01 09:17:11 - [TEST_STEP][PASSED] - Statement - ScreenShotFile = envData.getValue(4, rowNdx): null

2018-08-01 09:17:11 - [TEST_STEP][PASSED] - Statement - theSite = GeoCueCompanySite: null

2018-08-01 09:17:11 - [TEST_STEP][PASSED] - Statement - If (Company != null): null

2018-08-01 09:17:11 - [TEST_STEP][PASSED] - Statement - theSite = theSite.replace("geocue", Company): null

2018-08-01 09:17:11 - [TEST_STEP][PASSED] - openBrowser: Browser is opened with url: 'http://dev.localhost:38251'

2018-08-01 09:17:11 - [MESSAGE][WARNING] - A browser is already opened. Closing browser and opening a new one

2018-08-01 09:17:14 - [MESSAGE][PASSED] - Browser is opened with url: 'http://dev.localhost:38251'

2018-08-01 09:17:14 - [TEST_STEP][PASSED] - maximizeWindow: Current window maximized

2018-08-01 09:17:15 - [MESSAGE][PASSED] - Current window maximized

2018-08-01 09:17:15 - [TEST_STEP][PASSED] - setText: Text 'dglenn@geocue.com' is set on object 'Object Repository/Catalog/input_Email'

2018-08-01 09:17:15 - [MESSAGE][PASSED] - Text 'dglenn@geocue.com' is set on object 'Object Repository/Catalog/input_Email'

2018-08-01 09:17:15 - [TEST_STEP][PASSED] - setText: Text 'David123!' is set on object 'Object Repository/Catalog/input_Password'

2018-08-01 09:17:15 - [MESSAGE][PASSED] - Text 'David123!' is set on object 'Object Repository/Catalog/input_Password'

2018-08-01 09:17:15 - [TEST_STEP][PASSED] - click: Object: 'Object Repository/Catalog/Signin_Button' is clicked on

2018-08-01 09:17:19 - [MESSAGE][PASSED] - Object: 'Object Repository/Catalog/Signin_Button' is clicked on

2018-08-01 09:17:19 - [TEST_STEP][PASSED] - waitForElementNotPresent: Web element with id: 'Object Repository/LoadingMask' located by 'By.xpath: //div[@class='loading-mask']' is not present after '15' second(s)

2018-08-01 09:17:19 - [MESSAGE][WARNING] - Timeout '0' is invalid. Using default page load timeout: '15'

2018-08-01 09:17:23 - [MESSAGE][PASSED] - Web element with id: 'Object Repository/LoadingMask' located by 'By.xpath: //div[@class='loading-mask']' is not present after '15' second(s)

2018-08-01 09:17:23 - [TEST_STEP][PASSED] - click: Object: 'Object Repository/Cesium/canvas' is clicked on

2018-08-01 09:17:23 - [MESSAGE][PASSED] - Object: 'Object Repository/Cesium/canvas' is clicked on

2018-08-01 09:17:23 - [TEST_STEP][PASSED] - Statement - return null: null

2018-08-01 09:17:23 - [MESSAGE][PASSED] - Call Test Case 'Test Cases/Utilities/LogMeIn' successfully

2018-08-01 09:17:23 - [TEST_STEP][PASSED] - waitForElementNotPresent: Web element with id: 'Object Repository/LoadingMask' located by 'By.xpath: //div[@class='loading-mask']' is not present after '15' second(s)

2018-08-01 09:17:23 - [MESSAGE][WARNING] - Timeout '0' is invalid. Using default page load timeout: '15'

2018-08-01 09:17:23 - [MESSAGE][PASSED] - Web element with id: 'Object Repository/LoadingMask' located by 'By.xpath: //div[@class='loading-mask']' is not present after '15' second(s)

2018-08-01 09:17:23 - [TEST_STEP][PASSED] - click: Object: 'Object Repository/Cesium/canvas' is clicked on

2018-08-01 09:17:23 - [MESSAGE][PASSED] - Object: 'Object Repository/Cesium/canvas' is clicked on

2018-08-01 09:17:23 - [TEST_STEP][PASSED] - click: Object: 'Object Repository/Catalog/Main/CatalogOrderHistory_button' is clicked on

2018-08-01 09:17:23 - [MESSAGE][PASSED] - Object: 'Object Repository/Catalog/Main/CatalogOrderHistory_button' is clicked on

2018-08-01 09:17:23 - [TEST_STEP][PASSED] - genericGrid.gridOperations.SetGridJustOneColumn: genericGrid.gridOperations.SetGridJustOneColumn is PASSED

2018-08-01 09:17:23 - [MESSAGE][WARNING] - Timeout '0' is invalid. Using default page load timeout: '15'

2018-08-01 09:17:24 - [MESSAGE][PASSED] - Web element with id: 'Object Repository/LoadingMask' located by 'By.xpath: //div[@class='loading-mask']' is not present after '15' second(s)

2018-08-01 09:17:24 - [MESSAGE][PASSED] - Object: 'Object Repository/Grid/ColumnToggleGear' is clicked on

2018-08-01 09:17:24 - [MESSAGE][PASSED] - Modify property of object successfully

2018-08-01 09:17:25 - [MESSAGE][PASSED] - Object 'Object Repository/Grid/ColumnDropdowncheckbox' is un-checked

2018-08-01 09:17:25 - [MESSAGE][PASSED] - Modify property of object successfully

2018-08-01 09:17:25 - [MESSAGE][PASSED] - Object 'Object Repository/Grid/ColumnDropdowncheckbox' is un-checked

2018-08-01 09:17:25 - [MESSAGE][PASSED] - Modify property of object successfully

2018-08-01 09:17:25 - [MESSAGE][PASSED] - Object 'Object Repository/Grid/ColumnDropdowncheckbox' is un-checked

2018-08-01 09:17:25 - [MESSAGE][PASSED] - Modify property of object successfully

2018-08-01 09:17:25 - [MESSAGE][PASSED] - Object 'Object Repository/Grid/ColumnDropdowncheckbox' is un-checked

2018-08-01 09:17:26 - [MESSAGE][PASSED] - Modify property of object successfully

2018-08-01 09:17:26 - [MESSAGE][PASSED] - Object 'Object Repository/Grid/ColumnDropdowncheckbox' is un-checked

2018-08-01 09:17:26 - [MESSAGE][PASSED] - Modify property of object successfully

2018-08-01 09:17:26 - [MESSAGE][PASSED] - Object 'Object Repository/Grid/ColumnDropdowncheckbox' is un-checked

2018-08-01 09:17:26 - [MESSAGE][PASSED] - Modify property of object successfully

2018-08-01 09:17:26 - [MESSAGE][PASSED] - Object 'Object Repository/Grid/ColumnDropdowncheckbox' is un-checked

2018-08-01 09:17:26 - [MESSAGE][PASSED] - Modify property of object successfully

2018-08-01 09:17:26 - [MESSAGE][PASSED] - Object 'Object Repository/Grid/ColumnDropdowncheckbox' is un-checked

2018-08-01 09:17:26 - [MESSAGE][PASSED] - Modify property of object successfully

2018-08-01 09:17:26 - [MESSAGE][PASSED] - Object 'Object Repository/Grid/ColumnDropdowncheckbox' is un-checked

2018-08-01 09:17:26 - [MESSAGE][PASSED] - Modify property of object successfully

2018-08-01 09:17:26 - [MESSAGE][PASSED] - Object 'Object Repository/Grid/ColumnDropdowncheckbox' is un-checked

2018-08-01 09:17:26 - [MESSAGE][PASSED] - Modify property of object successfully

2018-08-01 09:17:26 - [MESSAGE][PASSED] - Object 'Object Repository/Grid/ColumnDropdowncheckbox' is un-checked

2018-08-01 09:17:26 - [MESSAGE][PASSED] - Modify property of object successfully

2018-08-01 09:17:42 - [MESSAGE][FAILED] - Unable to un-check object 'Object Repository/Grid/ColumnDropdowncheckbox' (Root cause: com.kms.katalon.core.webui.exception.WebElementNotFoundException: Web element with id: 'Object Repository/Grid/ColumnDropdowncheckbox' located by 'By.xpath: (//div[@class='dropdown-menu']/descendant::input[@type = 'checkbox'])[12]' not found)
[[ATTACHMENT|D:\\ATPS\\ESPATP\\Reports\\User\\20180801_091353\\1533133061940.png]]

2018-08-01 09:17:42 - [MESSAGE][PASSED] - Object: 'Object Repository/Grid/ColumnToggleGear' is clicked on

2018-08-01 09:17:42 - [MESSAGE][PASSED] - Object: 'Object Repository/Grid/ColumnToggleGear' is clicked on

2018-08-01 09:17:42 - [MESSAGE][PASSED] - Modify property of object successfully

2018-08-01 09:17:42 - [MESSAGE][PASSED] - Modify property of object successfully

2018-08-01 09:17:43 - [MESSAGE][PASSED] - Text of object 'Object Repository/Grid/ColumnDropdownLabel' is: 'Date Submitted'

2018-08-01 09:17:43 - [MESSAGE][PASSED] - Modify property of object successfully

2018-08-01 09:17:43 - [MESSAGE][PASSED] - Modify property of object successfully

2018-08-01 09:17:43 - [MESSAGE][PASSED] - Text of object 'Object Repository/Grid/ColumnDropdownLabel' is: 'Order Name'

2018-08-01 09:17:43 - [MESSAGE][PASSED] - Object 'Object Repository/Grid/ColumnDropdowncheckbox' is checked

2018-08-01 09:17:43 - [MESSAGE][PASSED] - Object: 'Object Repository/Grid/ColumnToggleGear' is clicked on

2018-08-01 09:17:43 - [MESSAGE][PASSED] - genericGrid.gridOperations.SetGridJustOneColumn is PASSED

2018-08-01 09:17:43 - [TEST_STEP][PASSED] - genericGrid.gridOperations.AddOneColumn: genericGrid.gridOperations.AddOneColumn is PASSED

2018-08-01 09:17:43 - [MESSAGE][PASSED] - Object: 'Object Repository/Grid/ColumnToggleGear' is clicked on

2018-08-01 09:17:43 - [MESSAGE][PASSED] - Modify property of object successfully

2018-08-01 09:17:43 - [MESSAGE][PASSED] - Modify property of object successfully

2018-08-01 09:17:43 - [MESSAGE][PASSED] - Text of object 'Object Repository/Grid/ColumnDropdownLabel' is: 'Date Submitted'

2018-08-01 09:17:43 - [MESSAGE][PASSED] - Modify property of object successfully

2018-08-01 09:17:43 - [MESSAGE][PASSED] - Modify property of object successfully

2018-08-01 09:17:43 - [MESSAGE][PASSED] - Text of object 'Object Repository/Grid/ColumnDropdownLabel' is: 'Order Name'

2018-08-01 09:17:43 - [MESSAGE][PASSED] - Modify property of object successfully

2018-08-01 09:17:43 - [MESSAGE][PASSED] - Modify property of object successfully

2018-08-01 09:17:43 - [MESSAGE][PASSED] - Text of object 'Object Repository/Grid/ColumnDropdownLabel' is: 'Status'

2018-08-01 09:17:43 - [MESSAGE][PASSED] - Object 'Object Repository/Grid/ColumnDropdowncheckbox' is checked

2018-08-01 09:17:43 - [MESSAGE][PASSED] - Object: 'Object Repository/Grid/ColumnToggleGear' is clicked on

2018-08-01 09:17:43 - [MESSAGE][PASSED] - genericGrid.gridOperations.AddOneColumn is PASSED

2018-08-01 09:17:43 - [TEST_STEP][PASSED] - genericGrid.gridOperations.ColumnFilter: genericGrid.gridOperations.ColumnFilter is PASSED

2018-08-01 09:17:43 - [MESSAGE][PASSED] - Modify property of object successfully

2018-08-01 09:17:43 - [MESSAGE][PASSED] - Object: 'Object Repository/Grid/ColumnFilter' is clicked on

2018-08-01 09:17:43 - [MESSAGE][PASSED] - genericGrid.gridOperations.ColumnFilter is PASSED

2018-08-01 09:17:43 - [TEST_STEP][PASSED] - setText: Text 'ATP' is set on object 'Object Repository/Grid/LikeFilter'

2018-08-01 09:17:44 - [MESSAGE][PASSED] - Text 'ATP' is set on object 'Object Repository/Grid/LikeFilter'

2018-08-01 09:17:44 - [TEST_STEP][PASSED] - genericGrid.gridOperations.ColumnFilter: genericGrid.gridOperations.ColumnFilter is PASSED

2018-08-01 09:17:44 - [MESSAGE][PASSED] - Modify property of object successfully

2018-08-01 09:17:44 - [MESSAGE][PASSED] - Object: 'Object Repository/Grid/ColumnFilter' is clicked on

2018-08-01 09:17:44 - [MESSAGE][PASSED] - genericGrid.gridOperations.ColumnFilter is PASSED

2018-08-01 09:17:44 - [TEST_STEP][PASSED] - setText: Text 'SUCCESS' is set on object 'Object Repository/Grid/LikeFilter'

2018-08-01 09:17:44 - [MESSAGE][PASSED] - Text 'SUCCESS' is set on object 'Object Repository/Grid/LikeFilter'

2018-08-01 09:17:44 - [TEST_STEP][PASSED] - waitForElementNotPresent: Web element with id: 'Object Repository/LoadingMask' located by 'By.xpath: //div[@class='loading-mask']' is not present after '15' second(s)

2018-08-01 09:17:44 - [MESSAGE][WARNING] - Timeout '0' is invalid. Using default page load timeout: '15'

2018-08-01 09:17:44 - [MESSAGE][PASSED] - Web element with id: 'Object Repository/LoadingMask' located by 'By.xpath: //div[@class='loading-mask']' is not present after '15' second(s)

2018-08-01 09:17:44 - [TEST_STEP][PASSED] - genericGrid.gridOperations.ExecuteGridFunction: genericGrid.gridOperations.ExecuteGridFunction is PASSED

2018-08-01 09:17:44 - [MESSAGE][PASSED] - Modify property of object successfully

2018-08-01 09:17:44 - [MESSAGE][PASSED] - Object: 'Object Repository/Grid/GridRowFunctions' is clicked on

2018-08-01 09:17:44 - [MESSAGE][PASSED] - genericGrid.gridOperations.ExecuteGridFunction is PASSED

2018-08-01 09:17:44 - [TEST_STEP][PASSED] - waitForElementNotPresent: Web element with id: 'Object Repository/LoadingMask' located by 'By.xpath: //div[@class='loading-mask']' is not present after '15' second(s)

2018-08-01 09:17:44 - [MESSAGE][WARNING] - Timeout '0' is invalid. Using default page load timeout: '15'

2018-08-01 09:17:44 - [MESSAGE][PASSED] - Web element with id: 'Object Repository/LoadingMask' located by 'By.xpath: //div[@class='loading-mask']' is not present after '15' second(s)

2018-08-01 09:17:44 - [TEST_STEP][PASSED] - genericGrid.gridOperations.SelectRow: genericGrid.gridOperations.SelectRow is PASSED

2018-08-01 09:17:44 - [MESSAGE][PASSED] - Modify property of object successfully

2018-08-01 09:17:44 - [MESSAGE][PASSED] - Object: 'Object Repository/Grid/SelectRow' is hovered

2018-08-01 09:17:44 - [MESSAGE][PASSED] - genericGrid.gridOperations.SelectRow is PASSED

2018-08-01 09:17:44 - [TEST_STEP][PASSED] - genericGrid.gridOperations.SelectRow: genericGrid.gridOperations.SelectRow is PASSED

2018-08-01 09:17:44 - [MESSAGE][PASSED] - Modify property of object successfully

2018-08-01 09:17:44 - [MESSAGE][PASSED] - Object: 'Object Repository/Grid/SelectRow' is clicked on

2018-08-01 09:17:44 - [MESSAGE][PASSED] - genericGrid.gridOperations.SelectRow is PASSED

2018-08-01 09:17:44 - [TEST_STEP][PASSED] - waitForElementNotPresent: Web element with id: 'Object Repository/LoadingMask' located by 'By.xpath: //div[@class='loading-mask']' is not present after '15' second(s)

2018-08-01 09:17:44 - [MESSAGE][WARNING] - Timeout '0' is invalid. Using default page load timeout: '15'

2018-08-01 09:17:44 - [MESSAGE][PASSED] - Web element with id: 'Object Repository/LoadingMask' located by 'By.xpath: //div[@class='loading-mask']' is not present after '15' second(s)

2018-08-01 09:17:44 - [TEST_STEP][PASSED] - genericGrid.gridOperations.ExecuteGridFunction: genericGrid.gridOperations.ExecuteGridFunction is PASSED

2018-08-01 09:17:44 - [MESSAGE][PASSED] - Modify property of object successfully

2018-08-01 09:17:44 - [MESSAGE][PASSED] - Object: 'Object Repository/Grid/GridRowFunctions' is clicked on

2018-08-01 09:17:44 - [MESSAGE][PASSED] - genericGrid.gridOperations.ExecuteGridFunction is PASSED

2018-08-01 09:17:44 - [TEST_STEP][PASSED] - genericGrid.gridOperations.ExecuteGridFunction: genericGrid.gridOperations.ExecuteGridFunction is PASSED

2018-08-01 09:17:44 - [MESSAGE][PASSED] - Modify property of object successfully

2018-08-01 09:17:46 - [MESSAGE][PASSED] - Object: 'Object Repository/Grid/GridRowFunctions' is clicked on

2018-08-01 09:17:46 - [MESSAGE][PASSED] - genericGrid.gridOperations.ExecuteGridFunction is PASSED

2018-08-01 09:17:46 - [TEST_STEP][PASSED] - click: Object: 'Object Repository/Catalog/OrderHistory/OrderDetailsPopup_XButton' is clicked on

2018-08-01 09:17:47 - [MESSAGE][PASSED] - Object: 'Object Repository/Catalog/OrderHistory/OrderDetailsPopup_XButton' is clicked on

2018-08-01 09:17:47 - [TEST_STEP][PASSED] - click: Object: 'Object Repository/Catalog/OrderHistory/OrderDetails_XButton' is clicked on

2018-08-01 09:17:48 - [MESSAGE][PASSED] - Object: 'Object Repository/Catalog/OrderHistory/OrderDetails_XButton' is clicked on

2018-08-01 09:17:48 - [TEST_STEP][PASSED] - click: Object: 'Object Repository/Catalog/OrderHistory/OrderHistory_XButton' is clicked on

2018-08-01 09:17:48 - [MESSAGE][PASSED] - Object: 'Object Repository/Catalog/OrderHistory/OrderHistory_XButton' is clicked on

2018-08-01 09:17:48 - [TEST_STEP][PASSED] - callTestCase: Call Test Case 'Test Cases/Utilities/CatalogSignOut' successfully

2018-08-01 09:17:48 - [TEST_CASE][PASSED] - Test Cases/Utilities/CatalogSignOut: Test Cases/Utilities/CatalogSignOut

2018-08-01 09:17:48 - [TEST_STEP][PASSED] - delay: Delayed 3 second(s)

2018-08-01 09:17:51 - [MESSAGE][PASSED] - Delayed 3 second(s)

2018-08-01 09:17:51 - [TEST_STEP][PASSED] - click: Object: 'Object Repository/Catalog/Main/CatalogUserAccount_Dropdown' is clicked on

2018-08-01 09:17:52 - [MESSAGE][PASSED] - Object: 'Object Repository/Catalog/Main/CatalogUserAccount_Dropdown' is clicked on

2018-08-01 09:17:52 - [TEST_STEP][PASSED] - click: Object: 'Object Repository/Catalog/Main/CatalogUserAccount_Signout' is clicked on

2018-08-01 09:17:52 - [MESSAGE][PASSED] - Object: 'Object Repository/Catalog/Main/CatalogUserAccount_Signout' is clicked on

2018-08-01 09:17:52 - [TEST_STEP][PASSED] - closeBrowser: Browser is closed

2018-08-01 09:17:53 - [MESSAGE][PASSED] - Browser is closed

2018-08-01 09:17:53 - [MESSAGE][PASSED] - Call Test Case 'Test Cases/Utilities/CatalogSignOut' successfully]]></system-out>
         <system-err><![CDATA[]]></system-err>
      </testcase>
      <testcase name="Test Cases/PreviewSanity" classname="Test Cases/PreviewSanity" status="PASSED">
         <system-out><![CDATA[2018-08-01 09:17:53 - [TEST_CASE][PASSED] - Test Cases/PreviewSanity: Test Cases/PreviewSanity

2018-08-01 09:17:53 - [TEST_STEP][PASSED] - callTestCase: Call Test Case 'Test Cases/Utilities/LogMeIn' successfully

2018-08-01 09:17:53 - [TEST_CASE][PASSED] - Test Cases/Utilities/LogMeIn: Test Cases/Utilities/LogMeIn

2018-08-01 09:17:53 - [TEST_STEP][PASSED] - Statement - envData = com.kms.katalon.core.testdata.TestDataFactory.findTestData(LoginData): Reading excel file with source file 'D:\ATPS\TestData\logins.xlsx' and sheet name 'Test1'

2018-08-01 09:17:53 - [TEST_STEP][PASSED] - Statement - rowNdx = 1: null

2018-08-01 09:17:53 - [TEST_STEP][PASSED] - Statement - If (Role == "Company Admin"): null

2018-08-01 09:17:53 - [TEST_STEP][PASSED] - Statement - Else If (Role == "User"): null

2018-08-01 09:17:53 - [TEST_STEP][PASSED] - Statement - rowNdx == 2: null

2018-08-01 09:17:53 - [TEST_STEP][PASSED] - Statement - User = envData.getValue(2, rowNdx): null

2018-08-01 09:17:53 - [TEST_STEP][PASSED] - Statement - pwd = envData.getValue(3, rowNdx): null

2018-08-01 09:17:53 - [TEST_STEP][PASSED] - Statement - ScreenShotFile = envData.getValue(4, rowNdx): null

2018-08-01 09:17:53 - [TEST_STEP][PASSED] - Statement - theSite = GeoCueCompanySite: null

2018-08-01 09:17:53 - [TEST_STEP][PASSED] - Statement - If (Company != null): null

2018-08-01 09:17:53 - [TEST_STEP][PASSED] - Statement - theSite = theSite.replace("geocue", Company): null

2018-08-01 09:17:53 - [TEST_STEP][PASSED] - openBrowser: Browser is opened with url: 'http://dev.localhost:38251'

2018-08-01 09:17:55 - [MESSAGE][PASSED] - Browser is opened with url: 'http://dev.localhost:38251'

2018-08-01 09:17:55 - [TEST_STEP][PASSED] - maximizeWindow: Current window maximized

2018-08-01 09:17:56 - [MESSAGE][PASSED] - Current window maximized

2018-08-01 09:17:56 - [TEST_STEP][PASSED] - setText: Text 'dglenn@geocue.com' is set on object 'Object Repository/Catalog/input_Email'

2018-08-01 09:17:57 - [MESSAGE][PASSED] - Text 'dglenn@geocue.com' is set on object 'Object Repository/Catalog/input_Email'

2018-08-01 09:17:57 - [TEST_STEP][PASSED] - setText: Text 'David123!' is set on object 'Object Repository/Catalog/input_Password'

2018-08-01 09:17:57 - [MESSAGE][PASSED] - Text 'David123!' is set on object 'Object Repository/Catalog/input_Password'

2018-08-01 09:17:57 - [TEST_STEP][PASSED] - click: Object: 'Object Repository/Catalog/Signin_Button' is clicked on

2018-08-01 09:18:00 - [MESSAGE][PASSED] - Object: 'Object Repository/Catalog/Signin_Button' is clicked on

2018-08-01 09:18:00 - [TEST_STEP][PASSED] - waitForElementNotPresent: Web element with id: 'Object Repository/LoadingMask' located by 'By.xpath: //div[@class='loading-mask']' is not present after '15' second(s)

2018-08-01 09:18:00 - [MESSAGE][WARNING] - Timeout '0' is invalid. Using default page load timeout: '15'

2018-08-01 09:18:04 - [MESSAGE][PASSED] - Web element with id: 'Object Repository/LoadingMask' located by 'By.xpath: //div[@class='loading-mask']' is not present after '15' second(s)

2018-08-01 09:18:04 - [TEST_STEP][PASSED] - click: Object: 'Object Repository/Cesium/canvas' is clicked on

2018-08-01 09:18:04 - [MESSAGE][PASSED] - Object: 'Object Repository/Cesium/canvas' is clicked on

2018-08-01 09:18:04 - [TEST_STEP][PASSED] - Statement - return null: null

2018-08-01 09:18:04 - [MESSAGE][PASSED] - Call Test Case 'Test Cases/Utilities/LogMeIn' successfully

2018-08-01 09:18:04 - [TEST_STEP][PASSED] - waitForElementNotPresent: Web element with id: 'Object Repository/LoadingMask' located by 'By.xpath: //div[@class='loading-mask']' is not present after '15' second(s)

2018-08-01 09:18:04 - [MESSAGE][WARNING] - Timeout '0' is invalid. Using default page load timeout: '15'

2018-08-01 09:18:04 - [MESSAGE][PASSED] - Web element with id: 'Object Repository/LoadingMask' located by 'By.xpath: //div[@class='loading-mask']' is not present after '15' second(s)

2018-08-01 09:18:04 - [TEST_STEP][PASSED] - click: Object: 'Object Repository/Cesium/canvas' is clicked on

2018-08-01 09:18:04 - [MESSAGE][PASSED] - Object: 'Object Repository/Cesium/canvas' is clicked on

2018-08-01 09:18:04 - [TEST_STEP][PASSED] - click: Object: 'Object Repository/Catalog/Main/MapDataSource_DropDown' is clicked on

2018-08-01 09:18:04 - [MESSAGE][PASSED] - Object: 'Object Repository/Catalog/Main/MapDataSource_DropDown' is clicked on

2018-08-01 09:18:04 - [TEST_STEP][PASSED] - click: Object: 'Object Repository/Catalog/Main/MapDataSourceSearch Results_Item' is clicked on

2018-08-01 09:18:05 - [MESSAGE][PASSED] - Object: 'Object Repository/Catalog/Main/MapDataSourceSearch Results_Item' is clicked on

2018-08-01 09:18:05 - [TEST_STEP][PASSED] - click: Object: 'Object Repository/Catalog/Main/CatalogAOIImport_Button' is clicked on

2018-08-01 09:18:05 - [MESSAGE][PASSED] - Object: 'Object Repository/Catalog/Main/CatalogAOIImport_Button' is clicked on

2018-08-01 09:18:05 - [TEST_STEP][PASSED] - sendKeys: Keys '\\diskstation1\Data\esp\test_data\miamibeachshapfile.zip' sent to object: 'Object Repository/Catalog/AOI/AOIFIlePath_Field'

2018-08-01 09:18:05 - [MESSAGE][PASSED] - Keys '\\diskstation1\Data\esp\test_data\miamibeachshapfile.zip' sent to object: 'Object Repository/Catalog/AOI/AOIFIlePath_Field'

2018-08-01 09:18:05 - [TEST_STEP][PASSED] - click: Object: 'Object Repository/Catalog/AOI/AOIExecutetheImport_button' is clicked on

2018-08-01 09:18:05 - [MESSAGE][PASSED] - Object: 'Object Repository/Catalog/AOI/AOIExecutetheImport_button' is clicked on

2018-08-01 09:18:05 - [TEST_STEP][PASSED] - waitForElementNotPresent: Web element with id: 'Object Repository/LoadingMask' located by 'By.xpath: //div[@class='loading-mask']' is not present after '15' second(s)

2018-08-01 09:18:05 - [MESSAGE][WARNING] - Timeout '0' is invalid. Using default page load timeout: '15'

2018-08-01 09:18:05 - [MESSAGE][PASSED] - Web element with id: 'Object Repository/LoadingMask' located by 'By.xpath: //div[@class='loading-mask']' is not present after '15' second(s)

2018-08-01 09:18:05 - [TEST_STEP][PASSED] - delay: Delayed 3 second(s)

2018-08-01 09:18:08 - [MESSAGE][PASSED] - Delayed 3 second(s)

2018-08-01 09:18:08 - [TEST_STEP][PASSED] - click: Object: 'Object Repository/Catalog/Main/CatalogProducts_Button' is clicked on

2018-08-01 09:18:08 - [MESSAGE][PASSED] - Object: 'Object Repository/Catalog/Main/CatalogProducts_Button' is clicked on

2018-08-01 09:18:08 - [TEST_STEP][PASSED] - productSelection.productSelection.SelectChildProduct: productSelection.productSelection.SelectChildProduct is PASSED

2018-08-01 09:18:08 - [MESSAGE][PASSED] - Modify property of object successfully

2018-08-01 09:18:08 - [MESSAGE][PASSED] - Object: 'Object Repository/Catalog/ProductSelection/ChildProductSelector' is clicked on

2018-08-01 09:18:08 - [MESSAGE][PASSED] - productSelection.productSelection.SelectChildProduct is PASSED

2018-08-01 09:18:08 - [TEST_STEP][PASSED] - click: Object: 'Object Repository/Catalog/ProductSelection/ProductSelection_OK' is clicked on

2018-08-01 09:18:09 - [MESSAGE][PASSED] - Object: 'Object Repository/Catalog/ProductSelection/ProductSelection_OK' is clicked on

2018-08-01 09:18:09 - [TEST_STEP][PASSED] - waitForElementNotPresent: Web element with id: 'Object Repository/LoadingMask' located by 'By.xpath: //div[@class='loading-mask']' is not present after '15' second(s)

2018-08-01 09:18:09 - [MESSAGE][WARNING] - Timeout '0' is invalid. Using default page load timeout: '15'

2018-08-01 09:18:10 - [MESSAGE][PASSED] - Web element with id: 'Object Repository/LoadingMask' located by 'By.xpath: //div[@class='loading-mask']' is not present after '15' second(s)

2018-08-01 09:18:10 - [TEST_STEP][PASSED] - searchResults.searchResults.SetSearchResultsColumnFirst: searchResults.searchResults.SetSearchResultsColumnFirst is PASSED

2018-08-01 09:18:10 - [MESSAGE][PASSED] - Object: 'Object Repository/Catalog/SearchResults/SearchResultsFieldsToggle_button' is clicked on

2018-08-01 09:18:10 - [MESSAGE][PASSED] - Modify property of object successfully

2018-08-01 09:18:10 - [MESSAGE][PASSED] - Modify property of object successfully

2018-08-01 09:18:10 - [MESSAGE][PASSED] - Text of object 'Object Repository/Catalog/SearchResults/CoveredAreasTab/ColumnCheckboxLabel' is: 'Date Acquired'

2018-08-01 09:18:10 - [MESSAGE][PASSED] - Object 'Object Repository/Catalog/SearchResults/CoveredAreasTab/ColumnCheckbox' is un-checked

2018-08-01 09:18:10 - [MESSAGE][PASSED] - Modify property of object successfully

2018-08-01 09:18:10 - [MESSAGE][PASSED] - Modify property of object successfully

2018-08-01 09:18:11 - [MESSAGE][PASSED] - Text of object 'Object Repository/Catalog/SearchResults/CoveredAreasTab/ColumnCheckboxLabel' is: 'LS Scene ID'

2018-08-01 09:18:11 - [MESSAGE][PASSED] - Object 'Object Repository/Catalog/SearchResults/CoveredAreasTab/ColumnCheckbox' is un-checked

2018-08-01 09:18:11 - [MESSAGE][PASSED] - Modify property of object successfully

2018-08-01 09:18:11 - [MESSAGE][PASSED] - Modify property of object successfully

2018-08-01 09:18:11 - [MESSAGE][PASSED] - Text of object 'Object Repository/Catalog/SearchResults/CoveredAreasTab/ColumnCheckboxLabel' is: 'Cloud Cover Land(%)'

2018-08-01 09:18:11 - [MESSAGE][PASSED] - Object 'Object Repository/Catalog/SearchResults/CoveredAreasTab/ColumnCheckbox' is un-checked

2018-08-01 09:18:11 - [MESSAGE][PASSED] - Modify property of object successfully

2018-08-01 09:18:11 - [MESSAGE][PASSED] - Modify property of object successfully

2018-08-01 09:18:11 - [MESSAGE][PASSED] - Text of object 'Object Repository/Catalog/SearchResults/CoveredAreasTab/ColumnCheckboxLabel' is: 'Sun Azimuth(°)'

2018-08-01 09:18:11 - [MESSAGE][PASSED] - Object 'Object Repository/Catalog/SearchResults/CoveredAreasTab/ColumnCheckbox' is un-checked

2018-08-01 09:18:11 - [MESSAGE][PASSED] - Modify property of object successfully

2018-08-01 09:18:11 - [MESSAGE][PASSED] - Modify property of object successfully

2018-08-01 09:18:11 - [MESSAGE][PASSED] - Text of object 'Object Repository/Catalog/SearchResults/CoveredAreasTab/ColumnCheckboxLabel' is: 'Receiving Station'

2018-08-01 09:18:11 - [MESSAGE][PASSED] - Object 'Object Repository/Catalog/SearchResults/CoveredAreasTab/ColumnCheckbox' is un-checked

2018-08-01 09:18:11 - [MESSAGE][PASSED] - Modify property of object successfully

2018-08-01 09:18:11 - [MESSAGE][PASSED] - Modify property of object successfully

2018-08-01 09:18:11 - [MESSAGE][PASSED] - Text of object 'Object Repository/Catalog/SearchResults/CoveredAreasTab/ColumnCheckboxLabel' is: 'Image Quality'

2018-08-01 09:18:11 - [MESSAGE][PASSED] - Object 'Object Repository/Catalog/SearchResults/CoveredAreasTab/ColumnCheckbox' is un-checked

2018-08-01 09:18:11 - [MESSAGE][PASSED] - Modify property of object successfully

2018-08-01 09:18:11 - [MESSAGE][PASSED] - Modify property of object successfully

2018-08-01 09:18:11 - [MESSAGE][PASSED] - Text of object 'Object Repository/Catalog/SearchResults/CoveredAreasTab/ColumnCheckboxLabel' is: 'Sun Elevation(°)'

2018-08-01 09:18:11 - [MESSAGE][PASSED] - Object 'Object Repository/Catalog/SearchResults/CoveredAreasTab/ColumnCheckbox' is un-checked

2018-08-01 09:18:11 - [MESSAGE][PASSED] - Modify property of object successfully

2018-08-01 09:18:11 - [MESSAGE][PASSED] - Modify property of object successfully

2018-08-01 09:18:11 - [MESSAGE][PASSED] - Text of object 'Object Repository/Catalog/SearchResults/CoveredAreasTab/ColumnCheckboxLabel' is: 'Cloud Coverage(%)'

2018-08-01 09:18:12 - [MESSAGE][PASSED] - Object 'Object Repository/Catalog/SearchResults/CoveredAreasTab/ColumnCheckbox' is un-checked

2018-08-01 09:18:12 - [MESSAGE][PASSED] - Modify property of object successfully

2018-08-01 09:18:12 - [MESSAGE][PASSED] - Modify property of object successfully

2018-08-01 09:18:12 - [MESSAGE][PASSED] - Text of object 'Object Repository/Catalog/SearchResults/CoveredAreasTab/ColumnCheckboxLabel' is: 'Name'

2018-08-01 09:18:12 - [MESSAGE][PASSED] - Object 'Object Repository/Catalog/SearchResults/CoveredAreasTab/ColumnCheckbox' is checked

2018-08-01 09:18:12 - [MESSAGE][PASSED] - Object: 'Object Repository/Catalog/SearchResults/SearchResultsFieldsToggle_button' is clicked on

2018-08-01 09:18:12 - [MESSAGE][PASSED] - searchResults.searchResults.SetSearchResultsColumnFirst is PASSED

2018-08-01 09:18:12 - [TEST_STEP][PASSED] - searchResults.searchResults.LikeFilterOnColumn: searchResults.searchResults.LikeFilterOnColumn is PASSED

2018-08-01 09:18:12 - [MESSAGE][PASSED] - Modify property of object successfully

2018-08-01 09:18:12 - [MESSAGE][PASSED] - Object: 'Object Repository/Catalog/SearchResults/CoveredAreasTab/ColumnFilter' is clicked on

2018-08-01 09:18:12 - [MESSAGE][PASSED] - Modify property of object successfully

2018-08-01 09:18:12 - [MESSAGE][PASSED] - Text 'LC801504' is set on object 'Object Repository/Grid/LikeFilter'

2018-08-01 09:18:12 - [MESSAGE][PASSED] - searchResults.searchResults.LikeFilterOnColumn is PASSED

2018-08-01 09:18:12 - [TEST_STEP][PASSED] - click: Object: 'Object Repository/Catalog/SearchResults/SearchResultsFirstRow_Globe' is clicked on

2018-08-01 09:18:12 - [MESSAGE][PASSED] - Object: 'Object Repository/Catalog/SearchResults/SearchResultsFirstRow_Globe' is clicked on

2018-08-01 09:18:12 - [TEST_STEP][PASSED] - click: Object: 'Object Repository/Catalog/SearchResults/SearchResultsFirstRowZoomToItem_Button' is clicked on

2018-08-01 09:18:13 - [MESSAGE][PASSED] - Object: 'Object Repository/Catalog/SearchResults/SearchResultsFirstRowZoomToItem_Button' is clicked on

2018-08-01 09:18:13 - [TEST_STEP][PASSED] - waitForElementNotPresent: Web element with id: 'Object Repository/LoadingMask' located by 'By.xpath: //div[@class='loading-mask']' is not present after '15' second(s)

2018-08-01 09:18:13 - [MESSAGE][WARNING] - Timeout '0' is invalid. Using default page load timeout: '15'

2018-08-01 09:18:13 - [MESSAGE][PASSED] - Web element with id: 'Object Repository/LoadingMask' located by 'By.xpath: //div[@class='loading-mask']' is not present after '15' second(s)

2018-08-01 09:18:13 - [TEST_STEP][PASSED] - click: Object: 'Object Repository/Catalog/SearchResults/SearchResultsClose_Button' is clicked on

2018-08-01 09:18:14 - [MESSAGE][PASSED] - Object: 'Object Repository/Catalog/SearchResults/SearchResultsClose_Button' is clicked on

2018-08-01 09:18:14 - [TEST_STEP][PASSED] - Statement - filelocation = ScreenShotFile + "\miamilidar.png": null

2018-08-01 09:18:14 - [TEST_STEP][PASSED] - takeScreenshot: Taking screenshot successfully

2018-08-01 09:18:16 - [MESSAGE][PASSED] - Taking screenshot successfully
[[ATTACHMENT|C:\\Users\\dglenn\\AppData\\Local\\Temp\\miamilidar.png]]

2018-08-01 09:18:16 - [TEST_STEP][PASSED] - callTestCase: Call Test Case 'Test Cases/Utilities/CatalogSignOut' successfully

2018-08-01 09:18:16 - [TEST_CASE][PASSED] - Test Cases/Utilities/CatalogSignOut: Test Cases/Utilities/CatalogSignOut

2018-08-01 09:18:16 - [TEST_STEP][PASSED] - delay: Delayed 3 second(s)

2018-08-01 09:18:19 - [MESSAGE][PASSED] - Delayed 3 second(s)

2018-08-01 09:18:19 - [TEST_STEP][PASSED] - click: Object: 'Object Repository/Catalog/Main/CatalogUserAccount_Dropdown' is clicked on

2018-08-01 09:18:19 - [MESSAGE][PASSED] - Object: 'Object Repository/Catalog/Main/CatalogUserAccount_Dropdown' is clicked on

2018-08-01 09:18:19 - [TEST_STEP][PASSED] - click: Object: 'Object Repository/Catalog/Main/CatalogUserAccount_Signout' is clicked on

2018-08-01 09:18:19 - [MESSAGE][PASSED] - Object: 'Object Repository/Catalog/Main/CatalogUserAccount_Signout' is clicked on

2018-08-01 09:18:19 - [TEST_STEP][PASSED] - closeBrowser: Browser is closed

2018-08-01 09:18:20 - [MESSAGE][PASSED] - Browser is closed

2018-08-01 09:18:20 - [MESSAGE][PASSED] - Call Test Case 'Test Cases/Utilities/CatalogSignOut' successfully]]></system-out>
         <system-err><![CDATA[]]></system-err>
      </testcase>
      <testcase name="Test Cases/SearchResultsSanity" classname="Test Cases/SearchResultsSanity" status="PASSED">
         <system-out><![CDATA[2018-08-01 09:18:20 - [TEST_CASE][PASSED] - Test Cases/SearchResultsSanity: Test Cases/SearchResultsSanity

2018-08-01 09:18:20 - [TEST_STEP][PASSED] - callTestCase: Call Test Case 'Test Cases/Utilities/LogMeIn' successfully

2018-08-01 09:18:20 - [TEST_CASE][PASSED] - Test Cases/Utilities/LogMeIn: Test Cases/Utilities/LogMeIn

2018-08-01 09:18:20 - [TEST_STEP][PASSED] - Statement - envData = com.kms.katalon.core.testdata.TestDataFactory.findTestData(LoginData): Reading excel file with source file 'D:\ATPS\TestData\logins.xlsx' and sheet name 'Test1'

2018-08-01 09:18:20 - [TEST_STEP][PASSED] - Statement - rowNdx = 1: null

2018-08-01 09:18:20 - [TEST_STEP][PASSED] - Statement - If (Role == "Company Admin"): null

2018-08-01 09:18:20 - [TEST_STEP][PASSED] - Statement - Else If (Role == "User"): null

2018-08-01 09:18:20 - [TEST_STEP][PASSED] - Statement - rowNdx == 2: null

2018-08-01 09:18:20 - [TEST_STEP][PASSED] - Statement - User = envData.getValue(2, rowNdx): null

2018-08-01 09:18:20 - [TEST_STEP][PASSED] - Statement - pwd = envData.getValue(3, rowNdx): null

2018-08-01 09:18:20 - [TEST_STEP][PASSED] - Statement - ScreenShotFile = envData.getValue(4, rowNdx): null

2018-08-01 09:18:20 - [TEST_STEP][PASSED] - Statement - theSite = GeoCueCompanySite: null

2018-08-01 09:18:20 - [TEST_STEP][PASSED] - Statement - If (Company != null): null

2018-08-01 09:18:20 - [TEST_STEP][PASSED] - Statement - theSite = theSite.replace("geocue", Company): null

2018-08-01 09:18:20 - [TEST_STEP][PASSED] - openBrowser: Browser is opened with url: 'http://dev.localhost:38251'

2018-08-01 09:18:23 - [MESSAGE][PASSED] - Browser is opened with url: 'http://dev.localhost:38251'

2018-08-01 09:18:23 - [TEST_STEP][PASSED] - maximizeWindow: Current window maximized

2018-08-01 09:18:24 - [MESSAGE][PASSED] - Current window maximized

2018-08-01 09:18:24 - [TEST_STEP][PASSED] - setText: Text 'dglenn@geocue.com' is set on object 'Object Repository/Catalog/input_Email'

2018-08-01 09:18:24 - [MESSAGE][PASSED] - Text 'dglenn@geocue.com' is set on object 'Object Repository/Catalog/input_Email'

2018-08-01 09:18:24 - [TEST_STEP][PASSED] - setText: Text 'David123!' is set on object 'Object Repository/Catalog/input_Password'

2018-08-01 09:18:24 - [MESSAGE][PASSED] - Text 'David123!' is set on object 'Object Repository/Catalog/input_Password'

2018-08-01 09:18:24 - [TEST_STEP][PASSED] - click: Object: 'Object Repository/Catalog/Signin_Button' is clicked on

2018-08-01 09:18:28 - [MESSAGE][PASSED] - Object: 'Object Repository/Catalog/Signin_Button' is clicked on

2018-08-01 09:18:28 - [TEST_STEP][PASSED] - waitForElementNotPresent: Web element with id: 'Object Repository/LoadingMask' located by 'By.xpath: //div[@class='loading-mask']' is not present after '15' second(s)

2018-08-01 09:18:28 - [MESSAGE][WARNING] - Timeout '0' is invalid. Using default page load timeout: '15'

2018-08-01 09:18:31 - [MESSAGE][PASSED] - Web element with id: 'Object Repository/LoadingMask' located by 'By.xpath: //div[@class='loading-mask']' is not present after '15' second(s)

2018-08-01 09:18:31 - [TEST_STEP][PASSED] - click: Object: 'Object Repository/Cesium/canvas' is clicked on

2018-08-01 09:18:32 - [MESSAGE][PASSED] - Object: 'Object Repository/Cesium/canvas' is clicked on

2018-08-01 09:18:32 - [TEST_STEP][PASSED] - Statement - return null: null

2018-08-01 09:18:32 - [MESSAGE][PASSED] - Call Test Case 'Test Cases/Utilities/LogMeIn' successfully

2018-08-01 09:18:32 - [TEST_STEP][PASSED] - Statement - SRSData = com.kms.katalon.core.testdata.TestDataFactory.findTestData(SearchResultsSanityData): Reading excel file with source file 'D:\ATPS\TestData\SearchResultSanity.xlsx' and sheet name 'Sheet1'

2018-08-01 09:18:32 - [TEST_STEP][PASSED] - Statement - rowNdx = 1: null

2018-08-01 09:18:32 - [TEST_STEP][PASSED] - Statement - rowNdx = SRSRowNdx: null

2018-08-01 09:18:32 - [TEST_STEP][PASSED] - Statement - ValidationString1 = SRSData.getValue(2, rowNdx): null

2018-08-01 09:18:32 - [TEST_STEP][PASSED] - Statement - ValidationString2 = SRSData.getValue(3, rowNdx): null

2018-08-01 09:18:32 - [TEST_STEP][PASSED] - Statement - ValidationString3 = SRSData.getValue(4, rowNdx): null

2018-08-01 09:18:32 - [TEST_STEP][PASSED] - Statement - ValidationString4 = SRSData.getValue(5, rowNdx): null

2018-08-01 09:18:32 - [TEST_STEP][PASSED] - Statement - ValidationString5 = SRSData.getValue(6, rowNdx): null

2018-08-01 09:18:32 - [TEST_STEP][PASSED] - Statement - println("Validation String 1 = " + ValidationString1): null

2018-08-01 09:18:32 - [TEST_STEP][PASSED] - Statement - println("Validation String 5 = " + ValidationString5): null

2018-08-01 09:18:32 - [TEST_STEP][PASSED] - waitForElementNotPresent: Web element with id: 'Object Repository/LoadingMask' located by 'By.xpath: //div[@class='loading-mask']' is not present after '15' second(s)

2018-08-01 09:18:32 - [MESSAGE][WARNING] - Timeout '0' is invalid. Using default page load timeout: '15'

2018-08-01 09:18:32 - [MESSAGE][PASSED] - Web element with id: 'Object Repository/LoadingMask' located by 'By.xpath: //div[@class='loading-mask']' is not present after '15' second(s)

2018-08-01 09:18:32 - [TEST_STEP][PASSED] - click: Object: 'Object Repository/Cesium/canvas' is clicked on

2018-08-01 09:18:32 - [MESSAGE][PASSED] - Object: 'Object Repository/Cesium/canvas' is clicked on

2018-08-01 09:18:32 - [TEST_STEP][PASSED] - delay: Delayed 1 second(s)

2018-08-01 09:18:33 - [MESSAGE][PASSED] - Delayed 1 second(s)

2018-08-01 09:18:33 - [TEST_STEP][PASSED] - verifyElementClickable: Object 'Object Repository/Catalog/Main/CatalogProducts_Button' is clickable

2018-08-01 09:18:33 - [MESSAGE][PASSED] - Object 'Object Repository/Catalog/Main/CatalogProducts_Button' is clickable

2018-08-01 09:18:33 - [TEST_STEP][PASSED] - click: Object: 'Object Repository/Catalog/Main/CatalogProducts_Button' is clicked on

2018-08-01 09:18:33 - [MESSAGE][PASSED] - Object: 'Object Repository/Catalog/Main/CatalogProducts_Button' is clicked on

2018-08-01 09:18:33 - [TEST_STEP][PASSED] - productSelection.productSelection.SelectProduct: productSelection.productSelection.SelectProduct is PASSED

2018-08-01 09:18:33 - [MESSAGE][PASSED] - Modify property of object successfully

2018-08-01 09:18:35 - [MESSAGE][PASSED] - Object: 'Object Repository/Catalog/ProductSelection/ProductSelector' is clicked on

2018-08-01 09:18:35 - [MESSAGE][PASSED] - productSelection.productSelection.SelectProduct is PASSED

2018-08-01 09:18:35 - [TEST_STEP][PASSED] - productAttributeFiltering.attributeFiltering.SetAttributeFilter: productAttributeFiltering.attributeFiltering.SetAttributeFilter is PASSED

2018-08-01 09:18:35 - [MESSAGE][PASSED] - Modify property of object successfully

2018-08-01 09:18:36 - [MESSAGE][PASSED] - Object: 'Object Repository/Catalog/ProductSelection/ProductFilter' is clicked on

2018-08-01 09:18:36 - [MESSAGE][PASSED] - Object 'Object Repository/Catalog/ProductSelection/AttributeFilterAddLine_Button' is clickable

2018-08-01 09:18:36 - [MESSAGE][PASSED] - Object: 'Object Repository/Catalog/ProductSelection/AttributeFilterAddLine_Button' is clicked on

2018-08-01 09:18:36 - [MESSAGE][PASSED] - Modify property of object successfully

2018-08-01 09:18:36 - [MESSAGE][PASSED] - Object 'Object Repository/Catalog/ProductSelection/AttributeFilterNextClause' is present

2018-08-01 09:18:36 - [MESSAGE][PASSED] - Modify property of object successfully

2018-08-01 09:18:38 - [MESSAGE][FAILED] - com.kms.katalon.core.webui.exception.WebElementNotFoundException: Web element with id: 'Object Repository/Catalog/ProductSelection/AttributeFilterNextClause' located by 'By.xpath: //div[@class='form-group'][2]' not found
[[ATTACHMENT|D:\\ATPS\\ESPATP\\Reports\\User\\20180801_091353\\1533133117245.png]]

2018-08-01 09:18:38 - [MESSAGE][FAILED] - Unable to verify object 'Object Repository/Catalog/ProductSelection/AttributeFilterNextClause' is present (Root cause: com.kms.katalon.core.webui.exception.WebElementNotFoundException: Web element with id: 'Object Repository/Catalog/ProductSelection/AttributeFilterNextClause' located by 'By.xpath: //div[@class='form-group'][2]' not found)
[[ATTACHMENT|D:\\ATPS\\ESPATP\\Reports\\User\\20180801_091353\\1533133118118.png]]

2018-08-01 09:18:38 - [MESSAGE][PASSED] - Modify property of object successfully

2018-08-01 09:18:39 - [MESSAGE][PASSED] - Object: 'Object Repository/Catalog/ProductSelection/AttributeFilterAttributeNameDropdown' is clicked on

2018-08-01 09:18:39 - [MESSAGE][PASSED] - Modify property of object successfully

2018-08-01 09:18:39 - [MESSAGE][PASSED] - Object: 'Object Repository/Catalog/ProductSelection/AttributeFilterOperator' is clicked on

2018-08-01 09:18:39 - [MESSAGE][PASSED] - Modify property of object successfully

2018-08-01 09:18:39 - [MESSAGE][PASSED] - Text 'DavCo_A' is set on object 'Object Repository/Catalog/ProductSelection/AttributeFilterValue_Field'

2018-08-01 09:18:39 - [MESSAGE][PASSED] - Object: 'Object Repository/Catalog/ProductSelection/AttributeFilterOK_Button' is clicked on

2018-08-01 09:18:39 - [MESSAGE][PASSED] - productAttributeFiltering.attributeFiltering.SetAttributeFilter is PASSED

2018-08-01 09:18:39 - [TEST_STEP][PASSED] - click: Object: 'Object Repository/Catalog/ProductSelection/ProductSelection_OK' is clicked on

2018-08-01 09:18:39 - [MESSAGE][PASSED] - Object: 'Object Repository/Catalog/ProductSelection/ProductSelection_OK' is clicked on

2018-08-01 09:18:39 - [TEST_STEP][PASSED] - click: Object: 'Object Repository/Catalog/Main/CatalogAOIImport_Button' is clicked on

2018-08-01 09:18:39 - [MESSAGE][PASSED] - Object: 'Object Repository/Catalog/Main/CatalogAOIImport_Button' is clicked on

2018-08-01 09:18:39 - [TEST_STEP][PASSED] - sendKeys: Keys '\\diskstation1\Data\Rob_MUSES\Shapefile_test_datasets\Davidson_County_Digitized.zip' sent to object: 'Object Repository/Catalog/AOI/AOIFIlePath_Field'

2018-08-01 09:18:39 - [MESSAGE][PASSED] - Keys '\\diskstation1\Data\Rob_MUSES\Shapefile_test_datasets\Davidson_County_Digitized.zip' sent to object: 'Object Repository/Catalog/AOI/AOIFIlePath_Field'

2018-08-01 09:18:39 - [TEST_STEP][PASSED] - click: Object: 'Object Repository/Catalog/AOI/AOIExecutetheImport_button' is clicked on

2018-08-01 09:18:39 - [MESSAGE][PASSED] - Object: 'Object Repository/Catalog/AOI/AOIExecutetheImport_button' is clicked on

2018-08-01 09:18:39 - [TEST_STEP][PASSED] - waitForElementVisible: Object 'Object Repository/Catalog/SearchResults/SearchResults_Grid' is visible

2018-08-01 09:18:41 - [MESSAGE][PASSED] - Object 'Object Repository/Catalog/SearchResults/SearchResults_Grid' is visible

2018-08-01 09:18:41 - [TEST_STEP][PASSED] - verifyElementText: Actual text and expected text of test object 'Object Repository/Catalog/SearchResults/SearchResultsField_Displaying' are matched.

2018-08-01 09:18:41 - [MESSAGE][PASSED] - Actual text and expected text of test object 'Object Repository/Catalog/SearchResults/SearchResultsField_Displaying' are matched.

2018-08-01 09:18:41 - [TEST_STEP][PASSED] - searchResults.searchResults.SetSearchResultsColumnFirst: searchResults.searchResults.SetSearchResultsColumnFirst is PASSED

2018-08-01 09:18:41 - [MESSAGE][PASSED] - Object: 'Object Repository/Catalog/SearchResults/SearchResultsFieldsToggle_button' is clicked on

2018-08-01 09:18:41 - [MESSAGE][PASSED] - Modify property of object successfully

2018-08-01 09:18:41 - [MESSAGE][PASSED] - Modify property of object successfully

2018-08-01 09:18:41 - [MESSAGE][PASSED] - Text of object 'Object Repository/Catalog/SearchResults/CoveredAreasTab/ColumnCheckboxLabel' is: 'Date Acquired'

2018-08-01 09:18:42 - [MESSAGE][PASSED] - Object 'Object Repository/Catalog/SearchResults/CoveredAreasTab/ColumnCheckbox' is un-checked

2018-08-01 09:18:42 - [MESSAGE][PASSED] - Modify property of object successfully

2018-08-01 09:18:42 - [MESSAGE][PASSED] - Modify property of object successfully

2018-08-01 09:18:42 - [MESSAGE][PASSED] - Text of object 'Object Repository/Catalog/SearchResults/CoveredAreasTab/ColumnCheckboxLabel' is: 'LAS Version'

2018-08-01 09:18:42 - [MESSAGE][PASSED] - Object 'Object Repository/Catalog/SearchResults/CoveredAreasTab/ColumnCheckbox' is un-checked

2018-08-01 09:18:42 - [MESSAGE][PASSED] - Modify property of object successfully

2018-08-01 09:18:42 - [MESSAGE][PASSED] - Modify property of object successfully

2018-08-01 09:18:42 - [MESSAGE][PASSED] - Text of object 'Object Repository/Catalog/SearchResults/CoveredAreasTab/ColumnCheckboxLabel' is: 'Nominal Point Spacing'

2018-08-01 09:18:42 - [MESSAGE][PASSED] - Object 'Object Repository/Catalog/SearchResults/CoveredAreasTab/ColumnCheckbox' is un-checked

2018-08-01 09:18:42 - [MESSAGE][PASSED] - Modify property of object successfully

2018-08-01 09:18:42 - [MESSAGE][PASSED] - Modify property of object successfully

2018-08-01 09:18:42 - [MESSAGE][PASSED] - Text of object 'Object Repository/Catalog/SearchResults/CoveredAreasTab/ColumnCheckboxLabel' is: 'Total Number Of Points'

2018-08-01 09:18:43 - [MESSAGE][PASSED] - Object 'Object Repository/Catalog/SearchResults/CoveredAreasTab/ColumnCheckbox' is un-checked

2018-08-01 09:18:43 - [MESSAGE][PASSED] - Modify property of object successfully

2018-08-01 09:18:43 - [MESSAGE][PASSED] - Modify property of object successfully

2018-08-01 09:18:43 - [MESSAGE][PASSED] - Text of object 'Object Repository/Catalog/SearchResults/CoveredAreasTab/ColumnCheckboxLabel' is: 'Accuracy Level'

2018-08-01 09:18:43 - [MESSAGE][PASSED] - Object 'Object Repository/Catalog/SearchResults/CoveredAreasTab/ColumnCheckbox' is un-checked

2018-08-01 09:18:43 - [MESSAGE][PASSED] - Modify property of object successfully

2018-08-01 09:18:43 - [MESSAGE][PASSED] - Modify property of object successfully

2018-08-01 09:18:43 - [MESSAGE][PASSED] - Text of object 'Object Repository/Catalog/SearchResults/CoveredAreasTab/ColumnCheckboxLabel' is: 'Accuracy Description'

2018-08-01 09:18:43 - [MESSAGE][PASSED] - Object 'Object Repository/Catalog/SearchResults/CoveredAreasTab/ColumnCheckbox' is un-checked

2018-08-01 09:18:43 - [MESSAGE][PASSED] - Modify property of object successfully

2018-08-01 09:18:43 - [MESSAGE][PASSED] - Modify property of object successfully

2018-08-01 09:18:43 - [MESSAGE][PASSED] - Text of object 'Object Repository/Catalog/SearchResults/CoveredAreasTab/ColumnCheckboxLabel' is: 'Point Density'

2018-08-01 09:18:43 - [MESSAGE][PASSED] - Object 'Object Repository/Catalog/SearchResults/CoveredAreasTab/ColumnCheckbox' is un-checked

2018-08-01 09:18:43 - [MESSAGE][PASSED] - Modify property of object successfully

2018-08-01 09:18:43 - [MESSAGE][PASSED] - Modify property of object successfully

2018-08-01 09:18:43 - [MESSAGE][PASSED] - Text of object 'Object Repository/Catalog/SearchResults/CoveredAreasTab/ColumnCheckboxLabel' is: 'Name'

2018-08-01 09:18:43 - [MESSAGE][PASSED] - Object 'Object Repository/Catalog/SearchResults/CoveredAreasTab/ColumnCheckbox' is checked

2018-08-01 09:18:44 - [MESSAGE][PASSED] - Object: 'Object Repository/Catalog/SearchResults/SearchResultsFieldsToggle_button' is clicked on

2018-08-01 09:18:44 - [MESSAGE][PASSED] - searchResults.searchResults.SetSearchResultsColumnFirst is PASSED

2018-08-01 09:18:44 - [TEST_STEP][PASSED] - Statement - totPtsIndex = CustomKeywords.searchResults.searchResults.GetSetColumn("Total Number Of Points"): searchResults.searchResults.GetSetColumn is PASSED

2018-08-01 09:18:44 - [MESSAGE][PASSED] - Object: 'Object Repository/Catalog/SearchResults/SearchResultsFieldsToggle_button' is clicked on

2018-08-01 09:18:44 - [MESSAGE][PASSED] - Modify property of object successfully

2018-08-01 09:18:44 - [MESSAGE][PASSED] - Modify property of object successfully

2018-08-01 09:18:44 - [MESSAGE][PASSED] - Text of object 'Object Repository/Catalog/SearchResults/CoveredAreasTab/ColumnCheckboxLabel' is: 'Date Acquired'

2018-08-01 09:18:44 - [MESSAGE][PASSED] - Attribute 'checked' of object 'Object Repository/Catalog/SearchResults/CoveredAreasTab/ColumnCheckbox' is: 'null'

2018-08-01 09:18:44 - [MESSAGE][PASSED] - Modify property of object successfully

2018-08-01 09:18:44 - [MESSAGE][PASSED] - Modify property of object successfully

2018-08-01 09:18:44 - [MESSAGE][PASSED] - Text of object 'Object Repository/Catalog/SearchResults/CoveredAreasTab/ColumnCheckboxLabel' is: 'LAS Version'

2018-08-01 09:18:44 - [MESSAGE][PASSED] - Attribute 'checked' of object 'Object Repository/Catalog/SearchResults/CoveredAreasTab/ColumnCheckbox' is: 'null'

2018-08-01 09:18:44 - [MESSAGE][PASSED] - Modify property of object successfully

2018-08-01 09:18:45 - [MESSAGE][PASSED] - Modify property of object successfully

2018-08-01 09:18:45 - [MESSAGE][PASSED] - Text of object 'Object Repository/Catalog/SearchResults/CoveredAreasTab/ColumnCheckboxLabel' is: 'Nominal Point Spacing'

2018-08-01 09:18:45 - [MESSAGE][PASSED] - Attribute 'checked' of object 'Object Repository/Catalog/SearchResults/CoveredAreasTab/ColumnCheckbox' is: 'null'

2018-08-01 09:18:45 - [MESSAGE][PASSED] - Modify property of object successfully

2018-08-01 09:18:45 - [MESSAGE][PASSED] - Modify property of object successfully

2018-08-01 09:18:45 - [MESSAGE][PASSED] - Text of object 'Object Repository/Catalog/SearchResults/CoveredAreasTab/ColumnCheckboxLabel' is: 'Total Number Of Points'

2018-08-01 09:18:45 - [MESSAGE][PASSED] - Object 'Object Repository/Catalog/SearchResults/CoveredAreasTab/ColumnCheckbox' is checked

2018-08-01 09:18:45 - [MESSAGE][PASSED] - Object: 'Object Repository/Catalog/SearchResults/SearchResultsFieldsToggle_button' is clicked on

2018-08-01 09:18:45 - [MESSAGE][PASSED] - searchResults.searchResults.GetSetColumn is PASSED

2018-08-01 09:18:45 - [TEST_STEP][PASSED] - Statement - nameIndex = CustomKeywords.searchResults.searchResults.GetSetColumn("Name"): searchResults.searchResults.GetSetColumn is PASSED

2018-08-01 09:18:45 - [MESSAGE][PASSED] - Object: 'Object Repository/Catalog/SearchResults/SearchResultsFieldsToggle_button' is clicked on

2018-08-01 09:18:45 - [MESSAGE][PASSED] - Modify property of object successfully

2018-08-01 09:18:45 - [MESSAGE][PASSED] - Modify property of object successfully

2018-08-01 09:18:45 - [MESSAGE][PASSED] - Text of object 'Object Repository/Catalog/SearchResults/CoveredAreasTab/ColumnCheckboxLabel' is: 'Date Acquired'

2018-08-01 09:18:45 - [MESSAGE][PASSED] - Attribute 'checked' of object 'Object Repository/Catalog/SearchResults/CoveredAreasTab/ColumnCheckbox' is: 'null'

2018-08-01 09:18:45 - [MESSAGE][PASSED] - Modify property of object successfully

2018-08-01 09:18:45 - [MESSAGE][PASSED] - Modify property of object successfully

2018-08-01 09:18:45 - [MESSAGE][PASSED] - Text of object 'Object Repository/Catalog/SearchResults/CoveredAreasTab/ColumnCheckboxLabel' is: 'LAS Version'

2018-08-01 09:18:45 - [MESSAGE][PASSED] - Attribute 'checked' of object 'Object Repository/Catalog/SearchResults/CoveredAreasTab/ColumnCheckbox' is: 'null'

2018-08-01 09:18:45 - [MESSAGE][PASSED] - Modify property of object successfully

2018-08-01 09:18:45 - [MESSAGE][PASSED] - Modify property of object successfully

2018-08-01 09:18:45 - [MESSAGE][PASSED] - Text of object 'Object Repository/Catalog/SearchResults/CoveredAreasTab/ColumnCheckboxLabel' is: 'Nominal Point Spacing'

2018-08-01 09:18:45 - [MESSAGE][PASSED] - Attribute 'checked' of object 'Object Repository/Catalog/SearchResults/CoveredAreasTab/ColumnCheckbox' is: 'null'

2018-08-01 09:18:45 - [MESSAGE][PASSED] - Modify property of object successfully

2018-08-01 09:18:45 - [MESSAGE][PASSED] - Modify property of object successfully

2018-08-01 09:18:45 - [MESSAGE][PASSED] - Text of object 'Object Repository/Catalog/SearchResults/CoveredAreasTab/ColumnCheckboxLabel' is: 'Total Number Of Points'

2018-08-01 09:18:45 - [MESSAGE][PASSED] - Attribute 'checked' of object 'Object Repository/Catalog/SearchResults/CoveredAreasTab/ColumnCheckbox' is: 'true'

2018-08-01 09:18:45 - [MESSAGE][PASSED] - Modify property of object successfully

2018-08-01 09:18:45 - [MESSAGE][PASSED] - Modify property of object successfully

2018-08-01 09:18:45 - [MESSAGE][PASSED] - Text of object 'Object Repository/Catalog/SearchResults/CoveredAreasTab/ColumnCheckboxLabel' is: 'Accuracy Level'

2018-08-01 09:18:45 - [MESSAGE][PASSED] - Attribute 'checked' of object 'Object Repository/Catalog/SearchResults/CoveredAreasTab/ColumnCheckbox' is: 'null'

2018-08-01 09:18:45 - [MESSAGE][PASSED] - Modify property of object successfully

2018-08-01 09:18:45 - [MESSAGE][PASSED] - Modify property of object successfully

2018-08-01 09:18:45 - [MESSAGE][PASSED] - Text of object 'Object Repository/Catalog/SearchResults/CoveredAreasTab/ColumnCheckboxLabel' is: 'Accuracy Description'

2018-08-01 09:18:45 - [MESSAGE][PASSED] - Attribute 'checked' of object 'Object Repository/Catalog/SearchResults/CoveredAreasTab/ColumnCheckbox' is: 'null'

2018-08-01 09:18:45 - [MESSAGE][PASSED] - Modify property of object successfully

2018-08-01 09:18:45 - [MESSAGE][PASSED] - Modify property of object successfully

2018-08-01 09:18:45 - [MESSAGE][PASSED] - Text of object 'Object Repository/Catalog/SearchResults/CoveredAreasTab/ColumnCheckboxLabel' is: 'Point Density'

2018-08-01 09:18:45 - [MESSAGE][PASSED] - Attribute 'checked' of object 'Object Repository/Catalog/SearchResults/CoveredAreasTab/ColumnCheckbox' is: 'null'

2018-08-01 09:18:45 - [MESSAGE][PASSED] - Modify property of object successfully

2018-08-01 09:18:45 - [MESSAGE][PASSED] - Modify property of object successfully

2018-08-01 09:18:45 - [MESSAGE][PASSED] - Text of object 'Object Repository/Catalog/SearchResults/CoveredAreasTab/ColumnCheckboxLabel' is: 'Name'

2018-08-01 09:18:45 - [MESSAGE][PASSED] - Object 'Object Repository/Catalog/SearchResults/CoveredAreasTab/ColumnCheckbox' is checked

2018-08-01 09:18:45 - [MESSAGE][PASSED] - Object: 'Object Repository/Catalog/SearchResults/SearchResultsFieldsToggle_button' is clicked on

2018-08-01 09:18:45 - [MESSAGE][PASSED] - searchResults.searchResults.GetSetColumn is PASSED

2018-08-01 09:18:45 - [TEST_STEP][PASSED] - Statement - println("Index for Name = " + nameIndex.toString()): null

2018-08-01 09:18:45 - [TEST_STEP][PASSED] - Statement - println("Index for Total Number Of Points = " + totPtsIndex.toString()): null

2018-08-01 09:18:45 - [TEST_STEP][PASSED] - searchResults.searchResults.sortByName: searchResults.searchResults.sortByName is PASSED

2018-08-01 09:18:45 - [MESSAGE][PASSED] - Modify property of object successfully

2018-08-01 09:18:45 - [MESSAGE][PASSED] - Object: 'Object Repository/Catalog/SearchResults/CoveredAreasTab/ColumnSort' is clicked on

2018-08-01 09:18:45 - [MESSAGE][PASSED] - searchResults.searchResults.sortByName is PASSED

2018-08-01 09:18:45 - [TEST_STEP][PASSED] - Statement - nameIndex = nameIndex + 2: null

2018-08-01 09:18:45 - [TEST_STEP][PASSED] - searchResults.searchResults.VerifyValueInGrid: searchResults.searchResults.VerifyValueInGrid is PASSED

2018-08-01 09:18:45 - [MESSAGE][PASSED] - Modify property of object successfully

2018-08-01 09:18:46 - [MESSAGE][PASSED] - Text of object 'Object Repository/Catalog/SearchResults/CoveredAreasTab/GridValue' is: 'DavCo_AG28'

2018-08-01 09:18:46 - [MESSAGE][PASSED] - Actual text and expected text of test object 'Object Repository/Catalog/SearchResults/CoveredAreasTab/GridValue' are matched.

2018-08-01 09:18:46 - [MESSAGE][PASSED] - searchResults.searchResults.VerifyValueInGrid is PASSED

2018-08-01 09:18:46 - [TEST_STEP][PASSED] - searchResults.searchResults.sortByName: searchResults.searchResults.sortByName is PASSED

2018-08-01 09:18:46 - [MESSAGE][PASSED] - Modify property of object successfully

2018-08-01 09:18:46 - [MESSAGE][PASSED] - Object: 'Object Repository/Catalog/SearchResults/CoveredAreasTab/ColumnSort' is clicked on

2018-08-01 09:18:46 - [MESSAGE][PASSED] - searchResults.searchResults.sortByName is PASSED

2018-08-01 09:18:46 - [TEST_STEP][PASSED] - searchResults.searchResults.VerifyValueInGrid: searchResults.searchResults.VerifyValueInGrid is PASSED

2018-08-01 09:18:46 - [MESSAGE][PASSED] - Modify property of object successfully

2018-08-01 09:18:46 - [MESSAGE][PASSED] - Text of object 'Object Repository/Catalog/SearchResults/CoveredAreasTab/GridValue' is: 'DavCo_AQ03'

2018-08-01 09:18:46 - [MESSAGE][PASSED] - Actual text and expected text of test object 'Object Repository/Catalog/SearchResults/CoveredAreasTab/GridValue' are matched.

2018-08-01 09:18:46 - [MESSAGE][PASSED] - searchResults.searchResults.VerifyValueInGrid is PASSED

2018-08-01 09:18:46 - [TEST_STEP][PASSED] - searchResults.searchResults.LikeFilterOnColumn: searchResults.searchResults.LikeFilterOnColumn is PASSED

2018-08-01 09:18:46 - [MESSAGE][PASSED] - Modify property of object successfully

2018-08-01 09:18:46 - [MESSAGE][PASSED] - Object: 'Object Repository/Catalog/SearchResults/CoveredAreasTab/ColumnFilter' is clicked on

2018-08-01 09:18:46 - [MESSAGE][PASSED] - Modify property of object successfully

2018-08-01 09:18:46 - [MESSAGE][PASSED] - Text 'DavCo_AG' is set on object 'Object Repository/Grid/LikeFilter'

2018-08-01 09:18:46 - [MESSAGE][PASSED] - searchResults.searchResults.LikeFilterOnColumn is PASSED

2018-08-01 09:18:46 - [TEST_STEP][PASSED] - verifyElementText: Actual text and expected text of test object 'Object Repository/Catalog/SearchResults/SearchResultsField_Displaying' are matched.

2018-08-01 09:18:46 - [MESSAGE][PASSED] - Actual text and expected text of test object 'Object Repository/Catalog/SearchResults/SearchResultsField_Displaying' are matched.

2018-08-01 09:18:46 - [TEST_STEP][PASSED] - click: Object: 'Object Repository/Catalog/SearchResults/SearchResultsClearAllFilters_Button' is clicked on

2018-08-01 09:18:46 - [MESSAGE][PASSED] - Object: 'Object Repository/Catalog/SearchResults/SearchResultsClearAllFilters_Button' is clicked on

2018-08-01 09:18:46 - [TEST_STEP][PASSED] - verifyElementText: Actual text and expected text of test object 'Object Repository/Catalog/SearchResults/SearchResultsField_Displaying' are matched.

2018-08-01 09:18:46 - [MESSAGE][PASSED] - Actual text and expected text of test object 'Object Repository/Catalog/SearchResults/SearchResultsField_Displaying' are matched.

2018-08-01 09:18:46 - [TEST_STEP][PASSED] - searchResults.searchResults.NumericFilterOnColumn: searchResults.searchResults.NumericFilterOnColumn is PASSED

2018-08-01 09:18:46 - [MESSAGE][PASSED] - Modify property of object successfully

2018-08-01 09:18:46 - [MESSAGE][PASSED] - Object: 'Object Repository/Catalog/SearchResults/CoveredAreasTab/ColumnFilter' is clicked on

2018-08-01 09:18:46 - [MESSAGE][PASSED] - Modify property of object successfully

2018-08-01 09:18:47 - [MESSAGE][PASSED] - Text '4500000' is set on object 'Object Repository/Catalog/SearchResults/CoveredAreasTab/NumericFilter'

2018-08-01 09:18:47 - [MESSAGE][PASSED] - Modify property of object successfully

2018-08-01 09:18:47 - [MESSAGE][PASSED] - Text '4800000' is set on object 'Object Repository/Catalog/SearchResults/CoveredAreasTab/NumericFilter'

2018-08-01 09:18:47 - [MESSAGE][PASSED] - searchResults.searchResults.NumericFilterOnColumn is PASSED

2018-08-01 09:18:47 - [TEST_STEP][PASSED] - verifyElementText: Actual text and expected text of test object 'Object Repository/Catalog/SearchResults/SearchResultsField_Displaying' are matched.

2018-08-01 09:18:47 - [MESSAGE][PASSED] - Actual text and expected text of test object 'Object Repository/Catalog/SearchResults/SearchResultsField_Displaying' are matched.

2018-08-01 09:18:47 - [TEST_STEP][PASSED] - callTestCase: Call Test Case 'Test Cases/Utilities/CatalogSignOut' successfully

2018-08-01 09:18:47 - [TEST_CASE][PASSED] - Test Cases/Utilities/CatalogSignOut: Test Cases/Utilities/CatalogSignOut

2018-08-01 09:18:47 - [TEST_STEP][PASSED] - delay: Delayed 3 second(s)

2018-08-01 09:18:50 - [MESSAGE][PASSED] - Delayed 3 second(s)

2018-08-01 09:18:50 - [TEST_STEP][PASSED] - click: Object: 'Object Repository/Catalog/Main/CatalogUserAccount_Dropdown' is clicked on

2018-08-01 09:18:50 - [MESSAGE][PASSED] - Object: 'Object Repository/Catalog/Main/CatalogUserAccount_Dropdown' is clicked on

2018-08-01 09:18:50 - [TEST_STEP][PASSED] - click: Object: 'Object Repository/Catalog/Main/CatalogUserAccount_Signout' is clicked on

2018-08-01 09:18:51 - [MESSAGE][PASSED] - Object: 'Object Repository/Catalog/Main/CatalogUserAccount_Signout' is clicked on

2018-08-01 09:18:51 - [TEST_STEP][PASSED] - closeBrowser: Browser is closed

2018-08-01 09:18:51 - [MESSAGE][PASSED] - Browser is closed

2018-08-01 09:18:51 - [MESSAGE][PASSED] - Call Test Case 'Test Cases/Utilities/CatalogSignOut' successfully]]></system-out>
         <system-err><![CDATA[]]></system-err>
      </testcase>
      <testcase name="Test Cases/SmokeTest01" classname="Test Cases/SmokeTest01" status="PASSED">
         <system-out><![CDATA[2018-08-01 09:18:51 - [TEST_CASE][PASSED] - Test Cases/SmokeTest01: Test Cases/SmokeTest01

2018-08-01 09:18:51 - [TEST_STEP][PASSED] - callTestCase: Call Test Case 'Test Cases/Utilities/LogMeIn' successfully

2018-08-01 09:18:52 - [TEST_CASE][PASSED] - Test Cases/Utilities/LogMeIn: Test Cases/Utilities/LogMeIn

2018-08-01 09:18:52 - [TEST_STEP][PASSED] - Statement - envData = com.kms.katalon.core.testdata.TestDataFactory.findTestData(LoginData): Reading excel file with source file 'D:\ATPS\TestData\logins.xlsx' and sheet name 'Test1'

2018-08-01 09:18:52 - [TEST_STEP][PASSED] - Statement - rowNdx = 1: null

2018-08-01 09:18:52 - [TEST_STEP][PASSED] - Statement - If (Role == "Company Admin"): null

2018-08-01 09:18:52 - [TEST_STEP][PASSED] - Statement - Else If (Role == "User"): null

2018-08-01 09:18:52 - [TEST_STEP][PASSED] - Statement - rowNdx == 2: null

2018-08-01 09:18:52 - [TEST_STEP][PASSED] - Statement - User = envData.getValue(2, rowNdx): null

2018-08-01 09:18:52 - [TEST_STEP][PASSED] - Statement - pwd = envData.getValue(3, rowNdx): null

2018-08-01 09:18:52 - [TEST_STEP][PASSED] - Statement - ScreenShotFile = envData.getValue(4, rowNdx): null

2018-08-01 09:18:52 - [TEST_STEP][PASSED] - Statement - theSite = GeoCueCompanySite: null

2018-08-01 09:18:52 - [TEST_STEP][PASSED] - Statement - If (Company != null): null

2018-08-01 09:18:52 - [TEST_STEP][PASSED] - Statement - theSite = theSite.replace("geocue", Company): null

2018-08-01 09:18:52 - [TEST_STEP][PASSED] - openBrowser: Browser is opened with url: 'http://dev.localhost:38251'

2018-08-01 09:18:55 - [MESSAGE][PASSED] - Browser is opened with url: 'http://dev.localhost:38251'

2018-08-01 09:18:55 - [TEST_STEP][PASSED] - maximizeWindow: Current window maximized

2018-08-01 09:18:56 - [MESSAGE][PASSED] - Current window maximized

2018-08-01 09:18:56 - [TEST_STEP][PASSED] - setText: Text 'dglenn@geocue.com' is set on object 'Object Repository/Catalog/input_Email'

2018-08-01 09:18:56 - [MESSAGE][PASSED] - Text 'dglenn@geocue.com' is set on object 'Object Repository/Catalog/input_Email'

2018-08-01 09:18:56 - [TEST_STEP][PASSED] - setText: Text 'David123!' is set on object 'Object Repository/Catalog/input_Password'

2018-08-01 09:18:56 - [MESSAGE][PASSED] - Text 'David123!' is set on object 'Object Repository/Catalog/input_Password'

2018-08-01 09:18:56 - [TEST_STEP][PASSED] - click: Object: 'Object Repository/Catalog/Signin_Button' is clicked on

2018-08-01 09:19:00 - [MESSAGE][PASSED] - Object: 'Object Repository/Catalog/Signin_Button' is clicked on

2018-08-01 09:19:00 - [TEST_STEP][PASSED] - waitForElementNotPresent: Web element with id: 'Object Repository/LoadingMask' located by 'By.xpath: //div[@class='loading-mask']' is not present after '15' second(s)

2018-08-01 09:19:00 - [MESSAGE][WARNING] - Timeout '0' is invalid. Using default page load timeout: '15'

2018-08-01 09:19:04 - [MESSAGE][PASSED] - Web element with id: 'Object Repository/LoadingMask' located by 'By.xpath: //div[@class='loading-mask']' is not present after '15' second(s)

2018-08-01 09:19:04 - [TEST_STEP][PASSED] - click: Object: 'Object Repository/Cesium/canvas' is clicked on

2018-08-01 09:19:04 - [MESSAGE][PASSED] - Object: 'Object Repository/Cesium/canvas' is clicked on

2018-08-01 09:19:04 - [TEST_STEP][PASSED] - Statement - return null: null

2018-08-01 09:19:04 - [MESSAGE][PASSED] - Call Test Case 'Test Cases/Utilities/LogMeIn' successfully

2018-08-01 09:19:04 - [TEST_STEP][PASSED] - waitForElementNotPresent: Web element with id: 'Object Repository/LoadingMask' located by 'By.xpath: //div[@class='loading-mask']' is not present after '15' second(s)

2018-08-01 09:19:04 - [MESSAGE][WARNING] - Timeout '0' is invalid. Using default page load timeout: '15'

2018-08-01 09:19:04 - [MESSAGE][PASSED] - Web element with id: 'Object Repository/LoadingMask' located by 'By.xpath: //div[@class='loading-mask']' is not present after '15' second(s)

2018-08-01 09:19:04 - [TEST_STEP][PASSED] - click: Object: 'Object Repository/Cesium/canvas' is clicked on

2018-08-01 09:19:04 - [MESSAGE][PASSED] - Object: 'Object Repository/Cesium/canvas' is clicked on

2018-08-01 09:19:04 - [TEST_STEP][PASSED] - Statement - found = com.kms.katalon.core.webui.keyword.WebUiBuiltInKeywords.callTestCase(com.kms.katalon.core.testcase.TestCaseFactory.findTestCase(Utilities/NamedSearchExists), ["NamedSearch":"SmokeTest01"], STOP_ON_FAILURE): Call Test Case 'Test Cases/Utilities/NamedSearchExists' successfully

2018-08-01 09:19:04 - [TEST_CASE][PASSED] - Test Cases/Utilities/NamedSearchExists: Test Cases/Utilities/NamedSearchExists

2018-08-01 09:19:04 - [TEST_STEP][PASSED] - Statement - found = true: null

2018-08-01 09:19:04 - [TEST_STEP][PASSED] - waitForElementClickable: Object 'Object Repository/Catalog/Main/CatalogNamedSearch_Button' is clickable

2018-08-01 09:19:04 - [MESSAGE][PASSED] - Object 'Object Repository/Catalog/Main/CatalogNamedSearch_Button' is clickable

2018-08-01 09:19:04 - [TEST_STEP][PASSED] - click: Object: 'Object Repository/Catalog/Main/CatalogNamedSearch_Button' is clicked on

2018-08-01 09:19:05 - [MESSAGE][PASSED] - Object: 'Object Repository/Catalog/Main/CatalogNamedSearch_Button' is clicked on

2018-08-01 09:19:05 - [TEST_STEP][PASSED] - waitForElementNotPresent: Web element with id: 'Object Repository/LoadingMask' located by 'By.xpath: //div[@class='loading-mask']' is not present after '15' second(s)

2018-08-01 09:19:05 - [MESSAGE][WARNING] - Timeout '0' is invalid. Using default page load timeout: '15'

2018-08-01 09:19:13 - [MESSAGE][PASSED] - Web element with id: 'Object Repository/LoadingMask' located by 'By.xpath: //div[@class='loading-mask']' is not present after '15' second(s)

2018-08-01 09:19:13 - [TEST_STEP][PASSED] - Statement - Try: null

2018-08-01 09:19:13 - [TEST_STEP][PASSED] - selectOptionByLabel: All options with label 'SmokeTest01' are selected in object 'Object Repository/Catalog/NamedSearch/NamedSearch_SelectField' 

2018-08-01 09:19:13 - [MESSAGE][PASSED] - All options with label 'SmokeTest01' are selected in object 'Object Repository/Catalog/NamedSearch/NamedSearch_SelectField' 

2018-08-01 09:19:13 - [TEST_STEP][PASSED] - Statement - found = true: null

2018-08-01 09:19:13 - [TEST_STEP][PASSED] - Statement - return found: null

2018-08-01 09:19:13 - [MESSAGE][PASSED] - Call Test Case 'Test Cases/Utilities/NamedSearchExists' successfully

2018-08-01 09:19:13 - [TEST_STEP][PASSED] - Statement - If (found == true): Object: 'Object Repository/OKButton' is clicked on

2018-08-01 09:19:13 - [TEST_STEP][PASSED] - Statement - println("Named Search is found, deleting it..."): null

2018-08-01 09:19:13 - [TEST_STEP][PASSED] - click: Object: 'Object Repository/Catalog/NamedSearch/NamedSearch_DeleteButton' is clicked on

2018-08-01 09:19:13 - [MESSAGE][PASSED] - Object: 'Object Repository/Catalog/NamedSearch/NamedSearch_DeleteButton' is clicked on

2018-08-01 09:19:13 - [TEST_STEP][PASSED] - click: Object: 'Object Repository/OKButton' is clicked on

2018-08-01 09:19:13 - [MESSAGE][PASSED] - Object: 'Object Repository/OKButton' is clicked on

2018-08-01 09:19:13 - [TEST_STEP][PASSED] - delay: Delayed 3 second(s)

2018-08-01 09:19:16 - [MESSAGE][PASSED] - Delayed 3 second(s)

2018-08-01 09:19:16 - [TEST_STEP][PASSED] - click: Object: 'Object Repository/Catalog/Main/CatalogProducts_Button' is clicked on

2018-08-01 09:19:16 - [MESSAGE][PASSED] - Object: 'Object Repository/Catalog/Main/CatalogProducts_Button' is clicked on

2018-08-01 09:19:16 - [TEST_STEP][PASSED] - productSelection.productSelection.SelectChildProduct: productSelection.productSelection.SelectChildProduct is PASSED

2018-08-01 09:19:16 - [MESSAGE][PASSED] - Modify property of object successfully

2018-08-01 09:19:16 - [MESSAGE][PASSED] - Object: 'Object Repository/Catalog/ProductSelection/ChildProductSelector' is clicked on

2018-08-01 09:19:16 - [MESSAGE][PASSED] - productSelection.productSelection.SelectChildProduct is PASSED

2018-08-01 09:19:16 - [TEST_STEP][PASSED] - productAttributeFiltering.attributeFiltering.SetAttributeFilter: productAttributeFiltering.attributeFiltering.SetAttributeFilter is PASSED

2018-08-01 09:19:16 - [MESSAGE][PASSED] - Modify property of object successfully

2018-08-01 09:19:16 - [MESSAGE][PASSED] - Object: 'Object Repository/Catalog/ProductSelection/ProductFilter' is clicked on

2018-08-01 09:19:16 - [MESSAGE][PASSED] - Object 'Object Repository/Catalog/ProductSelection/AttributeFilterAddLine_Button' is clickable

2018-08-01 09:19:17 - [MESSAGE][PASSED] - Object: 'Object Repository/Catalog/ProductSelection/AttributeFilterAddLine_Button' is clicked on

2018-08-01 09:19:17 - [MESSAGE][PASSED] - Modify property of object successfully

2018-08-01 09:19:17 - [MESSAGE][PASSED] - Object 'Object Repository/Catalog/ProductSelection/AttributeFilterNextClause' is present

2018-08-01 09:19:17 - [MESSAGE][PASSED] - Modify property of object successfully

2018-08-01 09:19:18 - [MESSAGE][FAILED] - com.kms.katalon.core.webui.exception.WebElementNotFoundException: Web element with id: 'Object Repository/Catalog/ProductSelection/AttributeFilterNextClause' located by 'By.xpath: //div[@class='form-group'][2]' not found
[[ATTACHMENT|D:\\ATPS\\ESPATP\\Reports\\User\\20180801_091353\\1533133158085.png]]

2018-08-01 09:19:19 - [MESSAGE][FAILED] - Unable to verify object 'Object Repository/Catalog/ProductSelection/AttributeFilterNextClause' is present (Root cause: com.kms.katalon.core.webui.exception.WebElementNotFoundException: Web element with id: 'Object Repository/Catalog/ProductSelection/AttributeFilterNextClause' located by 'By.xpath: //div[@class='form-group'][2]' not found)
[[ATTACHMENT|D:\\ATPS\\ESPATP\\Reports\\User\\20180801_091353\\1533133158975.png]]

2018-08-01 09:19:19 - [MESSAGE][PASSED] - Modify property of object successfully

2018-08-01 09:19:19 - [MESSAGE][PASSED] - Object: 'Object Repository/Catalog/ProductSelection/AttributeFilterAttributeNameDropdown' is clicked on

2018-08-01 09:19:19 - [MESSAGE][PASSED] - Modify property of object successfully

2018-08-01 09:19:19 - [MESSAGE][PASSED] - Object: 'Object Repository/Catalog/ProductSelection/AttributeFilterOperator' is clicked on

2018-08-01 09:19:19 - [MESSAGE][PASSED] - Modify property of object successfully

2018-08-01 09:19:20 - [MESSAGE][PASSED] - Text '06/01/2017' is set on object 'Object Repository/Catalog/ProductSelection/AttributeFilterDateValue_Field'

2018-08-01 09:19:20 - [MESSAGE][PASSED] - Object: 'Object Repository/Catalog/ProductSelection/AttributeFilterOK_Button' is clicked on

2018-08-01 09:19:20 - [MESSAGE][PASSED] - productAttributeFiltering.attributeFiltering.SetAttributeFilter is PASSED

2018-08-01 09:19:20 - [TEST_STEP][PASSED] - click: Object: 'Object Repository/Catalog/ProductSelection/ProductSelection_OK' is clicked on

2018-08-01 09:19:20 - [MESSAGE][PASSED] - Object: 'Object Repository/Catalog/ProductSelection/ProductSelection_OK' is clicked on

2018-08-01 09:19:20 - [TEST_STEP][PASSED] - click: Object: 'Object Repository/Catalog/Main/CatalogAOIImport_Button' is clicked on

2018-08-01 09:19:20 - [MESSAGE][PASSED] - Object: 'Object Repository/Catalog/Main/CatalogAOIImport_Button' is clicked on

2018-08-01 09:19:20 - [TEST_STEP][PASSED] - sendKeys: Keys '\\diskstation1\Data\Rob_MUSES\Shapefile_test_datasets\rob_coloradio.shp_file_lp360.zip' sent to object: 'Object Repository/Catalog/AOI/AOIFIlePath_Field'

2018-08-01 09:19:20 - [MESSAGE][PASSED] - Keys '\\diskstation1\Data\Rob_MUSES\Shapefile_test_datasets\rob_coloradio.shp_file_lp360.zip' sent to object: 'Object Repository/Catalog/AOI/AOIFIlePath_Field'

2018-08-01 09:19:20 - [TEST_STEP][PASSED] - click: Object: 'Object Repository/Catalog/AOI/AOIExecutetheImport_button' is clicked on

2018-08-01 09:19:20 - [MESSAGE][PASSED] - Object: 'Object Repository/Catalog/AOI/AOIExecutetheImport_button' is clicked on

2018-08-01 09:19:20 - [TEST_STEP][PASSED] - waitForElementVisible: Object 'Object Repository/Catalog/SearchResults/SearchResults_Grid' is visible

2018-08-01 09:19:20 - [MESSAGE][WARNING] - Timeout '0' is invalid. Using default page load timeout: '15'

2018-08-01 09:19:22 - [MESSAGE][PASSED] - Object 'Object Repository/Catalog/SearchResults/SearchResults_Grid' is visible

2018-08-01 09:19:22 - [TEST_STEP][PASSED] - click: Object: 'Object Repository/Catalog/Histograms/HistogramShowHideFilters_button' is clicked on

2018-08-01 09:19:23 - [MESSAGE][PASSED] - Object: 'Object Repository/Catalog/Histograms/HistogramShowHideFilters_button' is clicked on

2018-08-01 09:19:23 - [TEST_STEP][PASSED] - waitForElementClickable: Object 'Object Repository/Catalog/Histograms/HistogramFiltersList_Button' is clickable

2018-08-01 09:19:23 - [MESSAGE][WARNING] - Timeout '0' is invalid. Using default page load timeout: '15'

2018-08-01 09:19:23 - [MESSAGE][PASSED] - Object 'Object Repository/Catalog/Histograms/HistogramFiltersList_Button' is clickable

2018-08-01 09:19:23 - [TEST_STEP][PASSED] - click: Object: 'Object Repository/Catalog/Histograms/HistogramFiltersList_Button' is clicked on

2018-08-01 09:19:23 - [MESSAGE][PASSED] - Object: 'Object Repository/Catalog/Histograms/HistogramFiltersList_Button' is clicked on

2018-08-01 09:19:23 - [TEST_STEP][PASSED] - check: Object 'Object Repository/Catalog/Histograms/HistogramCloudCoverageFull_CheckBox' is checked

2018-08-01 09:19:24 - [MESSAGE][PASSED] - Object 'Object Repository/Catalog/Histograms/HistogramCloudCoverageFull_CheckBox' is checked

2018-08-01 09:19:24 - [TEST_STEP][PASSED] - check: Object 'Object Repository/Catalog/Histograms/HistogramSunElevation_CheckBox' is checked

2018-08-01 09:19:24 - [MESSAGE][PASSED] - Object 'Object Repository/Catalog/Histograms/HistogramSunElevation_CheckBox' is checked

2018-08-01 09:19:24 - [TEST_STEP][PASSED] - click: Object: 'Object Repository/OKButton' is clicked on

2018-08-01 09:19:24 - [MESSAGE][PASSED] - Object: 'Object Repository/OKButton' is clicked on

2018-08-01 09:19:24 - [TEST_STEP][PASSED] - delay: Delayed 5 second(s)

2018-08-01 09:19:29 - [MESSAGE][PASSED] - Delayed 5 second(s)

2018-08-01 09:19:29 - [TEST_STEP][PASSED] - click: Object: 'Object Repository/Catalog/Histograms/HistogramSunElevation_button' is clicked on

2018-08-01 09:19:29 - [MESSAGE][PASSED] - Object: 'Object Repository/Catalog/Histograms/HistogramSunElevation_button' is clicked on

2018-08-01 09:19:29 - [TEST_STEP][PASSED] - setText: Text '60' is set on object 'Object Repository/Catalog/Histograms/HistogramOpenFilterFirstValue_input'

2018-08-01 09:19:29 - [MESSAGE][PASSED] - Text '60' is set on object 'Object Repository/Catalog/Histograms/HistogramOpenFilterFirstValue_input'

2018-08-01 09:19:29 - [TEST_STEP][PASSED] - setText: Text '70' is set on object 'Object Repository/Catalog/Histograms/HistogramOpenFilterSecondvalue_Field'

2018-08-01 09:19:29 - [MESSAGE][PASSED] - Text '70' is set on object 'Object Repository/Catalog/Histograms/HistogramOpenFilterSecondvalue_Field'

2018-08-01 09:19:29 - [TEST_STEP][PASSED] - click: Object: 'Object Repository/OKButton' is clicked on

2018-08-01 09:19:30 - [MESSAGE][PASSED] - Object: 'Object Repository/OKButton' is clicked on

2018-08-01 09:19:30 - [TEST_STEP][PASSED] - waitForElementClickable: Object 'Object Repository/Catalog/Main/CatalogSaveNamedSearch_Button' is clickable

2018-08-01 09:19:30 - [MESSAGE][PASSED] - Object 'Object Repository/Catalog/Main/CatalogSaveNamedSearch_Button' is clickable

2018-08-01 09:19:30 - [TEST_STEP][PASSED] - click: Object: 'Object Repository/Catalog/Main/CatalogSaveNamedSearch_Button' is clicked on

2018-08-01 09:19:30 - [MESSAGE][PASSED] - Object: 'Object Repository/Catalog/Main/CatalogSaveNamedSearch_Button' is clicked on

2018-08-01 09:19:30 - [TEST_STEP][PASSED] - setText: Text 'SmokeTest01' is set on object 'Object Repository/Catalog/NamedSearch/NamedSearchSaveName_Field'

2018-08-01 09:19:30 - [MESSAGE][PASSED] - Text 'SmokeTest01' is set on object 'Object Repository/Catalog/NamedSearch/NamedSearchSaveName_Field'

2018-08-01 09:19:30 - [TEST_STEP][PASSED] - click: Object: 'Object Repository/Catalog/NamedSearch/SaveNamedSearchSave_Button' is clicked on

2018-08-01 09:19:30 - [MESSAGE][PASSED] - Object: 'Object Repository/Catalog/NamedSearch/SaveNamedSearchSave_Button' is clicked on

2018-08-01 09:19:30 - [TEST_STEP][PASSED] - waitForElementNotPresent: Web element with id: 'Object Repository/LoadingMask' located by 'By.xpath: //div[@class='loading-mask']' is not present after '15' second(s)

2018-08-01 09:19:30 - [MESSAGE][WARNING] - Timeout '0' is invalid. Using default page load timeout: '15'

2018-08-01 09:19:32 - [MESSAGE][PASSED] - Web element with id: 'Object Repository/LoadingMask' located by 'By.xpath: //div[@class='loading-mask']' is not present after '15' second(s)

2018-08-01 09:19:32 - [TEST_STEP][PASSED] - click: Object: 'Object Repository/Catalog/SearchResults/SearchResults_SelectFirstRow' is clicked on

2018-08-01 09:19:32 - [MESSAGE][PASSED] - Object: 'Object Repository/Catalog/SearchResults/SearchResults_SelectFirstRow' is clicked on

2018-08-01 09:19:32 - [TEST_STEP][PASSED] - click: Object: 'Object Repository/Catalog/SearchResults/SearchResultsAddSelectedToCart_Button' is clicked on

2018-08-01 09:19:32 - [MESSAGE][PASSED] - Object: 'Object Repository/Catalog/SearchResults/SearchResultsAddSelectedToCart_Button' is clicked on

2018-08-01 09:19:32 - [TEST_STEP][PASSED] - click: Object: 'Object Repository/Catalog/OrderCart/OrderCart_Button' is clicked on

2018-08-01 09:19:33 - [MESSAGE][PASSED] - Object: 'Object Repository/Catalog/OrderCart/OrderCart_Button' is clicked on

2018-08-01 09:19:33 - [TEST_STEP][PASSED] - click: Object: 'Object Repository/Catalog/OrderCart/OrderCartCheckout_Button' is clicked on

2018-08-01 09:19:33 - [MESSAGE][PASSED] - Object: 'Object Repository/Catalog/OrderCart/OrderCartCheckout_Button' is clicked on

2018-08-01 09:19:33 - [TEST_STEP][PASSED] - Statement - date = new java.util.Date(): null

2018-08-01 09:19:33 - [TEST_STEP][PASSED] - Statement - sdf = new java.text.SimpleDateFormat(yyyy-MM-dd HH:mm:ss): null

2018-08-01 09:19:33 - [TEST_STEP][PASSED] - Statement - aDate = sdf.format(new java.util.Date()): null

2018-08-01 09:19:33 - [TEST_STEP][PASSED] - Statement - OName = "ATPSmokeTestOrder" + aDate: null

2018-08-01 09:19:33 - [TEST_STEP][PASSED] - setText: Text 'ATPSmokeTestOrder2018-08-01 09:19:33' is set on object 'Object Repository/Catalog/OrderCart/OrderCartOrderName_Field'

2018-08-01 09:19:33 - [MESSAGE][PASSED] - Text 'ATPSmokeTestOrder2018-08-01 09:19:33' is set on object 'Object Repository/Catalog/OrderCart/OrderCartOrderName_Field'

2018-08-01 09:19:33 - [TEST_STEP][PASSED] - setText: Text 'ATPSmokeTestOrder2018-08-01 09:19:33' is set on object 'Object Repository/Catalog/OrderCart/OrderCartOrderDescription_Field'

2018-08-01 09:19:34 - [MESSAGE][PASSED] - Text 'ATPSmokeTestOrder2018-08-01 09:19:33' is set on object 'Object Repository/Catalog/OrderCart/OrderCartOrderDescription_Field'

2018-08-01 09:19:34 - [TEST_STEP][PASSED] - click: Object: 'Object Repository/Catalog/OrderCart/OrderCartPreviewOrder_Button' is clicked on

2018-08-01 09:19:34 - [MESSAGE][PASSED] - Object: 'Object Repository/Catalog/OrderCart/OrderCartPreviewOrder_Button' is clicked on

2018-08-01 09:19:34 - [TEST_STEP][PASSED] - click: Object: 'Object Repository/Catalog/OrderCart/OrderCartPlaceOrder_Button' is clicked on

2018-08-01 09:19:34 - [MESSAGE][PASSED] - Object: 'Object Repository/Catalog/OrderCart/OrderCartPlaceOrder_Button' is clicked on

2018-08-01 09:19:34 - [TEST_STEP][PASSED] - waitForElementNotPresent: Web element with id: 'Object Repository/LoadingMask' located by 'By.xpath: //div[@class='loading-mask']' is not present after '15' second(s)

2018-08-01 09:19:34 - [MESSAGE][WARNING] - Timeout '0' is invalid. Using default page load timeout: '15'

2018-08-01 09:19:37 - [MESSAGE][PASSED] - Web element with id: 'Object Repository/LoadingMask' located by 'By.xpath: //div[@class='loading-mask']' is not present after '15' second(s)

2018-08-01 09:19:37 - [TEST_STEP][PASSED] - click: Object: 'Object Repository/OKButton' is clicked on

2018-08-01 09:19:38 - [MESSAGE][PASSED] - Object: 'Object Repository/OKButton' is clicked on

2018-08-01 09:19:38 - [TEST_STEP][PASSED] - callTestCase: Call Test Case 'Test Cases/Utilities/CatalogSignOut' successfully

2018-08-01 09:19:38 - [TEST_CASE][PASSED] - Test Cases/Utilities/CatalogSignOut: Test Cases/Utilities/CatalogSignOut

2018-08-01 09:19:38 - [TEST_STEP][PASSED] - delay: Delayed 3 second(s)

2018-08-01 09:19:41 - [MESSAGE][PASSED] - Delayed 3 second(s)

2018-08-01 09:19:41 - [TEST_STEP][PASSED] - click: Object: 'Object Repository/Catalog/Main/CatalogUserAccount_Dropdown' is clicked on

2018-08-01 09:19:41 - [MESSAGE][PASSED] - Object: 'Object Repository/Catalog/Main/CatalogUserAccount_Dropdown' is clicked on

2018-08-01 09:19:41 - [TEST_STEP][PASSED] - click: Object: 'Object Repository/Catalog/Main/CatalogUserAccount_Signout' is clicked on

2018-08-01 09:19:41 - [MESSAGE][PASSED] - Object: 'Object Repository/Catalog/Main/CatalogUserAccount_Signout' is clicked on

2018-08-01 09:19:41 - [TEST_STEP][PASSED] - closeBrowser: Browser is closed

2018-08-01 09:19:42 - [MESSAGE][PASSED] - Browser is closed

2018-08-01 09:19:42 - [MESSAGE][PASSED] - Call Test Case 'Test Cases/Utilities/CatalogSignOut' successfully]]></system-out>
         <system-err><![CDATA[]]></system-err>
      </testcase>
      <system-out><![CDATA[2018-08-01 09:13:59 - [TEST_SUITE][FAILED] - User: Test Cases/LidarandOrthosOrder FAILED because (of) Unable to click on object 'Object Repository/Catalog/SearchResults/SearchResults_SelectAll' (Root cause: org.openqa.selenium.WebDriverException: unknown error: Element <input type="checkbox" value="on"> is not clickable at point (815, 470). Other element would receive the click: <div role="dialog" tabindex="-1" class="fade in modal" style="display: block;">...</div>
  (Session info: chrome=67.0.3396.99)
  (Driver info: chromedriver=2.35.528161 (5b82f2d2aae0ca24b877009200ced9065a772e73),platform=Windows NT 10.0.17134 x86_64) (WARNING: The server did not provide any stacktrace information)
Command duration or timeout: 0 milliseconds
Build info: version: '3.7.1', revision: '8a0099a', time: '2017-11-06T21:07:36.161Z'
System info: host: 'MUSES-DAVID', ip: '192.168.56.1', os.name: 'Windows 10', os.arch: 'amd64', os.version: '10.0', java.version: '1.8.0_102'
Driver info: com.kms.katalon.selenium.driver.CChromeDriver
Capabilities {acceptInsecureCerts: false, acceptSslCerts: false, applicationCacheEnabled: false, browserConnectionEnabled: false, browserName: chrome, chrome: {chromedriverVersion: 2.35.528161 (5b82f2d2aae0ca..., userDataDir: C:\Users\DGlenn\AppData\Loc...}, cssSelectorsEnabled: true, databaseEnabled: false, handlesAlerts: true, hasTouchScreen: false, javascriptEnabled: true, locationContextEnabled: true, mobileEmulationEnabled: false, nativeEvents: true, networkConnectionEnabled: false, pageLoadStrategy: normal, platform: XP, platformName: XP, rotatable: false, setWindowRect: true, takesHeapSnapshot: true, takesScreenshot: true, unexpectedAlertBehaviour: , unhandledPromptBehavior: , version: 67.0.3396.99, webStorageEnabled: true}
Session ID: f40b3f3a8696b9d6fc8e3c750ddba4c8)]]></system-out>
      <system-err><![CDATA[2018-08-01 09:13:59 - [TEST_SUITE][FAILED] - User: Test Cases/LidarandOrthosOrder FAILED because (of) Unable to click on object 'Object Repository/Catalog/SearchResults/SearchResults_SelectAll' (Root cause: org.openqa.selenium.WebDriverException: unknown error: Element <input type="checkbox" value="on"> is not clickable at point (815, 470). Other element would receive the click: <div role="dialog" tabindex="-1" class="fade in modal" style="display: block;">...</div>
  (Session info: chrome=67.0.3396.99)
  (Driver info: chromedriver=2.35.528161 (5b82f2d2aae0ca24b877009200ced9065a772e73),platform=Windows NT 10.0.17134 x86_64) (WARNING: The server did not provide any stacktrace information)
Command duration or timeout: 0 milliseconds
Build info: version: '3.7.1', revision: '8a0099a', time: '2017-11-06T21:07:36.161Z'
System info: host: 'MUSES-DAVID', ip: '192.168.56.1', os.name: 'Windows 10', os.arch: 'amd64', os.version: '10.0', java.version: '1.8.0_102'
Driver info: com.kms.katalon.selenium.driver.CChromeDriver
Capabilities {acceptInsecureCerts: false, acceptSslCerts: false, applicationCacheEnabled: false, browserConnectionEnabled: false, browserName: chrome, chrome: {chromedriverVersion: 2.35.528161 (5b82f2d2aae0ca..., userDataDir: C:\Users\DGlenn\AppData\Loc...}, cssSelectorsEnabled: true, databaseEnabled: false, handlesAlerts: true, hasTouchScreen: false, javascriptEnabled: true, locationContextEnabled: true, mobileEmulationEnabled: false, nativeEvents: true, networkConnectionEnabled: false, pageLoadStrategy: normal, platform: XP, platformName: XP, rotatable: false, setWindowRect: true, takesHeapSnapshot: true, takesScreenshot: true, unexpectedAlertBehaviour: , unhandledPromptBehavior: , version: 67.0.3396.99, webStorageEnabled: true}
Session ID: f40b3f3a8696b9d6fc8e3c750ddba4c8)]]></system-err>
   </testsuite>
</testsuites>
